[ 2017-04-06T09:25:57+08:00 ] 121.239.192.251 /lpcs/WxpayAPI_php_v3/jsapi.php
INFO: [ app_init ] --START--
INFO: Run Behavior\BuildLiteBehavior [ RunTime:0.000015s ]
INFO: [ app_init ] --END-- [ RunTime:0.000335s ]
ERR: 无法加载模块:WxpayAPI_php_v3

[ 2017-04-06T09:31:48+08:00 ] 121.239.192.251 /lpcs/js/maps/swiper.min.js.map
INFO: [ app_init ] --START--
INFO: Run Behavior\BuildLiteBehavior [ RunTime:0.000015s ]
INFO: [ app_init ] --END-- [ RunTime:0.000335s ]
ERR: 无法加载模块:Js

[ 2017-04-06T09:31:50+08:00 ] 121.239.192.251 /lpcs/js/maps/swiper.min.js.map
INFO: [ app_init ] --START--
INFO: Run Behavior\BuildLiteBehavior [ RunTime:0.000013s ]
INFO: [ app_init ] --END-- [ RunTime:0.000303s ]
ERR: 无法加载模块:Js

[ 2017-04-06T09:32:57+08:00 ] 121.239.192.251 /lpcs/js/maps/swiper.min.js.map
INFO: [ app_init ] --START--
INFO: Run Behavior\BuildLiteBehavior [ RunTime:0.000015s ]
INFO: [ app_init ] --END-- [ RunTime:0.000332s ]
ERR: 无法加载模块:Js

[ 2017-04-06T09:36:40+08:00 ] 121.239.192.251 /lpcs/js/maps/swiper.min.js.map
INFO: [ app_init ] --START--
INFO: Run Behavior\BuildLiteBehavior [ RunTime:0.000014s ]
INFO: [ app_init ] --END-- [ RunTime:0.000361s ]
ERR: 无法加载模块:Js

[ 2017-04-06T09:37:35+08:00 ] 121.239.192.251 /lpcs/js/maps/swiper.min.js.map
INFO: [ app_init ] --START--
INFO: Run Behavior\BuildLiteBehavior [ RunTime:0.000020s ]
INFO: [ app_init ] --END-- [ RunTime:0.000371s ]
ERR: 无法加载模块:Js

[ 2017-04-06T09:38:59+08:00 ] 121.239.192.251 /lpcs/js/maps/swiper.min.js.map
INFO: [ app_init ] --START--
INFO: Run Behavior\BuildLiteBehavior [ RunTime:0.000013s ]
INFO: [ app_init ] --END-- [ RunTime:0.000323s ]
ERR: 无法加载模块:Js

[ 2017-04-06T09:39:10+08:00 ] 121.239.192.251 /lpcs/js/maps/swiper.min.js.map
INFO: [ app_init ] --START--
INFO: Run Behavior\BuildLiteBehavior [ RunTime:0.000020s ]
INFO: [ app_init ] --END-- [ RunTime:0.000377s ]
ERR: 无法加载模块:Js

[ 2017-04-06T09:48:59+08:00 ] 121.239.192.251 /lpcs/js/maps/swiper.min.js.map
INFO: [ app_init ] --START--
INFO: Run Behavior\BuildLiteBehavior [ RunTime:0.000013s ]
INFO: [ app_init ] --END-- [ RunTime:0.000324s ]
ERR: 无法加载模块:Js

[ 2017-04-06T09:50:20+08:00 ] 58.209.97.55 /lpcs/js/maps/swiper.min.js.map
INFO: [ app_init ] --START--
INFO: Run Behavior\BuildLiteBehavior [ RunTime:0.000013s ]
INFO: [ app_init ] --END-- [ RunTime:0.000333s ]
ERR: 无法加载模块:Js

[ 2017-04-06T09:51:15+08:00 ] 58.209.97.55 /lpcs/js/maps/swiper.min.js.map
INFO: [ app_init ] --START--
INFO: Run Behavior\BuildLiteBehavior [ RunTime:0.000015s ]
INFO: [ app_init ] --END-- [ RunTime:0.000351s ]
ERR: 无法加载模块:Js

[ 2017-04-06T10:03:24+08:00 ] 58.209.97.55 /lpcs/js/maps/swiper.min.js.map
INFO: [ app_init ] --START--
INFO: Run Behavior\BuildLiteBehavior [ RunTime:0.000014s ]
INFO: [ app_init ] --END-- [ RunTime:0.000358s ]
ERR: 无法加载模块:Js

[ 2017-04-06T10:48:42+08:00 ] 58.209.97.55 /lpcs/js/maps/swiper.min.js.map
INFO: [ app_init ] --START--
INFO: Run Behavior\BuildLiteBehavior [ RunTime:0.000015s ]
INFO: [ app_init ] --END-- [ RunTime:0.000325s ]
ERR: 无法加载模块:Js

[ 2017-04-06T10:48:48+08:00 ] 58.209.97.55 /lpcs/js/maps/swiper.min.js.map
INFO: [ app_init ] --START--
INFO: Run Behavior\BuildLiteBehavior [ RunTime:0.000013s ]
INFO: [ app_init ] --END-- [ RunTime:0.000315s ]
ERR: 无法加载模块:Js

[ 2017-04-06T10:56:12+08:00 ] 58.209.97.55 /lpcs/js/maps/swiper.min.js.map
INFO: [ app_init ] --START--
INFO: Run Behavior\BuildLiteBehavior [ RunTime:0.000016s ]
INFO: [ app_init ] --END-- [ RunTime:0.000351s ]
ERR: 无法加载模块:Js

[ 2017-04-06T11:19:39+08:00 ] 58.209.97.55 /lpcs/js/maps/swiper.min.js.map
INFO: [ app_init ] --START--
INFO: Run Behavior\BuildLiteBehavior [ RunTime:0.000015s ]
INFO: [ app_init ] --END-- [ RunTime:0.000342s ]
ERR: 无法加载模块:Js

[ 2017-04-06T11:19:42+08:00 ] 58.209.97.55 /lpcs/js/maps/swiper.min.js.map
INFO: [ app_init ] --START--
INFO: Run Behavior\BuildLiteBehavior [ RunTime:0.000016s ]
INFO: [ app_init ] --END-- [ RunTime:0.000373s ]
ERR: 无法加载模块:Js

[ 2017-04-06T11:19:53+08:00 ] 58.209.97.55 /lpcs/js/maps/swiper.min.js.map
INFO: [ app_init ] --START--
INFO: Run Behavior\BuildLiteBehavior [ RunTime:0.000013s ]
INFO: [ app_init ] --END-- [ RunTime:0.000313s ]
ERR: 无法加载模块:Js

[ 2017-04-06T11:21:26+08:00 ] 58.209.97.55 /lpcs/js/maps/swiper.min.js.map
INFO: [ app_init ] --START--
INFO: Run Behavior\BuildLiteBehavior [ RunTime:0.000018s ]
INFO: [ app_init ] --END-- [ RunTime:0.000448s ]
ERR: 无法加载模块:Js

[ 2017-04-06T11:21:30+08:00 ] 58.209.97.55 /lpcs/js/maps/swiper.min.js.map
INFO: [ app_init ] --START--
INFO: Run Behavior\BuildLiteBehavior [ RunTime:0.000017s ]
INFO: [ app_init ] --END-- [ RunTime:0.000365s ]
ERR: 无法加载模块:Js

[ 2017-04-06T11:28:43+08:00 ] 58.209.97.55 /lpcs/js/maps/swiper.min.js.map
INFO: [ app_init ] --START--
INFO: Run Behavior\BuildLiteBehavior [ RunTime:0.000015s ]
INFO: [ app_init ] --END-- [ RunTime:0.000356s ]
ERR: 无法加载模块:Js

[ 2017-04-06T11:47:47+08:00 ] 58.209.97.55 /lpcs/js/maps/swiper.min.js.map
INFO: [ app_init ] --START--
INFO: Run Behavior\BuildLiteBehavior [ RunTime:0.000015s ]
INFO: [ app_init ] --END-- [ RunTime:0.000362s ]
ERR: 无法加载模块:Js

[ 2017-04-06T12:58:22+08:00 ] 180.163.2.118 /lpcs/order.php
INFO: [ app_init ] --START--
INFO: Run Behavior\BuildLiteBehavior [ RunTime:0.000021s ]
INFO: [ app_init ] --END-- [ RunTime:0.000446s ]
ERR: 无法加载模块:Order

[ 2017-04-06T13:07:02+08:00 ] 58.209.97.55 /lpcs/__PUBLIC__/image/kuw9n_ieydozrthbrgmnddmiytambqgiyde_221x53.png
INFO: [ app_init ] --START--
INFO: Run Behavior\BuildLiteBehavior [ RunTime:0.000014s ]
INFO: [ app_init ] --END-- [ RunTime:0.000328s ]
ERR: 无法加载模块:__PUBLIC__

[ 2017-04-06T13:07:02+08:00 ] 58.209.97.55 /lpcs/__PUBLIC__/css/style.css
INFO: [ app_init ] --START--
INFO: Run Behavior\BuildLiteBehavior [ RunTime:0.000013s ]
INFO: [ app_init ] --END-- [ RunTime:0.000342s ]
ERR: 无法加载模块:__PUBLIC__

[ 2017-04-06T13:07:02+08:00 ] 58.209.97.55 /lpcs/__PUBLIC__/image/11c053_iezdamrqgeytinrwgezdambqmmyde_785x500.jpg
INFO: [ app_init ] --START--
INFO: Run Behavior\BuildLiteBehavior [ RunTime:0.000015s ]
INFO: [ app_init ] --END-- [ RunTime:0.000330s ]
ERR: 无法加载模块:__PUBLIC__

[ 2017-04-06T13:07:02+08:00 ] 58.209.97.55 /lpcs/__PUBLIC__/image/u3zuc_ieztenlcg4ztcnzwgezdambqgyyde_300x200.png
INFO: [ app_init ] --START--
INFO: Run Behavior\BuildLiteBehavior [ RunTime:0.000014s ]
INFO: [ app_init ] --END-- [ RunTime:0.000368s ]
ERR: 无法加载模块:__PUBLIC__

[ 2017-04-06T13:07:02+08:00 ] 58.209.97.55 /lpcs/__PUBLIC__/image/abftk_ieytcyzshbtgmnjwgezdambqmeyde_174x249.jpg
INFO: [ app_init ] --START--
INFO: Run Behavior\BuildLiteBehavior [ RunTime:0.000015s ]
INFO: [ app_init ] --END-- [ RunTime:0.000335s ]
ERR: 无法加载模块:__PUBLIC__

[ 2017-04-06T13:07:02+08:00 ] 58.209.97.55 /lpcs/__PUBLIC__/image/abftk_ie2tsyrqgztgmnjwgezdambqhayde_174x249.jpg
INFO: [ app_init ] --START--
INFO: Run Behavior\BuildLiteBehavior [ RunTime:0.000015s ]
INFO: [ app_init ] --END-- [ RunTime:0.000318s ]
ERR: 无法加载模块:__PUBLIC__

[ 2017-04-06T13:07:02+08:00 ] 58.209.97.55 /lpcs/__PUBLIC__/image/1kfkmh_ie2gmmtgga4tenzwgezdambqgiyde_300x200.png
INFO: [ app_init ] --START--
INFO: Run Behavior\BuildLiteBehavior [ RunTime:0.000015s ]
INFO: [ app_init ] --END-- [ RunTime:0.000356s ]
ERR: 无法加载模块:__PUBLIC__

[ 2017-04-06T13:07:02+08:00 ] 58.209.97.55 /lpcs/__PUBLIC__/image/1gf1o7_ie2wcmzxmrstqnjwgezdambqhayde_300x200.png
INFO: [ app_init ] --START--
INFO: Run Behavior\BuildLiteBehavior [ RunTime:0.000014s ]
INFO: [ app_init ] --END-- [ RunTime:0.000360s ]
ERR: 无法加载模块:__PUBLIC__

[ 2017-04-06T13:07:02+08:00 ] 58.209.97.55 /lpcs/__PUBLIC__/image/1ieg2b_ie2dqnjvmmywmzjqgazdambqgiyde_1000x1500.jpg
INFO: [ app_init ] --START--
INFO: Run Behavior\BuildLiteBehavior [ RunTime:0.000016s ]
INFO: [ app_init ] --END-- [ RunTime:0.000393s ]
ERR: 无法加载模块:__PUBLIC__

[ 2017-04-06T13:07:02+08:00 ] 58.209.97.55 /lpcs/__PUBLIC__/image/11c053_ie2tqzjwgjqtcnrwgezdambqhayde_300x200.png
INFO: [ app_init ] --START--
INFO: Run Behavior\BuildLiteBehavior [ RunTime:0.000014s ]
INFO: [ app_init ] --END-- [ RunTime:0.000364s ]
ERR: 无法加载模块:__PUBLIC__

[ 2017-04-06T13:08:09+08:00 ] 58.209.97.55 /lpcs/__PUBLIC__/css/style.css
INFO: [ app_init ] --START--
INFO: Run Behavior\BuildLiteBehavior [ RunTime:0.000015s ]
INFO: [ app_init ] --END-- [ RunTime:0.000365s ]
ERR: 无法加载模块:__PUBLIC__

[ 2017-04-06T13:08:09+08:00 ] 58.209.97.55 /lpcs/__PUBLIC__/image/kuw9n_ieydozrthbrgmnddmiytambqgiyde_221x53.png
INFO: [ app_init ] --START--
INFO: Run Behavior\BuildLiteBehavior [ RunTime:0.000013s ]
INFO: [ app_init ] --END-- [ RunTime:0.000340s ]
ERR: 无法加载模块:__PUBLIC__

[ 2017-04-06T13:08:09+08:00 ] 58.209.97.55 /lpcs/__PUBLIC__/image/u3zuc_ieztenlcg4ztcnzwgezdambqgyyde_300x200.png
INFO: [ app_init ] --START--
INFO: Run Behavior\BuildLiteBehavior [ RunTime:0.000015s ]
INFO: [ app_init ] --END-- [ RunTime:0.000335s ]
ERR: 无法加载模块:__PUBLIC__

[ 2017-04-06T13:08:09+08:00 ] 58.209.97.55 /lpcs/__PUBLIC__/image/1gf1o7_ie2wcmzxmrstqnjwgezdambqhayde_300x200.png
INFO: [ app_init ] --START--
INFO: Run Behavior\BuildLiteBehavior [ RunTime:0.000014s ]
INFO: [ app_init ] --END-- [ RunTime:0.000340s ]
ERR: 无法加载模块:__PUBLIC__

[ 2017-04-06T13:08:09+08:00 ] 58.209.97.55 /lpcs/__PUBLIC__/image/abftk_ie2tsyrqgztgmnjwgezdambqhayde_174x249.jpg
INFO: [ app_init ] --START--
INFO: Run Behavior\BuildLiteBehavior [ RunTime:0.000014s ]
INFO: [ app_init ] --END-- [ RunTime:0.000320s ]
ERR: 无法加载模块:__PUBLIC__

[ 2017-04-06T13:08:09+08:00 ] 58.209.97.55 /lpcs/__PUBLIC__/image/1kfkmh_ie2gmmtgga4tenzwgezdambqgiyde_300x200.png
INFO: [ app_init ] --START--
INFO: Run Behavior\BuildLiteBehavior [ RunTime:0.000014s ]
INFO: [ app_init ] --END-- [ RunTime:0.000370s ]
ERR: 无法加载模块:__PUBLIC__

[ 2017-04-06T13:08:09+08:00 ] 58.209.97.55 /lpcs/__PUBLIC__/image/abftk_ieytcyzshbtgmnjwgezdambqmeyde_174x249.jpg
INFO: [ app_init ] --START--
INFO: Run Behavior\BuildLiteBehavior [ RunTime:0.000014s ]
INFO: [ app_init ] --END-- [ RunTime:0.000338s ]
ERR: 无法加载模块:__PUBLIC__

[ 2017-04-06T13:08:09+08:00 ] 58.209.97.55 /lpcs/__PUBLIC__/image/11c053_iezdamrqgeytinrwgezdambqmmyde_785x500.jpg
INFO: [ app_init ] --START--
INFO: Run Behavior\BuildLiteBehavior [ RunTime:0.000014s ]
INFO: [ app_init ] --END-- [ RunTime:0.000338s ]
ERR: 无法加载模块:__PUBLIC__

[ 2017-04-06T13:08:09+08:00 ] 58.209.97.55 /lpcs/__PUBLIC__/image/11c053_ie2tqzjwgjqtcnrwgezdambqhayde_300x200.png
INFO: [ app_init ] --START--
INFO: Run Behavior\BuildLiteBehavior [ RunTime:0.000015s ]
INFO: [ app_init ] --END-- [ RunTime:0.000366s ]
ERR: 无法加载模块:__PUBLIC__

[ 2017-04-06T13:08:09+08:00 ] 58.209.97.55 /lpcs/__PUBLIC__/image/1ieg2b_ie2dqnjvmmywmzjqgazdambqgiyde_1000x1500.jpg
INFO: [ app_init ] --START--
INFO: Run Behavior\BuildLiteBehavior [ RunTime:0.000018s ]
INFO: [ app_init ] --END-- [ RunTime:0.000334s ]
ERR: 无法加载模块:__PUBLIC__

[ 2017-04-06T13:08:11+08:00 ] 58.209.97.55 /lpcs/__PUBLIC__/css/style.css
INFO: [ app_init ] --START--
INFO: Run Behavior\BuildLiteBehavior [ RunTime:0.000014s ]
INFO: [ app_init ] --END-- [ RunTime:0.000326s ]
ERR: 无法加载模块:__PUBLIC__

[ 2017-04-06T13:08:11+08:00 ] 58.209.97.55 /lpcs/__PUBLIC__/image/kuw9n_ieydozrthbrgmnddmiytambqgiyde_221x53.png
INFO: [ app_init ] --START--
INFO: Run Behavior\BuildLiteBehavior [ RunTime:0.000015s ]
INFO: [ app_init ] --END-- [ RunTime:0.000454s ]
ERR: 无法加载模块:__PUBLIC__

[ 2017-04-06T13:08:11+08:00 ] 58.209.97.55 /lpcs/__PUBLIC__/image/abftk_ieytcyzshbtgmnjwgezdambqmeyde_174x249.jpg
INFO: [ app_init ] --START--
INFO: Run Behavior\BuildLiteBehavior [ RunTime:0.000015s ]
INFO: [ app_init ] --END-- [ RunTime:0.000332s ]
ERR: 无法加载模块:__PUBLIC__

[ 2017-04-06T13:08:11+08:00 ] 58.209.97.55 /lpcs/__PUBLIC__/image/11c053_iezdamrqgeytinrwgezdambqmmyde_785x500.jpg
INFO: [ app_init ] --START--
INFO: Run Behavior\BuildLiteBehavior [ RunTime:0.000013s ]
INFO: [ app_init ] --END-- [ RunTime:0.000336s ]
ERR: 无法加载模块:__PUBLIC__

[ 2017-04-06T13:08:11+08:00 ] 58.209.97.55 /lpcs/__PUBLIC__/image/1kfkmh_ie2gmmtgga4tenzwgezdambqgiyde_300x200.png
INFO: [ app_init ] --START--
INFO: Run Behavior\BuildLiteBehavior [ RunTime:0.000018s ]
INFO: [ app_init ] --END-- [ RunTime:0.000387s ]
ERR: 无法加载模块:__PUBLIC__

[ 2017-04-06T13:08:11+08:00 ] 58.209.97.55 /lpcs/__PUBLIC__/image/u3zuc_ieztenlcg4ztcnzwgezdambqgyyde_300x200.png
INFO: [ app_init ] --START--
INFO: Run Behavior\BuildLiteBehavior [ RunTime:0.000021s ]
INFO: [ app_init ] --END-- [ RunTime:0.000544s ]
ERR: 无法加载模块:__PUBLIC__

[ 2017-04-06T13:08:11+08:00 ] 58.209.97.55 /lpcs/__PUBLIC__/image/1gf1o7_ie2wcmzxmrstqnjwgezdambqhayde_300x200.png
INFO: [ app_init ] --START--
INFO: Run Behavior\BuildLiteBehavior [ RunTime:0.000013s ]
INFO: [ app_init ] --END-- [ RunTime:0.000331s ]
ERR: 无法加载模块:__PUBLIC__

[ 2017-04-06T13:08:11+08:00 ] 58.209.97.55 /lpcs/__PUBLIC__/image/abftk_ie2tsyrqgztgmnjwgezdambqhayde_174x249.jpg
INFO: [ app_init ] --START--
INFO: Run Behavior\BuildLiteBehavior [ RunTime:0.000020s ]
INFO: [ app_init ] --END-- [ RunTime:0.000434s ]
ERR: 无法加载模块:__PUBLIC__

[ 2017-04-06T13:08:11+08:00 ] 58.209.97.55 /lpcs/__PUBLIC__/image/11c053_ie2tqzjwgjqtcnrwgezdambqhayde_300x200.png
INFO: [ app_init ] --START--
INFO: Run Behavior\BuildLiteBehavior [ RunTime:0.000017s ]
INFO: [ app_init ] --END-- [ RunTime:0.000376s ]
ERR: 无法加载模块:__PUBLIC__

[ 2017-04-06T13:08:11+08:00 ] 58.209.97.55 /lpcs/__PUBLIC__/image/1ieg2b_ie2dqnjvmmywmzjqgazdambqgiyde_1000x1500.jpg
INFO: [ app_init ] --START--
INFO: Run Behavior\BuildLiteBehavior [ RunTime:0.000019s ]
INFO: [ app_init ] --END-- [ RunTime:0.000368s ]
ERR: 无法加载模块:__PUBLIC__

[ 2017-04-06T13:08:12+08:00 ] 58.209.97.55 /lpcs/__PUBLIC__/image/kuw9n_ieydozrthbrgmnddmiytambqgiyde_221x53.png
INFO: [ app_init ] --START--
INFO: Run Behavior\BuildLiteBehavior [ RunTime:0.000015s ]
INFO: [ app_init ] --END-- [ RunTime:0.000377s ]
ERR: 无法加载模块:__PUBLIC__

[ 2017-04-06T13:08:12+08:00 ] 58.209.97.55 /lpcs/__PUBLIC__/css/style.css
INFO: [ app_init ] --START--
INFO: Run Behavior\BuildLiteBehavior [ RunTime:0.000021s ]
INFO: [ app_init ] --END-- [ RunTime:0.000366s ]
ERR: 无法加载模块:__PUBLIC__

[ 2017-04-06T13:08:12+08:00 ] 58.209.97.55 /lpcs/__PUBLIC__/image/u3zuc_ieztenlcg4ztcnzwgezdambqgyyde_300x200.png
INFO: [ app_init ] --START--
INFO: Run Behavior\BuildLiteBehavior [ RunTime:0.000023s ]
INFO: [ app_init ] --END-- [ RunTime:0.000491s ]
ERR: 无法加载模块:__PUBLIC__

[ 2017-04-06T13:08:12+08:00 ] 58.209.97.55 /lpcs/__PUBLIC__/image/1gf1o7_ie2wcmzxmrstqnjwgezdambqhayde_300x200.png
INFO: [ app_init ] --START--
INFO: Run Behavior\BuildLiteBehavior [ RunTime:0.000023s ]
INFO: [ app_init ] --END-- [ RunTime:0.001076s ]
ERR: 无法加载模块:__PUBLIC__

[ 2017-04-06T13:08:12+08:00 ] 58.209.97.55 /lpcs/__PUBLIC__/image/11c053_iezdamrqgeytinrwgezdambqmmyde_785x500.jpg
INFO: [ app_init ] --START--
INFO: Run Behavior\BuildLiteBehavior [ RunTime:0.000023s ]
INFO: [ app_init ] --END-- [ RunTime:0.000523s ]
ERR: 无法加载模块:__PUBLIC__

[ 2017-04-06T13:08:12+08:00 ] 58.209.97.55 /lpcs/__PUBLIC__/image/1kfkmh_ie2gmmtgga4tenzwgezdambqgiyde_300x200.png
INFO: [ app_init ] --START--
INFO: Run Behavior\BuildLiteBehavior [ RunTime:0.000016s ]
INFO: [ app_init ] --END-- [ RunTime:0.000395s ]
ERR: 无法加载模块:__PUBLIC__

[ 2017-04-06T13:08:12+08:00 ] 58.209.97.55 /lpcs/__PUBLIC__/image/abftk_ieytcyzshbtgmnjwgezdambqmeyde_174x249.jpg
INFO: [ app_init ] --START--
INFO: Run Behavior\BuildLiteBehavior [ RunTime:0.000023s ]
INFO: [ app_init ] --END-- [ RunTime:0.000347s ]
ERR: 无法加载模块:__PUBLIC__

[ 2017-04-06T13:08:12+08:00 ] 58.209.97.55 /lpcs/__PUBLIC__/image/abftk_ie2tsyrqgztgmnjwgezdambqhayde_174x249.jpg
INFO: [ app_init ] --START--
INFO: Run Behavior\BuildLiteBehavior [ RunTime:0.000014s ]
INFO: [ app_init ] --END-- [ RunTime:0.000328s ]
ERR: 无法加载模块:__PUBLIC__

[ 2017-04-06T13:08:12+08:00 ] 58.209.97.55 /lpcs/__PUBLIC__/image/11c053_ie2tqzjwgjqtcnrwgezdambqhayde_300x200.png
INFO: [ app_init ] --START--
INFO: Run Behavior\BuildLiteBehavior [ RunTime:0.000014s ]
INFO: [ app_init ] --END-- [ RunTime:0.000345s ]
ERR: 无法加载模块:__PUBLIC__

[ 2017-04-06T13:08:12+08:00 ] 58.209.97.55 /lpcs/__PUBLIC__/image/1ieg2b_ie2dqnjvmmywmzjqgazdambqgiyde_1000x1500.jpg
INFO: [ app_init ] --START--
INFO: Run Behavior\BuildLiteBehavior [ RunTime:0.000020s ]
INFO: [ app_init ] --END-- [ RunTime:0.000366s ]
ERR: 无法加载模块:__PUBLIC__

[ 2017-04-06T13:32:58+08:00 ] 58.209.97.55 /lpcs/index.html
INFO: [ app_init ] --START--
INFO: Run Behavior\BuildLiteBehavior [ RunTime:0.000014s ]
INFO: [ app_init ] --END-- [ RunTime:0.000338s ]
ERR: 无法加载模块:Index

[ 2017-04-06T13:33:00+08:00 ] 58.209.97.55 /lpcs/index.html
INFO: [ app_init ] --START--
INFO: Run Behavior\BuildLiteBehavior [ RunTime:0.000021s ]
INFO: [ app_init ] --END-- [ RunTime:0.000437s ]
ERR: 无法加载模块:Index

[ 2017-04-06T13:33:01+08:00 ] 58.209.97.55 /lpcs/index.html
INFO: [ app_init ] --START--
INFO: Run Behavior\BuildLiteBehavior [ RunTime:0.000014s ]
INFO: [ app_init ] --END-- [ RunTime:0.000314s ]
ERR: 无法加载模块:Index

[ 2017-04-06T13:33:05+08:00 ] 58.209.97.55 /lpcs/view/css/index.css
INFO: [ app_init ] --START--
INFO: Run Behavior\BuildLiteBehavior [ RunTime:0.000015s ]
INFO: [ app_init ] --END-- [ RunTime:0.000345s ]
ERR: 无法加载模块:View

[ 2017-04-06T13:33:05+08:00 ] 58.209.97.55 /lpcs/view/css/bootstrap.min.css
INFO: [ app_init ] --START--
INFO: Run Behavior\BuildLiteBehavior [ RunTime:0.000015s ]
INFO: [ app_init ] --END-- [ RunTime:0.000338s ]
ERR: 无法加载模块:View

[ 2017-04-06T13:33:05+08:00 ] 58.209.97.55 /lpcs/view/js/jquery-1.11.3.min.js
INFO: [ app_init ] --START--
INFO: Run Behavior\BuildLiteBehavior [ RunTime:0.000015s ]
INFO: [ app_init ] --END-- [ RunTime:0.000359s ]
ERR: 无法加载模块:View

[ 2017-04-06T13:33:05+08:00 ] 58.209.97.55 /lpcs/view/lib/layui/lay/modules/layer.js
INFO: [ app_init ] --START--
INFO: Run Behavior\BuildLiteBehavior [ RunTime:0.000018s ]
INFO: [ app_init ] --END-- [ RunTime:0.000435s ]
ERR: 无法加载模块:View

[ 2017-04-06T13:33:05+08:00 ] 58.209.97.55 /lpcs/view/lib/layui/css/modules/layer/default/layer.css
INFO: [ app_init ] --START--
INFO: Run Behavior\BuildLiteBehavior [ RunTime:0.000014s ]
INFO: [ app_init ] --END-- [ RunTime:0.000335s ]
ERR: 无法加载模块:View

[ 2017-04-06T13:33:05+08:00 ] 58.209.97.55 /lpcs/view/css/swiper-3.4.2.min.css
INFO: [ app_init ] --START--
INFO: Run Behavior\BuildLiteBehavior [ RunTime:0.000014s ]
INFO: [ app_init ] --END-- [ RunTime:0.000324s ]
ERR: 无法加载模块:View

[ 2017-04-06T13:33:05+08:00 ] 58.209.97.55 /lpcs/view/js/scrollfix.js
INFO: [ app_init ] --START--
INFO: Run Behavior\BuildLiteBehavior [ RunTime:0.000018s ]
INFO: [ app_init ] --END-- [ RunTime:0.000331s ]
ERR: 无法加载模块:View

[ 2017-04-06T13:33:05+08:00 ] 58.209.97.55 /lpcs/view/js/swiper-3.4.2.min.js
INFO: [ app_init ] --START--
INFO: Run Behavior\BuildLiteBehavior [ RunTime:0.000022s ]
INFO: [ app_init ] --END-- [ RunTime:0.000406s ]
ERR: 无法加载模块:View

[ 2017-04-06T13:33:05+08:00 ] 58.209.97.55 /lpcs/view/js/api.js
INFO: [ app_init ] --START--
INFO: Run Behavior\BuildLiteBehavior [ RunTime:0.000015s ]
INFO: [ app_init ] --END-- [ RunTime:0.000342s ]
ERR: 无法加载模块:View

[ 2017-04-06T13:33:05+08:00 ] 58.209.97.55 /lpcs/view/js/jquery.fly.min.js
INFO: [ app_init ] --START--
INFO: Run Behavior\BuildLiteBehavior [ RunTime:0.000022s ]
INFO: [ app_init ] --END-- [ RunTime:0.000392s ]
ERR: 无法加载模块:View

[ 2017-04-06T13:33:05+08:00 ] 58.209.97.55 /lpcs/view/lib/layui/lay/modules/layer.js
INFO: [ app_init ] --START--
INFO: Run Behavior\BuildLiteBehavior [ RunTime:0.000016s ]
INFO: [ app_init ] --END-- [ RunTime:0.000333s ]
ERR: 无法加载模块:View

[ 2017-04-06T13:33:05+08:00 ] 58.209.97.55 /lpcs/view/js/index.js
INFO: [ app_init ] --START--
INFO: Run Behavior\BuildLiteBehavior [ RunTime:0.000014s ]
INFO: [ app_init ] --END-- [ RunTime:0.000319s ]
ERR: 无法加载模块:View

[ 2017-04-06T13:33:05+08:00 ] 58.209.97.55 /lpcs/view/js/scrollfix.js
INFO: [ app_init ] --START--
INFO: Run Behavior\BuildLiteBehavior [ RunTime:0.000016s ]
INFO: [ app_init ] --END-- [ RunTime:0.000329s ]
ERR: 无法加载模块:View

[ 2017-04-06T13:33:05+08:00 ] 58.209.97.55 /lpcs/view/js/jquery.fly.min.js
INFO: [ app_init ] --START--
INFO: Run Behavior\BuildLiteBehavior [ RunTime:0.000016s ]
INFO: [ app_init ] --END-- [ RunTime:0.000360s ]
ERR: 无法加载模块:View

[ 2017-04-06T13:33:05+08:00 ] 58.209.97.55 /lpcs/view/js/api.js
INFO: [ app_init ] --START--
INFO: Run Behavior\BuildLiteBehavior [ RunTime:0.000015s ]
INFO: [ app_init ] --END-- [ RunTime:0.000340s ]
ERR: 无法加载模块:View

[ 2017-04-06T13:33:05+08:00 ] 58.209.97.55 /lpcs/view/js/swiper-3.4.2.min.js
INFO: [ app_init ] --START--
INFO: Run Behavior\BuildLiteBehavior [ RunTime:0.000015s ]
INFO: [ app_init ] --END-- [ RunTime:0.000339s ]
ERR: 无法加载模块:View

[ 2017-04-06T13:33:05+08:00 ] 58.209.97.55 /lpcs/view/js/index.js
INFO: [ app_init ] --START--
INFO: Run Behavior\BuildLiteBehavior [ RunTime:0.000022s ]
INFO: [ app_init ] --END-- [ RunTime:0.000375s ]
ERR: 无法加载模块:View

[ 2017-04-06T13:33:11+08:00 ] 58.209.97.55 /lpcs/view/css/order.css
INFO: [ app_init ] --START--
INFO: Run Behavior\BuildLiteBehavior [ RunTime:0.000014s ]
INFO: [ app_init ] --END-- [ RunTime:0.000352s ]
ERR: 无法加载模块:View

[ 2017-04-06T13:33:11+08:00 ] 58.209.97.55 /lpcs/view/css/index.css
INFO: [ app_init ] --START--
INFO: Run Behavior\BuildLiteBehavior [ RunTime:0.000014s ]
INFO: [ app_init ] --END-- [ RunTime:0.000490s ]
ERR: 无法加载模块:View

[ 2017-04-06T13:33:11+08:00 ] 58.209.97.55 /lpcs/view/js/jquery-1.11.3.min.js
INFO: [ app_init ] --START--
INFO: Run Behavior\BuildLiteBehavior [ RunTime:0.000015s ]
INFO: [ app_init ] --END-- [ RunTime:0.000331s ]
ERR: 无法加载模块:View

[ 2017-04-06T13:33:11+08:00 ] 58.209.97.55 /lpcs/view/js/order.js
INFO: [ app_init ] --START--
INFO: Run Behavior\BuildLiteBehavior [ RunTime:0.000014s ]
INFO: [ app_init ] --END-- [ RunTime:0.000373s ]
ERR: 无法加载模块:View

[ 2017-04-06T13:33:11+08:00 ] 58.209.97.55 /lpcs/view/css/bootstrap.min.css
INFO: [ app_init ] --START--
INFO: Run Behavior\BuildLiteBehavior [ RunTime:0.000015s ]
INFO: [ app_init ] --END-- [ RunTime:0.000374s ]
ERR: 无法加载模块:View

[ 2017-04-06T13:33:11+08:00 ] 58.209.97.55 /lpcs/view/js/scrollfix.js
INFO: [ app_init ] --START--
INFO: Run Behavior\BuildLiteBehavior [ RunTime:0.000014s ]
INFO: [ app_init ] --END-- [ RunTime:0.000319s ]
ERR: 无法加载模块:View

[ 2017-04-06T13:33:11+08:00 ] 58.209.97.55 /lpcs/view/js/scrollfix.js
INFO: [ app_init ] --START--
INFO: Run Behavior\BuildLiteBehavior [ RunTime:0.000015s ]
INFO: [ app_init ] --END-- [ RunTime:0.000357s ]
ERR: 无法加载模块:View

[ 2017-04-06T13:33:11+08:00 ] 58.209.97.55 /lpcs/view/js/order.js
INFO: [ app_init ] --START--
INFO: Run Behavior\BuildLiteBehavior [ RunTime:0.000020s ]
INFO: [ app_init ] --END-- [ RunTime:0.000379s ]
ERR: 无法加载模块:View

[ 2017-04-06T13:33:41+08:00 ] 58.209.97.55 /lpcs/order.php
INFO: [ app_init ] --START--
INFO: Run Behavior\BuildLiteBehavior [ RunTime:0.000015s ]
INFO: [ app_init ] --END-- [ RunTime:0.000342s ]
ERR: 无法加载模块:Order

[ 2017-04-06T13:33:45+08:00 ] 58.209.97.55 /lpcs/view/jsapi.html
INFO: [ app_init ] --START--
INFO: Run Behavior\BuildLiteBehavior [ RunTime:0.000020s ]
INFO: [ app_init ] --END-- [ RunTime:0.000362s ]
ERR: 无法加载模块:View

[ 2017-04-06T13:33:50+08:00 ] 58.209.97.55 /lpcs/index.html
INFO: [ app_init ] --START--
INFO: Run Behavior\BuildLiteBehavior [ RunTime:0.000015s ]
INFO: [ app_init ] --END-- [ RunTime:0.000316s ]
ERR: 无法加载模块:Index

[ 2017-04-06T13:35:53+08:00 ] 58.209.97.55 /lpcs/index.html
INFO: [ app_init ] --START--
INFO: Run Behavior\BuildLiteBehavior [ RunTime:0.000018s ]
INFO: [ app_init ] --END-- [ RunTime:0.000326s ]
ERR: 无法加载模块:Index

[ 2017-04-06T13:35:54+08:00 ] 58.209.97.55 /lpcs/index.html
INFO: [ app_init ] --START--
INFO: Run Behavior\BuildLiteBehavior [ RunTime:0.000015s ]
INFO: [ app_init ] --END-- [ RunTime:0.000317s ]
ERR: 无法加载模块:Index

[ 2017-04-06T13:35:55+08:00 ] 58.209.97.55 /lpcs/index.html
INFO: [ app_init ] --START--
INFO: Run Behavior\BuildLiteBehavior [ RunTime:0.000014s ]
INFO: [ app_init ] --END-- [ RunTime:0.000340s ]
ERR: 无法加载模块:Index

[ 2017-04-06T13:36:41+08:00 ] 117.136.67.52 /lpcs/view/css/bootstrap.min.css
INFO: [ app_init ] --START--
INFO: Run Behavior\BuildLiteBehavior [ RunTime:0.000014s ]
INFO: [ app_init ] --END-- [ RunTime:0.000319s ]
ERR: 无法加载模块:View

[ 2017-04-06T13:36:41+08:00 ] 117.136.67.52 /lpcs/view/css/order.css
INFO: [ app_init ] --START--
INFO: Run Behavior\BuildLiteBehavior [ RunTime:0.000019s ]
INFO: [ app_init ] --END-- [ RunTime:0.000418s ]
ERR: 无法加载模块:View

[ 2017-04-06T13:36:41+08:00 ] 117.136.67.52 /lpcs/view/js/scrollfix.js
INFO: [ app_init ] --START--
INFO: Run Behavior\BuildLiteBehavior [ RunTime:0.000014s ]
INFO: [ app_init ] --END-- [ RunTime:0.000352s ]
ERR: 无法加载模块:View

[ 2017-04-06T13:36:41+08:00 ] 117.136.67.52 /lpcs/view/css/index.css
INFO: [ app_init ] --START--
INFO: Run Behavior\BuildLiteBehavior [ RunTime:0.000013s ]
INFO: [ app_init ] --END-- [ RunTime:0.000316s ]
ERR: 无法加载模块:View

[ 2017-04-06T13:36:41+08:00 ] 117.136.67.52 /lpcs/view/js/jquery-1.11.3.min.js
INFO: [ app_init ] --START--
INFO: Run Behavior\BuildLiteBehavior [ RunTime:0.000014s ]
INFO: [ app_init ] --END-- [ RunTime:0.000317s ]
ERR: 无法加载模块:View

[ 2017-04-06T13:36:41+08:00 ] 117.136.67.52 /lpcs/view/js/order.js
INFO: [ app_init ] --START--
INFO: Run Behavior\BuildLiteBehavior [ RunTime:0.000014s ]
INFO: [ app_init ] --END-- [ RunTime:0.000345s ]
ERR: 无法加载模块:View

[ 2017-04-06T13:41:01+08:00 ] 58.209.97.55 /lpcs/index.html
INFO: [ app_init ] --START--
INFO: Run Behavior\BuildLiteBehavior [ RunTime:0.000017s ]
INFO: [ app_init ] --END-- [ RunTime:0.000335s ]
ERR: 无法加载模块:Index

[ 2017-04-06T13:56:02+08:00 ] 58.209.97.55 /lpcs/index.html
INFO: [ app_init ] --START--
INFO: Run Behavior\BuildLiteBehavior [ RunTime:0.000015s ]
INFO: [ app_init ] --END-- [ RunTime:0.000337s ]
ERR: 无法加载模块:Index

[ 2017-04-06T14:12:45+08:00 ] 58.209.97.55 /lpcs/index.html
INFO: [ app_init ] --START--
INFO: Run Behavior\BuildLiteBehavior [ RunTime:0.000015s ]
INFO: [ app_init ] --END-- [ RunTime:0.000313s ]
ERR: 无法加载模块:Index

[ 2017-04-06T14:13:19+08:00 ] 58.209.97.55 /lpcs/view/lib/layui/lay/modules/layer.js
INFO: [ app_init ] --START--
INFO: Run Behavior\BuildLiteBehavior [ RunTime:0.000013s ]
INFO: [ app_init ] --END-- [ RunTime:0.000337s ]
ERR: 无法加载模块:View

[ 2017-04-06T14:13:19+08:00 ] 58.209.97.55 /lpcs/view/css/bootstrap.min.css
INFO: [ app_init ] --START--
INFO: Run Behavior\BuildLiteBehavior [ RunTime:0.000015s ]
INFO: [ app_init ] --END-- [ RunTime:0.000326s ]
ERR: 无法加载模块:View

[ 2017-04-06T14:13:19+08:00 ] 58.209.97.55 /lpcs/view/js/jquery-1.11.3.min.js
INFO: [ app_init ] --START--
INFO: Run Behavior\BuildLiteBehavior [ RunTime:0.000014s ]
INFO: [ app_init ] --END-- [ RunTime:0.000394s ]
ERR: 无法加载模块:View

[ 2017-04-06T14:13:19+08:00 ] 58.209.97.55 /lpcs/view/css/swiper-3.4.2.min.css
INFO: [ app_init ] --START--
INFO: Run Behavior\BuildLiteBehavior [ RunTime:0.000014s ]
INFO: [ app_init ] --END-- [ RunTime:0.000311s ]
ERR: 无法加载模块:View

[ 2017-04-06T14:13:19+08:00 ] 58.209.97.55 /lpcs/view/lib/layui/css/modules/layer/default/layer.css
INFO: [ app_init ] --START--
INFO: Run Behavior\BuildLiteBehavior [ RunTime:0.000014s ]
INFO: [ app_init ] --END-- [ RunTime:0.000324s ]
ERR: 无法加载模块:View

[ 2017-04-06T14:13:19+08:00 ] 58.209.97.55 /lpcs/view/css/index.css
INFO: [ app_init ] --START--
INFO: Run Behavior\BuildLiteBehavior [ RunTime:0.000015s ]
INFO: [ app_init ] --END-- [ RunTime:0.000807s ]
ERR: 无法加载模块:View

[ 2017-04-06T14:13:19+08:00 ] 58.209.97.55 /lpcs/view/js/scrollfix.js
INFO: [ app_init ] --START--
INFO: Run Behavior\BuildLiteBehavior [ RunTime:0.000013s ]
INFO: [ app_init ] --END-- [ RunTime:0.000313s ]
ERR: 无法加载模块:View

[ 2017-04-06T14:13:19+08:00 ] 58.209.97.55 /lpcs/view/js/jquery.fly.min.js
INFO: [ app_init ] --START--
INFO: Run Behavior\BuildLiteBehavior [ RunTime:0.000013s ]
INFO: [ app_init ] --END-- [ RunTime:0.000331s ]
ERR: 无法加载模块:View

[ 2017-04-06T14:13:19+08:00 ] 58.209.97.55 /lpcs/view/js/index.js
INFO: [ app_init ] --START--
INFO: Run Behavior\BuildLiteBehavior [ RunTime:0.000014s ]
INFO: [ app_init ] --END-- [ RunTime:0.000308s ]
ERR: 无法加载模块:View

[ 2017-04-06T14:13:19+08:00 ] 58.209.97.55 /lpcs/view/js/api.js
INFO: [ app_init ] --START--
INFO: Run Behavior\BuildLiteBehavior [ RunTime:0.000014s ]
INFO: [ app_init ] --END-- [ RunTime:0.000336s ]
ERR: 无法加载模块:View

[ 2017-04-06T14:13:19+08:00 ] 58.209.97.55 /lpcs/view/js/swiper-3.4.2.min.js
INFO: [ app_init ] --START--
INFO: Run Behavior\BuildLiteBehavior [ RunTime:0.000019s ]
INFO: [ app_init ] --END-- [ RunTime:0.000356s ]
ERR: 无法加载模块:View

[ 2017-04-06T14:13:19+08:00 ] 58.209.97.55 /lpcs/view/lib/layui/lay/modules/layer.js
INFO: [ app_init ] --START--
INFO: Run Behavior\BuildLiteBehavior [ RunTime:0.000014s ]
INFO: [ app_init ] --END-- [ RunTime:0.000305s ]
ERR: 无法加载模块:View

[ 2017-04-06T14:13:19+08:00 ] 58.209.97.55 /lpcs/view/js/scrollfix.js
INFO: [ app_init ] --START--
INFO: Run Behavior\BuildLiteBehavior [ RunTime:0.000015s ]
INFO: [ app_init ] --END-- [ RunTime:0.000341s ]
ERR: 无法加载模块:View

[ 2017-04-06T14:13:19+08:00 ] 58.209.97.55 /lpcs/view/js/jquery.fly.min.js
INFO: [ app_init ] --START--
INFO: Run Behavior\BuildLiteBehavior [ RunTime:0.000014s ]
INFO: [ app_init ] --END-- [ RunTime:0.000317s ]
ERR: 无法加载模块:View

[ 2017-04-06T14:13:19+08:00 ] 58.209.97.55 /lpcs/view/js/api.js
INFO: [ app_init ] --START--
INFO: Run Behavior\BuildLiteBehavior [ RunTime:0.000032s ]
INFO: [ app_init ] --END-- [ RunTime:0.000344s ]
ERR: 无法加载模块:View

[ 2017-04-06T14:13:19+08:00 ] 58.209.97.55 /lpcs/view/js/swiper-3.4.2.min.js
INFO: [ app_init ] --START--
INFO: Run Behavior\BuildLiteBehavior [ RunTime:0.000016s ]
INFO: [ app_init ] --END-- [ RunTime:0.000354s ]
ERR: 无法加载模块:View

[ 2017-04-06T14:13:19+08:00 ] 58.209.97.55 /lpcs/view/js/index.js
INFO: [ app_init ] --START--
INFO: Run Behavior\BuildLiteBehavior [ RunTime:0.000014s ]
INFO: [ app_init ] --END-- [ RunTime:0.000328s ]
ERR: 无法加载模块:View

[ 2017-04-06T14:25:07+08:00 ] 58.209.97.55 /lpcs/js/maps/swiper.min.js.map
INFO: [ app_init ] --START--
INFO: Run Behavior\BuildLiteBehavior [ RunTime:0.000014s ]
INFO: [ app_init ] --END-- [ RunTime:0.000309s ]
ERR: 无法加载模块:Js

[ 2017-04-06T14:25:07+08:00 ] 58.209.97.55 /lpcs/view/img/plus.png
INFO: [ app_init ] --START--
INFO: Run Behavior\BuildLiteBehavior [ RunTime:0.000014s ]
INFO: [ app_init ] --END-- [ RunTime:0.000375s ]
ERR: 无法加载模块:View

[ 2017-04-06T14:27:04+08:00 ] 58.209.97.55 /lpcs/js/maps/swiper.min.js.map
INFO: [ app_init ] --START--
INFO: Run Behavior\BuildLiteBehavior [ RunTime:0.000014s ]
INFO: [ app_init ] --END-- [ RunTime:0.000319s ]
ERR: 无法加载模块:Js

[ 2017-04-06T14:27:04+08:00 ] 58.209.97.55 /lpcs/view/img/plus.png
INFO: [ app_init ] --START--
INFO: Run Behavior\BuildLiteBehavior [ RunTime:0.000016s ]
INFO: [ app_init ] --END-- [ RunTime:0.000339s ]
ERR: 无法加载模块:View

[ 2017-04-06T14:27:08+08:00 ] 58.209.97.55 /lpcs/js/maps/swiper.min.js.map
INFO: [ app_init ] --START--
INFO: Run Behavior\BuildLiteBehavior [ RunTime:0.000025s ]
INFO: [ app_init ] --END-- [ RunTime:0.000524s ]
ERR: 无法加载模块:Js

[ 2017-04-06T14:27:08+08:00 ] 58.209.97.55 /lpcs/view/img/plus.png
INFO: [ app_init ] --START--
INFO: Run Behavior\BuildLiteBehavior [ RunTime:0.000014s ]
INFO: [ app_init ] --END-- [ RunTime:0.000314s ]
ERR: 无法加载模块:View

[ 2017-04-06T14:27:28+08:00 ] 58.209.97.55 /lpcs/js/maps/swiper.min.js.map
INFO: [ app_init ] --START--
INFO: Run Behavior\BuildLiteBehavior [ RunTime:0.000016s ]
INFO: [ app_init ] --END-- [ RunTime:0.000332s ]
ERR: 无法加载模块:Js

[ 2017-04-06T14:27:28+08:00 ] 58.209.97.55 /lpcs/view/img/plus.png
INFO: [ app_init ] --START--
INFO: Run Behavior\BuildLiteBehavior [ RunTime:0.000015s ]
INFO: [ app_init ] --END-- [ RunTime:0.000336s ]
ERR: 无法加载模块:View

[ 2017-04-06T14:28:09+08:00 ] 58.209.97.55 /lpcs/js/maps/swiper.min.js.map
INFO: [ app_init ] --START--
INFO: Run Behavior\BuildLiteBehavior [ RunTime:0.000014s ]
INFO: [ app_init ] --END-- [ RunTime:0.000366s ]
ERR: 无法加载模块:Js

[ 2017-04-06T14:28:09+08:00 ] 58.209.97.55 /lpcs/view/img/plus.png
INFO: [ app_init ] --START--
INFO: Run Behavior\BuildLiteBehavior [ RunTime:0.000015s ]
INFO: [ app_init ] --END-- [ RunTime:0.000328s ]
ERR: 无法加载模块:View

[ 2017-04-06T14:28:12+08:00 ] 58.209.97.55 /lpcs/js/maps/swiper.min.js.map
INFO: [ app_init ] --START--
INFO: Run Behavior\BuildLiteBehavior [ RunTime:0.000013s ]
INFO: [ app_init ] --END-- [ RunTime:0.000307s ]
ERR: 无法加载模块:Js

[ 2017-04-06T14:28:12+08:00 ] 58.209.97.55 /lpcs/view/img/plus.png
INFO: [ app_init ] --START--
INFO: Run Behavior\BuildLiteBehavior [ RunTime:0.000046s ]
INFO: [ app_init ] --END-- [ RunTime:0.000383s ]
ERR: 无法加载模块:View

[ 2017-04-06T14:28:13+08:00 ] 58.209.97.55 /lpcs/view/img/reduce.png
INFO: [ app_init ] --START--
INFO: Run Behavior\BuildLiteBehavior [ RunTime:0.000014s ]
INFO: [ app_init ] --END-- [ RunTime:0.000334s ]
ERR: 无法加载模块:View

[ 2017-04-06T14:28:13+08:00 ] 58.209.97.55 /lpcs/view/img/plus.png
INFO: [ app_init ] --START--
INFO: Run Behavior\BuildLiteBehavior [ RunTime:0.000014s ]
INFO: [ app_init ] --END-- [ RunTime:0.000366s ]
ERR: 无法加载模块:View

[ 2017-04-06T14:28:14+08:00 ] 58.209.97.55 /lpcs/view/img/reduce.png
INFO: [ app_init ] --START--
INFO: Run Behavior\BuildLiteBehavior [ RunTime:0.000015s ]
INFO: [ app_init ] --END-- [ RunTime:0.000329s ]
ERR: 无法加载模块:View

[ 2017-04-06T14:28:14+08:00 ] 58.209.97.55 /lpcs/view/img/plus.png
INFO: [ app_init ] --START--
INFO: Run Behavior\BuildLiteBehavior [ RunTime:0.000013s ]
INFO: [ app_init ] --END-- [ RunTime:0.000321s ]
ERR: 无法加载模块:View

[ 2017-04-06T14:29:00+08:00 ] 58.209.97.55 /lpcs/js/maps/swiper.min.js.map
INFO: [ app_init ] --START--
INFO: Run Behavior\BuildLiteBehavior [ RunTime:0.000015s ]
INFO: [ app_init ] --END-- [ RunTime:0.000322s ]
ERR: 无法加载模块:Js

[ 2017-04-06T14:32:00+08:00 ] 58.209.97.55 /lpcs/order.html
INFO: [ app_init ] --START--
INFO: Run Behavior\BuildLiteBehavior [ RunTime:0.000014s ]
INFO: [ app_init ] --END-- [ RunTime:0.000333s ]
ERR: 无法加载模块:Order

[ 2017-04-06T14:33:33+08:00 ] 58.209.97.55 /lpcs/js/maps/swiper.min.js.map
INFO: [ app_init ] --START--
INFO: Run Behavior\BuildLiteBehavior [ RunTime:0.000013s ]
INFO: [ app_init ] --END-- [ RunTime:0.000330s ]
ERR: 无法加载模块:Js

[ 2017-04-06T14:33:35+08:00 ] 58.209.97.55 /lpcs/js/maps/swiper.min.js.map
INFO: [ app_init ] --START--
INFO: Run Behavior\BuildLiteBehavior [ RunTime:0.000016s ]
INFO: [ app_init ] --END-- [ RunTime:0.000358s ]
ERR: 无法加载模块:Js

[ 2017-04-06T14:35:38+08:00 ] 117.136.67.52 /lpcs/view/css/bootstrap.min.css
INFO: [ app_init ] --START--
INFO: Run Behavior\BuildLiteBehavior [ RunTime:0.000016s ]
INFO: [ app_init ] --END-- [ RunTime:0.000379s ]
ERR: 无法加载模块:View

[ 2017-04-06T14:35:38+08:00 ] 117.136.67.52 /lpcs/view/css/index.css
INFO: [ app_init ] --START--
INFO: Run Behavior\BuildLiteBehavior [ RunTime:0.000016s ]
INFO: [ app_init ] --END-- [ RunTime:0.000335s ]
ERR: 无法加载模块:View

[ 2017-04-06T14:35:38+08:00 ] 117.136.67.52 /lpcs/view/js/order.js
INFO: [ app_init ] --START--
INFO: Run Behavior\BuildLiteBehavior [ RunTime:0.000013s ]
INFO: [ app_init ] --END-- [ RunTime:0.000348s ]
ERR: 无法加载模块:View

[ 2017-04-06T14:35:38+08:00 ] 117.136.67.52 /lpcs/view/css/order.css
INFO: [ app_init ] --START--
INFO: Run Behavior\BuildLiteBehavior [ RunTime:0.000014s ]
INFO: [ app_init ] --END-- [ RunTime:0.000312s ]
ERR: 无法加载模块:View

[ 2017-04-06T14:35:38+08:00 ] 117.136.67.52 /lpcs/view/js/scrollfix.js
INFO: [ app_init ] --START--
INFO: Run Behavior\BuildLiteBehavior [ RunTime:0.000016s ]
INFO: [ app_init ] --END-- [ RunTime:0.000350s ]
ERR: 无法加载模块:View

[ 2017-04-06T14:35:38+08:00 ] 117.136.67.52 /lpcs/view/js/jquery-1.11.3.min.js
INFO: [ app_init ] --START--
INFO: Run Behavior\BuildLiteBehavior [ RunTime:0.000017s ]
INFO: [ app_init ] --END-- [ RunTime:0.000482s ]
ERR: 无法加载模块:View

[ 2017-04-06T14:39:35+08:00 ] 117.136.67.52 /lpcs/view/css/bootstrap.min.css
INFO: [ app_init ] --START--
INFO: Run Behavior\BuildLiteBehavior [ RunTime:0.000014s ]
INFO: [ app_init ] --END-- [ RunTime:0.000324s ]
ERR: 无法加载模块:View

[ 2017-04-06T14:39:35+08:00 ] 117.136.67.52 /lpcs/view/css/index.css
INFO: [ app_init ] --START--
INFO: Run Behavior\BuildLiteBehavior [ RunTime:0.000019s ]
INFO: [ app_init ] --END-- [ RunTime:0.000466s ]
ERR: 无法加载模块:View

[ 2017-04-06T14:39:35+08:00 ] 117.136.67.52 /lpcs/view/css/order.css
INFO: [ app_init ] --START--
INFO: Run Behavior\BuildLiteBehavior [ RunTime:0.000014s ]
INFO: [ app_init ] --END-- [ RunTime:0.000319s ]
ERR: 无法加载模块:View

[ 2017-04-06T14:39:35+08:00 ] 117.136.67.52 /lpcs/view/js/jquery-1.11.3.min.js
INFO: [ app_init ] --START--
INFO: Run Behavior\BuildLiteBehavior [ RunTime:0.000015s ]
INFO: [ app_init ] --END-- [ RunTime:0.000325s ]
ERR: 无法加载模块:View

[ 2017-04-06T14:39:35+08:00 ] 117.136.67.52 /lpcs/view/js/scrollfix.js
INFO: [ app_init ] --START--
INFO: Run Behavior\BuildLiteBehavior [ RunTime:0.000013s ]
INFO: [ app_init ] --END-- [ RunTime:0.000312s ]
ERR: 无法加载模块:View

[ 2017-04-06T14:39:35+08:00 ] 117.136.67.52 /lpcs/view/js/order.js
INFO: [ app_init ] --START--
INFO: Run Behavior\BuildLiteBehavior [ RunTime:0.000013s ]
INFO: [ app_init ] --END-- [ RunTime:0.000363s ]
ERR: 无法加载模块:View

[ 2017-04-06T14:39:39+08:00 ] 117.136.67.52 /lpcs/view/css/bootstrap.min.css
INFO: [ app_init ] --START--
INFO: Run Behavior\BuildLiteBehavior [ RunTime:0.000014s ]
INFO: [ app_init ] --END-- [ RunTime:0.000323s ]
ERR: 无法加载模块:View

[ 2017-04-06T14:39:39+08:00 ] 117.136.67.52 /lpcs/view/css/order.css
INFO: [ app_init ] --START--
INFO: Run Behavior\BuildLiteBehavior [ RunTime:0.000015s ]
INFO: [ app_init ] --END-- [ RunTime:0.000327s ]
ERR: 无法加载模块:View

[ 2017-04-06T14:39:39+08:00 ] 117.136.67.52 /lpcs/view/css/index.css
INFO: [ app_init ] --START--
INFO: Run Behavior\BuildLiteBehavior [ RunTime:0.000014s ]
INFO: [ app_init ] --END-- [ RunTime:0.000331s ]
ERR: 无法加载模块:View

[ 2017-04-06T14:39:39+08:00 ] 117.136.67.52 /lpcs/view/js/jquery-1.11.3.min.js
INFO: [ app_init ] --START--
INFO: Run Behavior\BuildLiteBehavior [ RunTime:0.000013s ]
INFO: [ app_init ] --END-- [ RunTime:0.000322s ]
ERR: 无法加载模块:View

[ 2017-04-06T14:39:39+08:00 ] 117.136.67.52 /lpcs/view/js/scrollfix.js
INFO: [ app_init ] --START--
INFO: Run Behavior\BuildLiteBehavior [ RunTime:0.000014s ]
INFO: [ app_init ] --END-- [ RunTime:0.000333s ]
ERR: 无法加载模块:View

[ 2017-04-06T14:39:39+08:00 ] 117.136.67.52 /lpcs/view/js/order.js
INFO: [ app_init ] --START--
INFO: Run Behavior\BuildLiteBehavior [ RunTime:0.000013s ]
INFO: [ app_init ] --END-- [ RunTime:0.000315s ]
ERR: 无法加载模块:View

[ 2017-04-06T14:40:36+08:00 ] 117.136.67.52 /lpcs/view/js/order.js
INFO: [ app_init ] --START--
INFO: Run Behavior\BuildLiteBehavior [ RunTime:0.000022s ]
INFO: [ app_init ] --END-- [ RunTime:0.000371s ]
ERR: 无法加载模块:View

[ 2017-04-06T14:40:36+08:00 ] 117.136.67.52 /lpcs/view/js/scrollfix.js
INFO: [ app_init ] --START--
INFO: Run Behavior\BuildLiteBehavior [ RunTime:0.000017s ]
INFO: [ app_init ] --END-- [ RunTime:0.000385s ]
ERR: 无法加载模块:View

[ 2017-04-06T14:40:36+08:00 ] 117.136.67.52 /lpcs/view/js/jquery-1.11.3.min.js
INFO: [ app_init ] --START--
INFO: Run Behavior\BuildLiteBehavior [ RunTime:0.000014s ]
INFO: [ app_init ] --END-- [ RunTime:0.000315s ]
ERR: 无法加载模块:View

[ 2017-04-06T14:41:39+08:00 ] 117.136.67.52 /lpcs/view/js/order.js
INFO: [ app_init ] --START--
INFO: Run Behavior\BuildLiteBehavior [ RunTime:0.000015s ]
INFO: [ app_init ] --END-- [ RunTime:0.000351s ]
ERR: 无法加载模块:View

[ 2017-04-06T14:41:39+08:00 ] 117.136.67.52 /lpcs/view/js/scrollfix.js
INFO: [ app_init ] --START--
INFO: Run Behavior\BuildLiteBehavior [ RunTime:0.000013s ]
INFO: [ app_init ] --END-- [ RunTime:0.000354s ]
ERR: 无法加载模块:View

[ 2017-04-06T14:41:39+08:00 ] 117.136.67.52 /lpcs/view/js/jquery-1.11.3.min.js
INFO: [ app_init ] --START--
INFO: Run Behavior\BuildLiteBehavior [ RunTime:0.000015s ]
INFO: [ app_init ] --END-- [ RunTime:0.000331s ]
ERR: 无法加载模块:View

[ 2017-04-06T14:42:15+08:00 ] 58.209.97.55 /lpcs/view/js/scrollfix.js
INFO: [ app_init ] --START--
INFO: Run Behavior\BuildLiteBehavior [ RunTime:0.000015s ]
INFO: [ app_init ] --END-- [ RunTime:0.000338s ]
ERR: 无法加载模块:View

[ 2017-04-06T14:42:15+08:00 ] 58.209.97.55 /lpcs/view/js/jquery-1.11.3.min.js
INFO: [ app_init ] --START--
INFO: Run Behavior\BuildLiteBehavior [ RunTime:0.000014s ]
INFO: [ app_init ] --END-- [ RunTime:0.000338s ]
ERR: 无法加载模块:View

[ 2017-04-06T14:42:15+08:00 ] 58.209.97.55 /lpcs/view/js/order.js
INFO: [ app_init ] --START--
INFO: Run Behavior\BuildLiteBehavior [ RunTime:0.000013s ]
INFO: [ app_init ] --END-- [ RunTime:0.000326s ]
ERR: 无法加载模块:View

[ 2017-04-06T14:45:11+08:00 ] 58.209.97.55 /lpcs/js/maps/swiper.min.js.map
INFO: [ app_init ] --START--
INFO: Run Behavior\BuildLiteBehavior [ RunTime:0.000014s ]
INFO: [ app_init ] --END-- [ RunTime:0.000332s ]
ERR: 无法加载模块:Js

[ 2017-04-06T14:45:13+08:00 ] 58.209.97.55 /lpcs/js/maps/swiper.min.js.map
INFO: [ app_init ] --START--
INFO: Run Behavior\BuildLiteBehavior [ RunTime:0.000013s ]
INFO: [ app_init ] --END-- [ RunTime:0.000318s ]
ERR: 无法加载模块:Js

[ 2017-04-06T14:46:38+08:00 ] 58.209.97.55 /lpcs/js/maps/swiper.min.js.map
INFO: [ app_init ] --START--
INFO: Run Behavior\BuildLiteBehavior [ RunTime:0.000013s ]
INFO: [ app_init ] --END-- [ RunTime:0.000309s ]
ERR: 无法加载模块:Js

[ 2017-04-06T14:46:40+08:00 ] 58.209.97.55 /lpcs/js/maps/swiper.min.js.map
INFO: [ app_init ] --START--
INFO: Run Behavior\BuildLiteBehavior [ RunTime:0.000018s ]
INFO: [ app_init ] --END-- [ RunTime:0.000441s ]
ERR: 无法加载模块:Js

