[ 2017-03-30T09:05:51+08:00 ] ::1 /wxmall/
INFO: [ app_init ] --START--
INFO: Run Behavior\BuildLiteBehavior [ RunTime:0.000000s ]
INFO: [ app_init ] --END-- [ RunTime:0.012000s ]
INFO: [ app_begin ] --START--
INFO: Run Behavior\ReadHtmlCacheBehavior [ RunTime:0.003000s ]
INFO: [ app_begin ] --END-- [ RunTime:0.003000s ]
NOTIC: [8] Undefined index: nonce E:\xampp\htdocs\wxmall\Application\Home\Controller\IndexController.class.php 第 7 行.
NOTIC: [8] Undefined index: timestamp E:\xampp\htdocs\wxmall\Application\Home\Controller\IndexController.class.php 第 9 行.
NOTIC: [8] Undefined index: echostr E:\xampp\htdocs\wxmall\Application\Home\Controller\IndexController.class.php 第 10 行.
NOTIC: [8] Undefined index: signature E:\xampp\htdocs\wxmall\Application\Home\Controller\IndexController.class.php 第 11 行.
NOTIC: [8] Undefined index: access_token E:\xampp\htdocs\wxmall\Application\Home\Controller\IndexController.class.php 第 42 行.
INFO: [ app_end ] --START--
INFO: Run Behavior\ShowPageTraceBehavior [ RunTime:0.031002s ]
INFO: [ app_end ] --END-- [ RunTime:0.031002s ]

[ 2017-03-30T15:22:12+08:00 ] ::1 /wxmall/home/goodslist/%20todayrecommend
INFO: [ app_init ] --START--
INFO: Run Behavior\BuildLiteBehavior [ RunTime:0.000000s ]
INFO: [ app_init ] --END-- [ RunTime:0.000000s ]
INFO: [ app_begin ] --START--
INFO: Run Behavior\ReadHtmlCacheBehavior [ RunTime:0.001000s ]
INFO: [ app_begin ] --END-- [ RunTime:0.001000s ]
ERR: 非法操作: todayrecommend

[ 2017-03-30T15:22:14+08:00 ] ::1 /wxmall/home/goodslist/%20todayrecommend
INFO: [ app_init ] --START--
INFO: Run Behavior\BuildLiteBehavior [ RunTime:0.000000s ]
INFO: [ app_init ] --END-- [ RunTime:0.001000s ]
INFO: [ app_begin ] --START--
INFO: Run Behavior\ReadHtmlCacheBehavior [ RunTime:0.001000s ]
INFO: [ app_begin ] --END-- [ RunTime:0.001000s ]
ERR: 非法操作: todayrecommend

[ 2017-03-30T15:23:17+08:00 ] ::1 /wxmall/home/goodslist/todayrecommend
INFO: [ app_init ] --START--
INFO: Run Behavior\BuildLiteBehavior [ RunTime:0.000000s ]
INFO: [ app_init ] --END-- [ RunTime:0.000000s ]
INFO: [ app_begin ] --START--
INFO: Run Behavior\ReadHtmlCacheBehavior [ RunTime:0.001000s ]
INFO: [ app_begin ] --END-- [ RunTime:0.001000s ]
NOTIC: [8] Undefined index: callback E:\xampp\htdocs\wxmall\Application\Home\Controller\GoodslistController.class.php 第 15 行.
SQL: SHOW COLUMNS FROM `wx_goods` [ RunTime:0.0010s ]
SQL: SELECT * FROM `wx_goods` WHERE `if_show` = 1 AND `tag` = 1  [ RunTime:0.0010s ]
INFO: [ app_end ] --START--
INFO: Run Behavior\ShowPageTraceBehavior [ RunTime:0.000000s ]
INFO: [ app_end ] --END-- [ RunTime:0.000000s ]

[ 2017-03-30T15:23:19+08:00 ] ::1 /wxmall/home/goodslist/todayrecommend
INFO: [ app_init ] --START--
INFO: Run Behavior\BuildLiteBehavior [ RunTime:0.000000s ]
INFO: [ app_init ] --END-- [ RunTime:0.000000s ]
INFO: [ app_begin ] --START--
INFO: Run Behavior\ReadHtmlCacheBehavior [ RunTime:0.000000s ]
INFO: [ app_begin ] --END-- [ RunTime:0.000000s ]
NOTIC: [8] Undefined index: callback E:\xampp\htdocs\wxmall\Application\Home\Controller\GoodslistController.class.php 第 15 行.
SQL: SHOW COLUMNS FROM `wx_goods` [ RunTime:0.0010s ]
SQL: SELECT * FROM `wx_goods` WHERE `if_show` = 1 AND `tag` = 1  [ RunTime:0.0010s ]
INFO: [ app_end ] --START--
INFO: Run Behavior\ShowPageTraceBehavior [ RunTime:0.000000s ]
INFO: [ app_end ] --END-- [ RunTime:0.000000s ]

[ 2017-03-30T15:23:20+08:00 ] ::1 /wxmall/home/goodslist/todayrecommend
INFO: [ app_init ] --START--
INFO: Run Behavior\BuildLiteBehavior [ RunTime:0.000000s ]
INFO: [ app_init ] --END-- [ RunTime:0.000000s ]
INFO: [ app_begin ] --START--
INFO: Run Behavior\ReadHtmlCacheBehavior [ RunTime:0.000000s ]
INFO: [ app_begin ] --END-- [ RunTime:0.000000s ]
NOTIC: [8] Undefined index: callback E:\xampp\htdocs\wxmall\Application\Home\Controller\GoodslistController.class.php 第 15 行.
SQL: SHOW COLUMNS FROM `wx_goods` [ RunTime:0.0020s ]
SQL: SELECT * FROM `wx_goods` WHERE `if_show` = 1 AND `tag` = 1  [ RunTime:0.0000s ]
INFO: [ app_end ] --START--
INFO: Run Behavior\ShowPageTraceBehavior [ RunTime:0.001000s ]
INFO: [ app_end ] --END-- [ RunTime:0.001000s ]

[ 2017-03-30T15:23:21+08:00 ] ::1 /wxmall/home/goodslist/todayrecommend
INFO: [ app_init ] --START--
INFO: Run Behavior\BuildLiteBehavior [ RunTime:0.000000s ]
INFO: [ app_init ] --END-- [ RunTime:0.001000s ]
INFO: [ app_begin ] --START--
INFO: Run Behavior\ReadHtmlCacheBehavior [ RunTime:0.000000s ]
INFO: [ app_begin ] --END-- [ RunTime:0.000000s ]
NOTIC: [8] Undefined index: callback E:\xampp\htdocs\wxmall\Application\Home\Controller\GoodslistController.class.php 第 15 行.
SQL: SHOW COLUMNS FROM `wx_goods` [ RunTime:0.0020s ]
SQL: SELECT * FROM `wx_goods` WHERE `if_show` = 1 AND `tag` = 1  [ RunTime:0.0000s ]
INFO: [ app_end ] --START--
INFO: Run Behavior\ShowPageTraceBehavior [ RunTime:0.000000s ]
INFO: [ app_end ] --END-- [ RunTime:0.000000s ]

[ 2017-03-30T15:23:23+08:00 ] ::1 /wxmall/home/goodslist/todayrecommend
INFO: [ app_init ] --START--
INFO: Run Behavior\BuildLiteBehavior [ RunTime:0.000000s ]
INFO: [ app_init ] --END-- [ RunTime:0.000000s ]
INFO: [ app_begin ] --START--
INFO: Run Behavior\ReadHtmlCacheBehavior [ RunTime:0.000000s ]
INFO: [ app_begin ] --END-- [ RunTime:0.000000s ]
NOTIC: [8] Undefined index: callback E:\xampp\htdocs\wxmall\Application\Home\Controller\GoodslistController.class.php 第 15 行.
SQL: SHOW COLUMNS FROM `wx_goods` [ RunTime:0.0010s ]
SQL: SELECT * FROM `wx_goods` WHERE `if_show` = 1 AND `tag` = 1  [ RunTime:0.0000s ]
INFO: [ app_end ] --START--
INFO: Run Behavior\ShowPageTraceBehavior [ RunTime:0.001000s ]
INFO: [ app_end ] --END-- [ RunTime:0.001000s ]

[ 2017-03-30T15:23:24+08:00 ] ::1 /wxmall/home/goodslist/todayrecommend
INFO: [ app_init ] --START--
INFO: Run Behavior\BuildLiteBehavior [ RunTime:0.000000s ]
INFO: [ app_init ] --END-- [ RunTime:0.001000s ]
INFO: [ app_begin ] --START--
INFO: Run Behavior\ReadHtmlCacheBehavior [ RunTime:0.001000s ]
INFO: [ app_begin ] --END-- [ RunTime:0.001000s ]
NOTIC: [8] Undefined index: callback E:\xampp\htdocs\wxmall\Application\Home\Controller\GoodslistController.class.php 第 15 行.
SQL: SHOW COLUMNS FROM `wx_goods` [ RunTime:0.0010s ]
SQL: SELECT * FROM `wx_goods` WHERE `if_show` = 1 AND `tag` = 1  [ RunTime:0.0010s ]
INFO: [ app_end ] --START--
INFO: Run Behavior\ShowPageTraceBehavior [ RunTime:0.000000s ]
INFO: [ app_end ] --END-- [ RunTime:0.000000s ]

[ 2017-03-30T15:23:25+08:00 ] ::1 /wxmall/home/goodslist/todayrecommend
INFO: [ app_init ] --START--
INFO: Run Behavior\BuildLiteBehavior [ RunTime:0.000000s ]
INFO: [ app_init ] --END-- [ RunTime:0.000000s ]
INFO: [ app_begin ] --START--
INFO: Run Behavior\ReadHtmlCacheBehavior [ RunTime:0.000000s ]
INFO: [ app_begin ] --END-- [ RunTime:0.000000s ]
NOTIC: [8] Undefined index: callback E:\xampp\htdocs\wxmall\Application\Home\Controller\GoodslistController.class.php 第 15 行.
SQL: SHOW COLUMNS FROM `wx_goods` [ RunTime:0.0010s ]
SQL: SELECT * FROM `wx_goods` WHERE `if_show` = 1 AND `tag` = 1  [ RunTime:0.0000s ]
INFO: [ app_end ] --START--
INFO: Run Behavior\ShowPageTraceBehavior [ RunTime:0.000000s ]
INFO: [ app_end ] --END-- [ RunTime:0.000000s ]

[ 2017-03-30T15:23:27+08:00 ] ::1 /wxmall/home/goodslist/todayrecommend
INFO: [ app_init ] --START--
INFO: Run Behavior\BuildLiteBehavior [ RunTime:0.000000s ]
INFO: [ app_init ] --END-- [ RunTime:0.000000s ]
INFO: [ app_begin ] --START--
INFO: Run Behavior\ReadHtmlCacheBehavior [ RunTime:0.000000s ]
INFO: [ app_begin ] --END-- [ RunTime:0.000000s ]
NOTIC: [8] Undefined index: callback E:\xampp\htdocs\wxmall\Application\Home\Controller\GoodslistController.class.php 第 15 行.
SQL: SHOW COLUMNS FROM `wx_goods` [ RunTime:0.0010s ]
SQL: SELECT * FROM `wx_goods` WHERE `if_show` = 1 AND `tag` = 1  [ RunTime:0.0010s ]
INFO: [ app_end ] --START--
INFO: Run Behavior\ShowPageTraceBehavior [ RunTime:0.000000s ]
INFO: [ app_end ] --END-- [ RunTime:0.000000s ]

[ 2017-03-30T15:23:45+08:00 ] ::1 /wxmall/home/goodslist/todayrecommend
INFO: [ app_init ] --START--
INFO: Run Behavior\BuildLiteBehavior [ RunTime:0.000000s ]
INFO: [ app_init ] --END-- [ RunTime:0.000000s ]
INFO: [ app_begin ] --START--
INFO: Run Behavior\ReadHtmlCacheBehavior [ RunTime:0.001000s ]
INFO: [ app_begin ] --END-- [ RunTime:0.001000s ]
NOTIC: [8] Undefined index: callback E:\xampp\htdocs\wxmall\Application\Home\Controller\GoodslistController.class.php 第 15 行.
SQL: SHOW COLUMNS FROM `wx_goods` [ RunTime:0.0020s ]
SQL: SELECT * FROM `wx_goods` WHERE `if_show` = 1 AND `tag` = 1  [ RunTime:0.0000s ]
INFO: [ app_end ] --START--
INFO: Run Behavior\ShowPageTraceBehavior [ RunTime:0.000000s ]
INFO: [ app_end ] --END-- [ RunTime:0.000000s ]

[ 2017-03-30T15:24:45+08:00 ] ::1 /wxmall/home/goodslist/todayrecommend
INFO: [ app_init ] --START--
INFO: Run Behavior\BuildLiteBehavior [ RunTime:0.000000s ]
INFO: [ app_init ] --END-- [ RunTime:0.000000s ]
INFO: [ app_begin ] --START--
INFO: Run Behavior\ReadHtmlCacheBehavior [ RunTime:0.000000s ]
INFO: [ app_begin ] --END-- [ RunTime:0.000000s ]
NOTIC: [8] Undefined index: callback E:\xampp\htdocs\wxmall\Application\Home\Controller\GoodslistController.class.php 第 15 行.
SQL: SHOW COLUMNS FROM `wx_goods` [ RunTime:0.0010s ]
SQL: SELECT * FROM `wx_goods` WHERE `if_show` = 1 AND `tag` = 1  [ RunTime:0.0000s ]
INFO: [ app_end ] --START--
INFO: Run Behavior\ShowPageTraceBehavior [ RunTime:0.000000s ]
INFO: [ app_end ] --END-- [ RunTime:0.000000s ]

[ 2017-03-30T15:26:10+08:00 ] ::1 /wxmall/home/goodslist/todayrecommend?callback=aaaaa
INFO: [ app_init ] --START--
INFO: Run Behavior\BuildLiteBehavior [ RunTime:0.000000s ]
INFO: [ app_init ] --END-- [ RunTime:0.000000s ]
INFO: [ app_begin ] --START--
INFO: Run Behavior\ReadHtmlCacheBehavior [ RunTime:0.000000s ]
INFO: [ app_begin ] --END-- [ RunTime:0.000000s ]
NOTIC: [8] Undefined index: callback E:\xampp\htdocs\wxmall\Application\Home\Controller\GoodslistController.class.php 第 15 行.
SQL: SHOW COLUMNS FROM `wx_goods` [ RunTime:0.0020s ]
SQL: SELECT * FROM `wx_goods` WHERE `if_show` = 1 AND `tag` = 1  [ RunTime:0.0000s ]
INFO: [ app_end ] --START--
INFO: Run Behavior\ShowPageTraceBehavior [ RunTime:0.000000s ]
INFO: [ app_end ] --END-- [ RunTime:0.000000s ]

[ 2017-03-30T15:52:07+08:00 ] ::1 /wxmall/home/goodslist/todayrecommend?callback=aaaaa
INFO: [ app_init ] --START--
INFO: Run Behavior\BuildLiteBehavior [ RunTime:0.000000s ]
INFO: [ app_init ] --END-- [ RunTime:0.000000s ]
INFO: [ app_begin ] --START--
INFO: Run Behavior\ReadHtmlCacheBehavior [ RunTime:0.000000s ]
INFO: [ app_begin ] --END-- [ RunTime:0.000000s ]
NOTIC: [8] Undefined index: callback E:\xampp\htdocs\wxmall\Application\Home\Controller\GoodslistController.class.php 第 15 行.
NOTIC: [8] Undefined index: page E:\xampp\htdocs\wxmall\Application\Home\Controller\GoodslistController.class.php 第 16 行.
NOTIC: [8] Undefined index: limit E:\xampp\htdocs\wxmall\Application\Home\Controller\GoodslistController.class.php 第 17 行.
SQL: SHOW COLUMNS FROM `wx_goods` [ RunTime:0.0010s ]
SQL: SELECT COUNT(*) AS tp_count FROM `wx_goods` WHERE `if_show` = 1 AND `tag` = 1 LIMIT 1   [ RunTime:0.0000s ]
ERR: 1064:You have an error in your SQL syntax; check the manual that corresponds to your MariaDB server version for the right syntax to use near '-10,10' at line 1
 [ SQL语句 ] : SELECT * FROM `wx_goods` WHERE `if_show` = 1 AND `tag` = 1 ORDER BY sort_order asc LIMIT -10,10  
ERR: 1064:You have an error in your SQL syntax; check the manual that corresponds to your MariaDB server version for the right syntax to use near '-10,10' at line 1
 [ SQL语句 ] : SELECT * FROM `wx_goods` WHERE `if_show` = 1 AND `tag` = 1 ORDER BY sort_order asc LIMIT -10,10  

[ 2017-03-30T15:56:12+08:00 ] ::1 /wxmall/home/goodslist/todayrecommend?callback=aaaaa
INFO: [ app_init ] --START--
INFO: Run Behavior\BuildLiteBehavior [ RunTime:0.000000s ]
INFO: [ app_init ] --END-- [ RunTime:0.001000s ]
INFO: [ app_begin ] --START--
INFO: Run Behavior\ReadHtmlCacheBehavior [ RunTime:0.001000s ]
INFO: [ app_begin ] --END-- [ RunTime:0.001000s ]
NOTIC: [8] Undefined index: callback E:\xampp\htdocs\wxmall\Application\Home\Controller\GoodslistController.class.php 第 15 行.
NOTIC: [8] Undefined index: page E:\xampp\htdocs\wxmall\Application\Home\Controller\GoodslistController.class.php 第 16 行.
NOTIC: [8] Undefined index: limit E:\xampp\htdocs\wxmall\Application\Home\Controller\GoodslistController.class.php 第 17 行.
SQL: SHOW COLUMNS FROM `wx_goods` [ RunTime:0.0010s ]
SQL: SELECT COUNT(*) AS tp_count FROM `wx_goods` WHERE `if_show` = 1 AND `tag` = 1 LIMIT 1   [ RunTime:0.0000s ]
ERR: 1064:You have an error in your SQL syntax; check the manual that corresponds to your MariaDB server version for the right syntax to use near '-10,10' at line 1
 [ SQL语句 ] : SELECT * FROM `wx_goods` WHERE `if_show` = 1 AND `tag` = 1 ORDER BY sort_order asc LIMIT -10,10  
ERR: 1064:You have an error in your SQL syntax; check the manual that corresponds to your MariaDB server version for the right syntax to use near '-10,10' at line 1
 [ SQL语句 ] : SELECT * FROM `wx_goods` WHERE `if_show` = 1 AND `tag` = 1 ORDER BY sort_order asc LIMIT -10,10  

[ 2017-03-30T15:56:16+08:00 ] ::1 /wxmall/home/goodslist/todayrecommend?callback=aaaaa
INFO: [ app_init ] --START--
INFO: Run Behavior\BuildLiteBehavior [ RunTime:0.000000s ]
INFO: [ app_init ] --END-- [ RunTime:0.000000s ]
INFO: [ app_begin ] --START--
INFO: Run Behavior\ReadHtmlCacheBehavior [ RunTime:0.000000s ]
INFO: [ app_begin ] --END-- [ RunTime:0.000000s ]
NOTIC: [8] Undefined index: callback E:\xampp\htdocs\wxmall\Application\Home\Controller\GoodslistController.class.php 第 15 行.
NOTIC: [8] Undefined index: page E:\xampp\htdocs\wxmall\Application\Home\Controller\GoodslistController.class.php 第 16 行.
NOTIC: [8] Undefined index: limit E:\xampp\htdocs\wxmall\Application\Home\Controller\GoodslistController.class.php 第 17 行.
SQL: SHOW COLUMNS FROM `wx_goods` [ RunTime:0.0020s ]
SQL: SELECT COUNT(*) AS tp_count FROM `wx_goods` WHERE `if_show` = 1 AND `tag` = 1 LIMIT 1   [ RunTime:0.0000s ]
ERR: 1064:You have an error in your SQL syntax; check the manual that corresponds to your MariaDB server version for the right syntax to use near '-10,10' at line 1
 [ SQL语句 ] : SELECT * FROM `wx_goods` WHERE `if_show` = 1 AND `tag` = 1 ORDER BY sort_order asc LIMIT -10,10  
ERR: 1064:You have an error in your SQL syntax; check the manual that corresponds to your MariaDB server version for the right syntax to use near '-10,10' at line 1
 [ SQL语句 ] : SELECT * FROM `wx_goods` WHERE `if_show` = 1 AND `tag` = 1 ORDER BY sort_order asc LIMIT -10,10  

[ 2017-03-30T15:56:17+08:00 ] ::1 /wxmall/home/goodslist/todayrecommend?callback=aaaaa
INFO: [ app_init ] --START--
INFO: Run Behavior\BuildLiteBehavior [ RunTime:0.000000s ]
INFO: [ app_init ] --END-- [ RunTime:0.001000s ]
INFO: [ app_begin ] --START--
INFO: Run Behavior\ReadHtmlCacheBehavior [ RunTime:0.001000s ]
INFO: [ app_begin ] --END-- [ RunTime:0.001000s ]
NOTIC: [8] Undefined index: callback E:\xampp\htdocs\wxmall\Application\Home\Controller\GoodslistController.class.php 第 15 行.
NOTIC: [8] Undefined index: page E:\xampp\htdocs\wxmall\Application\Home\Controller\GoodslistController.class.php 第 16 行.
NOTIC: [8] Undefined index: limit E:\xampp\htdocs\wxmall\Application\Home\Controller\GoodslistController.class.php 第 17 行.
SQL: SHOW COLUMNS FROM `wx_goods` [ RunTime:0.0010s ]
SQL: SELECT COUNT(*) AS tp_count FROM `wx_goods` WHERE `if_show` = 1 AND `tag` = 1 LIMIT 1   [ RunTime:0.0000s ]
ERR: 1064:You have an error in your SQL syntax; check the manual that corresponds to your MariaDB server version for the right syntax to use near '-10,10' at line 1
 [ SQL语句 ] : SELECT * FROM `wx_goods` WHERE `if_show` = 1 AND `tag` = 1 ORDER BY sort_order asc LIMIT -10,10  
ERR: 1064:You have an error in your SQL syntax; check the manual that corresponds to your MariaDB server version for the right syntax to use near '-10,10' at line 1
 [ SQL语句 ] : SELECT * FROM `wx_goods` WHERE `if_show` = 1 AND `tag` = 1 ORDER BY sort_order asc LIMIT -10,10  

[ 2017-03-30T15:56:43+08:00 ] ::1 /wxmall/home/goodslist/todayrecommend?callback=aaaaa
INFO: [ app_init ] --START--
INFO: Run Behavior\BuildLiteBehavior [ RunTime:0.000000s ]
INFO: [ app_init ] --END-- [ RunTime:0.001000s ]
INFO: [ app_begin ] --START--
INFO: Run Behavior\ReadHtmlCacheBehavior [ RunTime:0.000000s ]
INFO: [ app_begin ] --END-- [ RunTime:0.000000s ]
NOTIC: [8] Undefined index: callback E:\xampp\htdocs\wxmall\Application\Home\Controller\GoodslistController.class.php 第 15 行.
NOTIC: [8] Undefined index: page E:\xampp\htdocs\wxmall\Application\Home\Controller\GoodslistController.class.php 第 16 行.
NOTIC: [8] Undefined index: limit E:\xampp\htdocs\wxmall\Application\Home\Controller\GoodslistController.class.php 第 17 行.
SQL: SHOW COLUMNS FROM `wx_goods` [ RunTime:0.0020s ]
SQL: SELECT COUNT(*) AS tp_count FROM `wx_goods` WHERE `if_show` = 1 AND `tag` = 1 LIMIT 1   [ RunTime:0.0000s ]
ERR: 1054:Unknown column 'sort_order' in 'order clause'
 [ SQL语句 ] : SELECT * FROM `wx_goods` WHERE `if_show` = 1 AND `tag` = 1 ORDER BY sort_order asc LIMIT 0,10  
ERR: 1054:Unknown column 'sort_order' in 'order clause'
 [ SQL语句 ] : SELECT * FROM `wx_goods` WHERE `if_show` = 1 AND `tag` = 1 ORDER BY sort_order asc LIMIT 0,10  

[ 2017-03-30T15:56:44+08:00 ] ::1 /wxmall/home/goodslist/todayrecommend?callback=aaaaa
INFO: [ app_init ] --START--
INFO: Run Behavior\BuildLiteBehavior [ RunTime:0.000000s ]
INFO: [ app_init ] --END-- [ RunTime:0.000000s ]
INFO: [ app_begin ] --START--
INFO: Run Behavior\ReadHtmlCacheBehavior [ RunTime:0.000000s ]
INFO: [ app_begin ] --END-- [ RunTime:0.000000s ]
NOTIC: [8] Undefined index: callback E:\xampp\htdocs\wxmall\Application\Home\Controller\GoodslistController.class.php 第 15 行.
NOTIC: [8] Undefined index: page E:\xampp\htdocs\wxmall\Application\Home\Controller\GoodslistController.class.php 第 16 行.
NOTIC: [8] Undefined index: limit E:\xampp\htdocs\wxmall\Application\Home\Controller\GoodslistController.class.php 第 17 行.
SQL: SHOW COLUMNS FROM `wx_goods` [ RunTime:0.0010s ]
SQL: SELECT COUNT(*) AS tp_count FROM `wx_goods` WHERE `if_show` = 1 AND `tag` = 1 LIMIT 1   [ RunTime:0.0000s ]
ERR: 1054:Unknown column 'sort_order' in 'order clause'
 [ SQL语句 ] : SELECT * FROM `wx_goods` WHERE `if_show` = 1 AND `tag` = 1 ORDER BY sort_order asc LIMIT 0,10  
ERR: 1054:Unknown column 'sort_order' in 'order clause'
 [ SQL语句 ] : SELECT * FROM `wx_goods` WHERE `if_show` = 1 AND `tag` = 1 ORDER BY sort_order asc LIMIT 0,10  

[ 2017-03-30T15:58:26+08:00 ] ::1 /wxmall/home/goodslist/todayrecommend?callback=aaaaa
INFO: [ app_init ] --START--
INFO: Run Behavior\BuildLiteBehavior [ RunTime:0.000000s ]
INFO: [ app_init ] --END-- [ RunTime:0.000000s ]
INFO: [ app_begin ] --START--
INFO: Run Behavior\ReadHtmlCacheBehavior [ RunTime:0.000000s ]
INFO: [ app_begin ] --END-- [ RunTime:0.000000s ]
NOTIC: [8] Undefined index: callback E:\xampp\htdocs\wxmall\Application\Home\Controller\GoodslistController.class.php 第 15 行.
NOTIC: [8] Undefined index: page E:\xampp\htdocs\wxmall\Application\Home\Controller\GoodslistController.class.php 第 16 行.
NOTIC: [8] Undefined index: limit E:\xampp\htdocs\wxmall\Application\Home\Controller\GoodslistController.class.php 第 17 行.
SQL: SHOW COLUMNS FROM `wx_goods` [ RunTime:0.0010s ]
SQL: SELECT COUNT(*) AS tp_count FROM `wx_goods` WHERE `if_show` = 1 AND `tag` = 1 LIMIT 1   [ RunTime:0.0000s ]
ERR: 1064:You have an error in your SQL syntax; check the manual that corresponds to your MariaDB server version for the right syntax to use near '-10,10' at line 1
 [ SQL语句 ] : SELECT * FROM `wx_goods` WHERE `if_show` = 1 AND `tag` = 1 ORDER BY id desc LIMIT -10,10  
ERR: 1064:You have an error in your SQL syntax; check the manual that corresponds to your MariaDB server version for the right syntax to use near '-10,10' at line 1
 [ SQL语句 ] : SELECT * FROM `wx_goods` WHERE `if_show` = 1 AND `tag` = 1 ORDER BY id desc LIMIT -10,10  

[ 2017-03-30T15:58:59+08:00 ] ::1 /wxmall/home/goodslist/todayrecommend?callback=aaaaa
INFO: [ app_init ] --START--
INFO: Run Behavior\BuildLiteBehavior [ RunTime:0.000000s ]
INFO: [ app_init ] --END-- [ RunTime:0.001000s ]
INFO: [ app_begin ] --START--
INFO: Run Behavior\ReadHtmlCacheBehavior [ RunTime:0.001001s ]
INFO: [ app_begin ] --END-- [ RunTime:0.001001s ]
NOTIC: [8] Undefined index: callback E:\xampp\htdocs\wxmall\Application\Home\Controller\GoodslistController.class.php 第 15 行.
NOTIC: [8] Undefined index: page E:\xampp\htdocs\wxmall\Application\Home\Controller\GoodslistController.class.php 第 16 行.
NOTIC: [8] Undefined index: limit E:\xampp\htdocs\wxmall\Application\Home\Controller\GoodslistController.class.php 第 17 行.
SQL: SHOW COLUMNS FROM `wx_goods` [ RunTime:0.0020s ]
SQL: SELECT COUNT(*) AS tp_count FROM `wx_goods` WHERE `if_show` = 1 AND `tag` = 1 LIMIT 1   [ RunTime:0.0000s ]
ERR: 1054:Unknown column 'id' in 'order clause'
 [ SQL语句 ] : SELECT * FROM `wx_goods` WHERE `if_show` = 1 AND `tag` = 1 ORDER BY id desc 
ERR: 1054:Unknown column 'id' in 'order clause'
 [ SQL语句 ] : SELECT * FROM `wx_goods` WHERE `if_show` = 1 AND `tag` = 1 ORDER BY id desc 

[ 2017-03-30T15:59:00+08:00 ] ::1 /wxmall/home/goodslist/todayrecommend?callback=aaaaa
INFO: [ app_init ] --START--
INFO: Run Behavior\BuildLiteBehavior [ RunTime:0.000000s ]
INFO: [ app_init ] --END-- [ RunTime:0.000000s ]
INFO: [ app_begin ] --START--
INFO: Run Behavior\ReadHtmlCacheBehavior [ RunTime:0.000000s ]
INFO: [ app_begin ] --END-- [ RunTime:0.000000s ]
NOTIC: [8] Undefined index: callback E:\xampp\htdocs\wxmall\Application\Home\Controller\GoodslistController.class.php 第 15 行.
NOTIC: [8] Undefined index: page E:\xampp\htdocs\wxmall\Application\Home\Controller\GoodslistController.class.php 第 16 行.
NOTIC: [8] Undefined index: limit E:\xampp\htdocs\wxmall\Application\Home\Controller\GoodslistController.class.php 第 17 行.
SQL: SHOW COLUMNS FROM `wx_goods` [ RunTime:0.0010s ]
SQL: SELECT COUNT(*) AS tp_count FROM `wx_goods` WHERE `if_show` = 1 AND `tag` = 1 LIMIT 1   [ RunTime:0.0000s ]
ERR: 1054:Unknown column 'id' in 'order clause'
 [ SQL语句 ] : SELECT * FROM `wx_goods` WHERE `if_show` = 1 AND `tag` = 1 ORDER BY id desc 
ERR: 1054:Unknown column 'id' in 'order clause'
 [ SQL语句 ] : SELECT * FROM `wx_goods` WHERE `if_show` = 1 AND `tag` = 1 ORDER BY id desc 

[ 2017-03-30T16:00:13+08:00 ] ::1 /wxmall/home/goodslist/todayrecommend?callback=aaaaa&page=1&limit=2
INFO: [ app_init ] --START--
INFO: Run Behavior\BuildLiteBehavior [ RunTime:0.000000s ]
INFO: [ app_init ] --END-- [ RunTime:0.000000s ]
INFO: [ app_begin ] --START--
INFO: Run Behavior\ReadHtmlCacheBehavior [ RunTime:0.001000s ]
INFO: [ app_begin ] --END-- [ RunTime:0.001000s ]
NOTIC: [8] Undefined index: callback E:\xampp\htdocs\wxmall\Application\Home\Controller\GoodslistController.class.php 第 15 行.
NOTIC: [8] Undefined index: page E:\xampp\htdocs\wxmall\Application\Home\Controller\GoodslistController.class.php 第 16 行.
NOTIC: [8] Undefined index: limit E:\xampp\htdocs\wxmall\Application\Home\Controller\GoodslistController.class.php 第 17 行.
SQL: SHOW COLUMNS FROM `wx_goods` [ RunTime:0.0010s ]
SQL: SELECT COUNT(*) AS tp_count FROM `wx_goods` WHERE `if_show` = 1 AND `tag` = 1 LIMIT 1   [ RunTime:0.0000s ]
ERR: 1054:Unknown column 'id' in 'order clause'
 [ SQL语句 ] : SELECT * FROM `wx_goods` WHERE `if_show` = 1 AND `tag` = 1 ORDER BY id desc 
ERR: 1054:Unknown column 'id' in 'order clause'
 [ SQL语句 ] : SELECT * FROM `wx_goods` WHERE `if_show` = 1 AND `tag` = 1 ORDER BY id desc 

[ 2017-03-30T16:01:49+08:00 ] ::1 /wxmall/home/goodslist/todayrecommend?callback=aaaaa&page=1&limit=2
INFO: [ app_init ] --START--
INFO: Run Behavior\BuildLiteBehavior [ RunTime:0.000000s ]
INFO: [ app_init ] --END-- [ RunTime:0.000000s ]
INFO: [ app_begin ] --START--
INFO: Run Behavior\ReadHtmlCacheBehavior [ RunTime:0.000000s ]
INFO: [ app_begin ] --END-- [ RunTime:0.000000s ]
NOTIC: [8] Undefined index: callback E:\xampp\htdocs\wxmall\Application\Home\Controller\GoodslistController.class.php 第 15 行.
NOTIC: [8] Undefined index: page E:\xampp\htdocs\wxmall\Application\Home\Controller\GoodslistController.class.php 第 16 行.
NOTIC: [8] Undefined index: limit E:\xampp\htdocs\wxmall\Application\Home\Controller\GoodslistController.class.php 第 17 行.
SQL: SHOW COLUMNS FROM `wx_goods` [ RunTime:0.0010s ]
SQL: SELECT COUNT(*) AS tp_count FROM `wx_goods` WHERE `if_show` = 1 AND `tag` = 1 LIMIT 1   [ RunTime:0.0010s ]
SQL: SELECT * FROM `wx_goods` WHERE `if_show` = 1 AND `tag` = 1 ORDER BY goods_id desc  [ RunTime:0.0000s ]
INFO: [ app_end ] --START--
INFO: Run Behavior\ShowPageTraceBehavior [ RunTime:0.001000s ]
INFO: [ app_end ] --END-- [ RunTime:0.001000s ]

[ 2017-03-30T16:02:22+08:00 ] ::1 /wxmall/home/goodslist/todayrecommend?callback=aaaaa&page=1&limit=2
INFO: [ app_init ] --START--
INFO: Run Behavior\BuildLiteBehavior [ RunTime:0.000000s ]
INFO: [ app_init ] --END-- [ RunTime:0.000000s ]
INFO: [ app_begin ] --START--
INFO: Run Behavior\ReadHtmlCacheBehavior [ RunTime:0.000000s ]
INFO: [ app_begin ] --END-- [ RunTime:0.000000s ]
NOTIC: [8] Undefined index: callback E:\xampp\htdocs\wxmall\Application\Home\Controller\GoodslistController.class.php 第 15 行.
NOTIC: [8] Undefined index: page E:\xampp\htdocs\wxmall\Application\Home\Controller\GoodslistController.class.php 第 16 行.
NOTIC: [8] Undefined index: limit E:\xampp\htdocs\wxmall\Application\Home\Controller\GoodslistController.class.php 第 17 行.
SQL: SHOW COLUMNS FROM `wx_goods` [ RunTime:0.0020s ]
SQL: SELECT COUNT(*) AS tp_count FROM `wx_goods` WHERE `if_show` = 1 AND `tag` = 1 LIMIT 1   [ RunTime:0.0000s ]
ERR: 1054:Unknown column 'id' in 'order clause'
 [ SQL语句 ] : SELECT * FROM `wx_goods` WHERE `if_show` = 1 AND `tag` = 1 ORDER BY id desc 
ERR: 1054:Unknown column 'id' in 'order clause'
 [ SQL语句 ] : SELECT * FROM `wx_goods` WHERE `if_show` = 1 AND `tag` = 1 ORDER BY id desc 

[ 2017-03-30T16:06:06+08:00 ] ::1 /wxmall/home/goodslist/todayrecommend?callback=aaaaa&limit=2
INFO: [ app_init ] --START--
INFO: Run Behavior\BuildLiteBehavior [ RunTime:0.001000s ]
INFO: [ app_init ] --END-- [ RunTime:0.001000s ]
INFO: [ app_begin ] --START--
INFO: Run Behavior\ReadHtmlCacheBehavior [ RunTime:0.001000s ]
INFO: [ app_begin ] --END-- [ RunTime:0.001000s ]
NOTIC: [8] Undefined index: callback E:\xampp\htdocs\wxmall\Application\Home\Controller\GoodslistController.class.php 第 15 行.
NOTIC: [8] Undefined index: page E:\xampp\htdocs\wxmall\Application\Home\Controller\GoodslistController.class.php 第 16 行.
NOTIC: [8] Undefined index: limit E:\xampp\htdocs\wxmall\Application\Home\Controller\GoodslistController.class.php 第 17 行.
SQL: SHOW COLUMNS FROM `wx_goods` [ RunTime:0.0010s ]
SQL: SELECT COUNT(*) AS tp_count FROM `wx_goods` WHERE `if_show` = 1 AND `tag` = 1 LIMIT 1   [ RunTime:0.0010s ]
ERR: 1054:Unknown column 'id' in 'order clause'
 [ SQL语句 ] : SELECT * FROM `wx_goods` WHERE `if_show` = 1 AND `tag` = 1 ORDER BY id desc 
ERR: 1054:Unknown column 'id' in 'order clause'
 [ SQL语句 ] : SELECT * FROM `wx_goods` WHERE `if_show` = 1 AND `tag` = 1 ORDER BY id desc 

[ 2017-03-30T16:06:33+08:00 ] ::1 /wxmall/home/goodslist/todayrecommend?callback=aaaaa&limit=2
INFO: [ app_init ] --START--
INFO: Run Behavior\BuildLiteBehavior [ RunTime:0.000000s ]
INFO: [ app_init ] --END-- [ RunTime:0.000000s ]
INFO: [ app_begin ] --START--
INFO: Run Behavior\ReadHtmlCacheBehavior [ RunTime:0.001000s ]
INFO: [ app_begin ] --END-- [ RunTime:0.001000s ]
NOTIC: [8] Undefined index: callback E:\xampp\htdocs\wxmall\Application\Home\Controller\GoodslistController.class.php 第 15 行.
NOTIC: [8] Undefined index: page E:\xampp\htdocs\wxmall\Application\Home\Controller\GoodslistController.class.php 第 16 行.
NOTIC: [8] Undefined index: limit E:\xampp\htdocs\wxmall\Application\Home\Controller\GoodslistController.class.php 第 17 行.
SQL: SHOW COLUMNS FROM `wx_goods` [ RunTime:0.0010s ]
SQL: SELECT COUNT(*) AS tp_count FROM `wx_goods` WHERE `if_show` = 1 AND `tag` = 1 LIMIT 1   [ RunTime:0.0000s ]
ERR: 1054:Unknown column 'id' in 'order clause'
 [ SQL语句 ] : SELECT * FROM `wx_goods` WHERE `if_show` = 1 AND `tag` = 1 ORDER BY id desc LIMIT 0,2  
ERR: 1054:Unknown column 'id' in 'order clause'
 [ SQL语句 ] : SELECT * FROM `wx_goods` WHERE `if_show` = 1 AND `tag` = 1 ORDER BY id desc LIMIT 0,2  

[ 2017-03-30T16:10:35+08:00 ] ::1 /wxmall/home/goodslist/todayrecommend?callback=aaaaa&limit=2
INFO: [ app_init ] --START--
INFO: Run Behavior\BuildLiteBehavior [ RunTime:0.000000s ]
INFO: [ app_init ] --END-- [ RunTime:0.001000s ]
INFO: [ app_begin ] --START--
INFO: Run Behavior\ReadHtmlCacheBehavior [ RunTime:0.001000s ]
INFO: [ app_begin ] --END-- [ RunTime:0.001000s ]
NOTIC: [8] Undefined index: callback E:\xampp\htdocs\wxmall\Application\Home\Controller\GoodslistController.class.php 第 15 行.
NOTIC: [8] Undefined index: page E:\xampp\htdocs\wxmall\Application\Home\Controller\GoodslistController.class.php 第 16 行.
NOTIC: [8] Undefined index: limit E:\xampp\htdocs\wxmall\Application\Home\Controller\GoodslistController.class.php 第 17 行.
SQL: SHOW COLUMNS FROM `wx_goods` [ RunTime:0.0010s ]
SQL: SELECT COUNT(*) AS tp_count FROM `wx_goods` WHERE `if_show` = 1 AND `tag` = 1 LIMIT 1   [ RunTime:0.0010s ]
ERR: 1054:Unknown column 'id' in 'order clause'
 [ SQL语句 ] : SELECT * FROM `wx_goods` WHERE `if_show` = 1 AND `tag` = 1 ORDER BY id desc 
ERR: 1054:Unknown column 'id' in 'order clause'
 [ SQL语句 ] : SELECT * FROM `wx_goods` WHERE `if_show` = 1 AND `tag` = 1 ORDER BY id desc 

[ 2017-03-30T16:10:36+08:00 ] ::1 /wxmall/home/goodslist/todayrecommend?callback=aaaaa&limit=2
INFO: [ app_init ] --START--
INFO: Run Behavior\BuildLiteBehavior [ RunTime:0.000000s ]
INFO: [ app_init ] --END-- [ RunTime:0.000000s ]
INFO: [ app_begin ] --START--
INFO: Run Behavior\ReadHtmlCacheBehavior [ RunTime:0.001000s ]
INFO: [ app_begin ] --END-- [ RunTime:0.001000s ]
NOTIC: [8] Undefined index: callback E:\xampp\htdocs\wxmall\Application\Home\Controller\GoodslistController.class.php 第 15 行.
NOTIC: [8] Undefined index: page E:\xampp\htdocs\wxmall\Application\Home\Controller\GoodslistController.class.php 第 16 行.
NOTIC: [8] Undefined index: limit E:\xampp\htdocs\wxmall\Application\Home\Controller\GoodslistController.class.php 第 17 行.
SQL: SHOW COLUMNS FROM `wx_goods` [ RunTime:0.0010s ]
SQL: SELECT COUNT(*) AS tp_count FROM `wx_goods` WHERE `if_show` = 1 AND `tag` = 1 LIMIT 1   [ RunTime:0.0000s ]
ERR: 1054:Unknown column 'id' in 'order clause'
 [ SQL语句 ] : SELECT * FROM `wx_goods` WHERE `if_show` = 1 AND `tag` = 1 ORDER BY id desc 
ERR: 1054:Unknown column 'id' in 'order clause'
 [ SQL语句 ] : SELECT * FROM `wx_goods` WHERE `if_show` = 1 AND `tag` = 1 ORDER BY id desc 

[ 2017-03-30T16:14:22+08:00 ] ::1 /wxmall/home/goodslist/todayrecommend?callback=aaaaa&limit=2
INFO: [ app_init ] --START--
INFO: Run Behavior\BuildLiteBehavior [ RunTime:0.000000s ]
INFO: [ app_init ] --END-- [ RunTime:0.000000s ]
INFO: [ app_begin ] --START--
INFO: Run Behavior\ReadHtmlCacheBehavior [ RunTime:0.000000s ]
INFO: [ app_begin ] --END-- [ RunTime:0.000000s ]
NOTIC: [8] Undefined index: callback E:\xampp\htdocs\wxmall\Application\Home\Controller\GoodslistController.class.php 第 15 行.
NOTIC: [8] Undefined index: page E:\xampp\htdocs\wxmall\Application\Home\Controller\GoodslistController.class.php 第 16 行.
NOTIC: [8] Undefined index: limit E:\xampp\htdocs\wxmall\Application\Home\Controller\GoodslistController.class.php 第 17 行.
SQL: SHOW COLUMNS FROM `wx_goods` [ RunTime:0.0010s ]
SQL: SELECT COUNT(*) AS tp_count FROM `wx_goods` WHERE `if_show` = 1 AND `tag` = 1 LIMIT 1   [ RunTime:0.0000s ]
NOTIC: [2] Missing argument 3 for Think\Page::__construct(), called in E:\xampp\htdocs\wxmall\Application\Home\Controller\GoodslistController.class.php on line 22 and defined E:\xampp\htdocs\wxmall\ThinkPHP\Library\Think\Page.class.php 第 42 行.
ERR: 1054:Unknown column 'id' in 'order clause'
 [ SQL语句 ] : SELECT * FROM `wx_goods` WHERE `if_show` = 1 AND `tag` = 1 ORDER BY id desc 
ERR: 1054:Unknown column 'id' in 'order clause'
 [ SQL语句 ] : SELECT * FROM `wx_goods` WHERE `if_show` = 1 AND `tag` = 1 ORDER BY id desc 

[ 2017-03-30T16:16:31+08:00 ] ::1 /wxmall/home/goodslist/todayrecommend?callback=aaaaa&limit=2
INFO: [ app_init ] --START--
INFO: Run Behavior\BuildLiteBehavior [ RunTime:0.000000s ]
INFO: [ app_init ] --END-- [ RunTime:0.001000s ]
INFO: [ app_begin ] --START--
INFO: Run Behavior\ReadHtmlCacheBehavior [ RunTime:0.001000s ]
INFO: [ app_begin ] --END-- [ RunTime:0.001000s ]
NOTIC: [8] Undefined index: callback E:\xampp\htdocs\wxmall\Application\Home\Controller\GoodslistController.class.php 第 15 行.
NOTIC: [8] Undefined index: page E:\xampp\htdocs\wxmall\Application\Home\Controller\GoodslistController.class.php 第 16 行.
SQL: SHOW COLUMNS FROM `wx_goods` [ RunTime:0.0010s ]
SQL: SELECT COUNT(*) AS tp_count FROM `wx_goods` WHERE `if_show` = 1 AND `tag` = 1 LIMIT 1   [ RunTime:0.0000s ]
NOTIC: [2] Missing argument 3 for Think\Page::__construct(), called in E:\xampp\htdocs\wxmall\Application\Home\Controller\GoodslistController.class.php on line 22 and defined E:\xampp\htdocs\wxmall\ThinkPHP\Library\Think\Page.class.php 第 42 行.
ERR: 1054:Unknown column 'id' in 'order clause'
 [ SQL语句 ] : SELECT * FROM `wx_goods` WHERE `if_show` = 1 AND `tag` = 1 ORDER BY id desc LIMIT 0,2  
ERR: 1054:Unknown column 'id' in 'order clause'
 [ SQL语句 ] : SELECT * FROM `wx_goods` WHERE `if_show` = 1 AND `tag` = 1 ORDER BY id desc LIMIT 0,2  

[ 2017-03-30T16:17:33+08:00 ] ::1 /wxmall/home/goodslist/todayrecommend?callback=aaaaa&limit=2
INFO: [ app_init ] --START--
INFO: Run Behavior\BuildLiteBehavior [ RunTime:0.000000s ]
INFO: [ app_init ] --END-- [ RunTime:0.000000s ]
INFO: [ app_begin ] --START--
INFO: Run Behavior\ReadHtmlCacheBehavior [ RunTime:0.000000s ]
INFO: [ app_begin ] --END-- [ RunTime:0.000000s ]
NOTIC: [8] Undefined index: callback E:\xampp\htdocs\wxmall\Application\Home\Controller\GoodslistController.class.php 第 15 行.
NOTIC: [8] Undefined index: page E:\xampp\htdocs\wxmall\Application\Home\Controller\GoodslistController.class.php 第 16 行.
SQL: SHOW COLUMNS FROM `wx_goods` [ RunTime:0.0010s ]
SQL: SELECT COUNT(*) AS tp_count FROM `wx_goods` WHERE `if_show` = 1 AND `tag` = 1 LIMIT 1   [ RunTime:0.0000s ]
NOTIC: [2] Missing argument 3 for Think\Page::__construct(), called in E:\xampp\htdocs\wxmall\Application\Home\Controller\GoodslistController.class.php on line 22 and defined E:\xampp\htdocs\wxmall\ThinkPHP\Library\Think\Page.class.php 第 42 行.
ERR: 1054:Unknown column 'id' in 'order clause'
 [ SQL语句 ] : SELECT * FROM `wx_goods` WHERE `if_show` = 1 AND `tag` = 1 ORDER BY id desc LIMIT 0,2  
ERR: 1054:Unknown column 'id' in 'order clause'
 [ SQL语句 ] : SELECT * FROM `wx_goods` WHERE `if_show` = 1 AND `tag` = 1 ORDER BY id desc LIMIT 0,2  

[ 2017-03-30T16:17:34+08:00 ] ::1 /wxmall/home/goodslist/todayrecommend?callback=aaaaa&limit=2
INFO: [ app_init ] --START--
INFO: Run Behavior\BuildLiteBehavior [ RunTime:0.000000s ]
INFO: [ app_init ] --END-- [ RunTime:0.000000s ]
INFO: [ app_begin ] --START--
INFO: Run Behavior\ReadHtmlCacheBehavior [ RunTime:0.000000s ]
INFO: [ app_begin ] --END-- [ RunTime:0.000000s ]
NOTIC: [8] Undefined index: callback E:\xampp\htdocs\wxmall\Application\Home\Controller\GoodslistController.class.php 第 15 行.
NOTIC: [8] Undefined index: page E:\xampp\htdocs\wxmall\Application\Home\Controller\GoodslistController.class.php 第 16 行.
SQL: SHOW COLUMNS FROM `wx_goods` [ RunTime:0.0010s ]
SQL: SELECT COUNT(*) AS tp_count FROM `wx_goods` WHERE `if_show` = 1 AND `tag` = 1 LIMIT 1   [ RunTime:0.0000s ]
NOTIC: [2] Missing argument 3 for Think\Page::__construct(), called in E:\xampp\htdocs\wxmall\Application\Home\Controller\GoodslistController.class.php on line 22 and defined E:\xampp\htdocs\wxmall\ThinkPHP\Library\Think\Page.class.php 第 42 行.
ERR: 1054:Unknown column 'id' in 'order clause'
 [ SQL语句 ] : SELECT * FROM `wx_goods` WHERE `if_show` = 1 AND `tag` = 1 ORDER BY id desc LIMIT 0,2  
ERR: 1054:Unknown column 'id' in 'order clause'
 [ SQL语句 ] : SELECT * FROM `wx_goods` WHERE `if_show` = 1 AND `tag` = 1 ORDER BY id desc LIMIT 0,2  

[ 2017-03-30T16:18:09+08:00 ] ::1 /wxmall/home/goodslist/todayrecommend?callback=aaaaa&limit=2
INFO: [ app_init ] --START--
INFO: Run Behavior\BuildLiteBehavior [ RunTime:0.000000s ]
INFO: [ app_init ] --END-- [ RunTime:0.001000s ]
INFO: [ app_begin ] --START--
INFO: Run Behavior\ReadHtmlCacheBehavior [ RunTime:0.001000s ]
INFO: [ app_begin ] --END-- [ RunTime:0.001000s ]
NOTIC: [8] Undefined index: callback E:\xampp\htdocs\wxmall\Application\Home\Controller\GoodslistController.class.php 第 15 行.
NOTIC: [8] Undefined index: page E:\xampp\htdocs\wxmall\Application\Home\Controller\GoodslistController.class.php 第 16 行.
SQL: SHOW COLUMNS FROM `wx_goods` [ RunTime:0.0010s ]
SQL: SELECT COUNT(*) AS tp_count FROM `wx_goods` WHERE `if_show` = 1 AND `tag` = 1 LIMIT 1   [ RunTime:0.0000s ]
ERR: 1054:Unknown column 'id' in 'order clause'
 [ SQL语句 ] : SELECT * FROM `wx_goods` WHERE `if_show` = 1 AND `tag` = 1 ORDER BY id desc LIMIT 0,2  
ERR: 1054:Unknown column 'id' in 'order clause'
 [ SQL语句 ] : SELECT * FROM `wx_goods` WHERE `if_show` = 1 AND `tag` = 1 ORDER BY id desc LIMIT 0,2  

[ 2017-03-30T16:18:18+08:00 ] ::1 /wxmall/home/goodslist/todayrecommend?callback=aaaaa&limit=2&page=2
INFO: [ app_init ] --START--
INFO: Run Behavior\BuildLiteBehavior [ RunTime:0.000000s ]
INFO: [ app_init ] --END-- [ RunTime:0.001000s ]
INFO: [ app_begin ] --START--
INFO: Run Behavior\ReadHtmlCacheBehavior [ RunTime:0.001000s ]
INFO: [ app_begin ] --END-- [ RunTime:0.001000s ]
NOTIC: [8] Undefined index: callback E:\xampp\htdocs\wxmall\Application\Home\Controller\GoodslistController.class.php 第 15 行.
SQL: SHOW COLUMNS FROM `wx_goods` [ RunTime:0.0020s ]
SQL: SELECT COUNT(*) AS tp_count FROM `wx_goods` WHERE `if_show` = 1 AND `tag` = 1 LIMIT 1   [ RunTime:0.0000s ]
ERR: 1054:Unknown column 'id' in 'order clause'
 [ SQL语句 ] : SELECT * FROM `wx_goods` WHERE `if_show` = 1 AND `tag` = 1 ORDER BY id desc LIMIT 2,2  
ERR: 1054:Unknown column 'id' in 'order clause'
 [ SQL语句 ] : SELECT * FROM `wx_goods` WHERE `if_show` = 1 AND `tag` = 1 ORDER BY id desc LIMIT 2,2  

[ 2017-03-30T16:20:01+08:00 ] ::1 /wxmall/home/goodslist/todayrecommend?callback=aaaaa&limit=2&page=2
INFO: [ app_init ] --START--
INFO: Run Behavior\BuildLiteBehavior [ RunTime:0.000000s ]
INFO: [ app_init ] --END-- [ RunTime:0.000000s ]
INFO: [ app_begin ] --START--
INFO: Run Behavior\ReadHtmlCacheBehavior [ RunTime:0.000000s ]
INFO: [ app_begin ] --END-- [ RunTime:0.000000s ]
NOTIC: [8] Undefined index: callback E:\xampp\htdocs\wxmall\Application\Home\Controller\GoodslistController.class.php 第 15 行.
SQL: SHOW COLUMNS FROM `wx_goods` [ RunTime:0.0010s ]
SQL: SELECT COUNT(*) AS tp_count FROM `wx_goods` WHERE `if_show` = 1 AND `tag` = 1 LIMIT 1   [ RunTime:0.0000s ]
SQL: SELECT * FROM `wx_goods` WHERE `if_show` = 1 AND `tag` = 1 ORDER BY goods_id desc LIMIT 2,2   [ RunTime:0.0000s ]
INFO: [ app_end ] --START--
INFO: Run Behavior\ShowPageTraceBehavior [ RunTime:0.001000s ]
INFO: [ app_end ] --END-- [ RunTime:0.001000s ]

[ 2017-03-30T16:20:16+08:00 ] ::1 /wxmall/home/goodslist/todayrecommend?callback=aaaaa&limit=1&page=2
INFO: [ app_init ] --START--
INFO: Run Behavior\BuildLiteBehavior [ RunTime:0.000000s ]
INFO: [ app_init ] --END-- [ RunTime:0.001000s ]
INFO: [ app_begin ] --START--
INFO: Run Behavior\ReadHtmlCacheBehavior [ RunTime:0.001000s ]
INFO: [ app_begin ] --END-- [ RunTime:0.001000s ]
NOTIC: [8] Undefined index: callback E:\xampp\htdocs\wxmall\Application\Home\Controller\GoodslistController.class.php 第 15 行.
SQL: SHOW COLUMNS FROM `wx_goods` [ RunTime:0.0010s ]
SQL: SELECT COUNT(*) AS tp_count FROM `wx_goods` WHERE `if_show` = 1 AND `tag` = 1 LIMIT 1   [ RunTime:0.0000s ]
SQL: SELECT * FROM `wx_goods` WHERE `if_show` = 1 AND `tag` = 1 ORDER BY goods_id desc LIMIT 1,1   [ RunTime:0.0010s ]
INFO: [ app_end ] --START--
INFO: Run Behavior\ShowPageTraceBehavior [ RunTime:0.000000s ]
INFO: [ app_end ] --END-- [ RunTime:0.000000s ]

[ 2017-03-30T16:20:29+08:00 ] ::1 /wxmall/home/goodslist/todayrecommend?callback=aaaaa
INFO: [ app_init ] --START--
INFO: Run Behavior\BuildLiteBehavior [ RunTime:0.000000s ]
INFO: [ app_init ] --END-- [ RunTime:0.000000s ]
INFO: [ app_begin ] --START--
INFO: Run Behavior\ReadHtmlCacheBehavior [ RunTime:0.001000s ]
INFO: [ app_begin ] --END-- [ RunTime:0.001000s ]
NOTIC: [8] Undefined index: callback E:\xampp\htdocs\wxmall\Application\Home\Controller\GoodslistController.class.php 第 15 行.
NOTIC: [8] Undefined index: page E:\xampp\htdocs\wxmall\Application\Home\Controller\GoodslistController.class.php 第 16 行.
NOTIC: [8] Undefined index: limit E:\xampp\htdocs\wxmall\Application\Home\Controller\GoodslistController.class.php 第 17 行.
SQL: SHOW COLUMNS FROM `wx_goods` [ RunTime:0.0010s ]
SQL: SELECT COUNT(*) AS tp_count FROM `wx_goods` WHERE `if_show` = 1 AND `tag` = 1 LIMIT 1   [ RunTime:0.0000s ]
SQL: SELECT * FROM `wx_goods` WHERE `if_show` = 1 AND `tag` = 1 ORDER BY goods_id desc LIMIT 0,20   [ RunTime:0.0010s ]
INFO: [ app_end ] --START--
INFO: Run Behavior\ShowPageTraceBehavior [ RunTime:0.000000s ]
INFO: [ app_end ] --END-- [ RunTime:0.000000s ]

[ 2017-03-30T16:59:17+08:00 ] 49.84.195.176 /lpcs/
INFO: [ app_init ] --START--
INFO: Run Behavior\BuildLiteBehavior [ RunTime:0.000015s ]
INFO: [ app_init ] --END-- [ RunTime:0.000346s ]
INFO: [ app_begin ] --START--
INFO: Run Behavior\ReadHtmlCacheBehavior [ RunTime:0.000537s ]
INFO: [ app_begin ] --END-- [ RunTime:0.000582s ]
NOTIC: [8] Undefined index: nonce /data/home/hyu2387760001/htdocs/lpcs/Application/Home/Controller/IndexController.class.php 第 7 行.
NOTIC: [8] Undefined index: timestamp /data/home/hyu2387760001/htdocs/lpcs/Application/Home/Controller/IndexController.class.php 第 9 行.
NOTIC: [8] Undefined index: echostr /data/home/hyu2387760001/htdocs/lpcs/Application/Home/Controller/IndexController.class.php 第 10 行.
NOTIC: [8] Undefined index: signature /data/home/hyu2387760001/htdocs/lpcs/Application/Home/Controller/IndexController.class.php 第 11 行.
NOTIC: [8] Undefined index: access_token /data/home/hyu2387760001/htdocs/lpcs/Application/Home/Controller/IndexController.class.php 第 42 行.
NOTIC: [2] curl_setopt(): CURLOPT_FOLLOWLOCATION cannot be activated when an open_basedir is set /data/home/hyu2387760001/htdocs/lpcs/Application/Home/Controller/IndexController.class.php 第 194 行.
INFO: [ app_end ] --START--
INFO: Run Behavior\ShowPageTraceBehavior [ RunTime:0.000737s ]
INFO: [ app_end ] --END-- [ RunTime:0.000834s ]

