[ 2017-04-01T09:18:09+08:00 ] ::1 /wxmall/home/goodslist/goodslist?cate_id=17
INFO: [ app_init ] --START--
INFO: Run Behavior\BuildLiteBehavior [ RunTime:0.000000s ]
INFO: [ app_init ] --END-- [ RunTime:0.000000s ]
INFO: [ app_begin ] --START--
INFO: Run Behavior\ReadHtmlCacheBehavior [ RunTime:0.000000s ]
INFO: [ app_begin ] --END-- [ RunTime:0.000000s ]
NOTIC: [8] Undefined index: callback E:\xampp\htdocs\wxmall\Application\Home\Controller\GoodslistController.class.php 第 37 行.
SQL: SHOW COLUMNS FROM `lp_category` [ RunTime:0.0156s ]
SQL: SHOW COLUMNS FROM `lp_goods` [ RunTime:0.0156s ]
NOTIC: [8] Use of undefined constant asc - assumed 'asc' E:\xampp\htdocs\wxmall\Application\Home\Controller\GoodslistController.class.php 第 41 行.
SQL: SELECT `cate_id`,`cate_name` FROM `lp_category` WHERE ( parent_id=17 ) ORDER BY sort_order  [ RunTime:0.0156s ]
SQL: SELECT * FROM `lp_goods` WHERE `cate_id` LIKE '%18%' AND `if_show` = 1 ORDER BY goods_id desc  [ RunTime:0.0312s ]
SQL: SELECT * FROM `lp_goods` WHERE `cate_id` LIKE '%19%' AND `if_show` = 1 ORDER BY goods_id desc  [ RunTime:0.0156s ]
SQL: SELECT * FROM `lp_goods` WHERE `cate_id` LIKE '%26%' AND `if_show` = 1 ORDER BY goods_id desc  [ RunTime:0.0156s ]
SQL: SELECT * FROM `lp_goods` WHERE ( tag=2 ) ORDER BY goods_id desc  [ RunTime:0.0156s ]
INFO: [ app_end ] --START--
INFO: Run Behavior\ShowPageTraceBehavior [ RunTime:0.000000s ]
INFO: [ app_end ] --END-- [ RunTime:0.000000s ]

[ 2017-04-01T09:19:39+08:00 ] ::1 /wxmall/home/goodslist/goodslist?cate_id=17
INFO: [ app_init ] --START--
INFO: Run Behavior\BuildLiteBehavior [ RunTime:0.000000s ]
INFO: [ app_init ] --END-- [ RunTime:0.000000s ]
INFO: [ app_begin ] --START--
INFO: Run Behavior\ReadHtmlCacheBehavior [ RunTime:0.000000s ]
INFO: [ app_begin ] --END-- [ RunTime:0.000000s ]
NOTIC: [8] Undefined index: callback E:\xampp\htdocs\wxmall\Application\Home\Controller\GoodslistController.class.php 第 37 行.
SQL: SHOW COLUMNS FROM `lp_category` [ RunTime:0.0156s ]
SQL: SHOW COLUMNS FROM `lp_goods` [ RunTime:0.0156s ]
NOTIC: [8] Use of undefined constant asc - assumed 'asc' E:\xampp\htdocs\wxmall\Application\Home\Controller\GoodslistController.class.php 第 41 行.
SQL: SELECT `cate_id`,`cate_name` FROM `lp_category` WHERE ( parent_id=17 ) ORDER BY sort_order  [ RunTime:0.0196s ]
SQL: SELECT * FROM `lp_goods` WHERE `cate_id` LIKE '%18%' AND `if_show` = 1 ORDER BY goods_id desc  [ RunTime:0.0156s ]
SQL: SELECT * FROM `lp_goods` WHERE `cate_id` LIKE '%19%' AND `if_show` = 1 ORDER BY goods_id desc  [ RunTime:0.0156s ]
SQL: SELECT * FROM `lp_goods` WHERE `cate_id` LIKE '%26%' AND `if_show` = 1 ORDER BY goods_id desc  [ RunTime:0.0156s ]
SQL: SELECT * FROM `lp_goods` WHERE ( tag=2 ) ORDER BY goods_id desc  [ RunTime:0.0156s ]
INFO: [ app_end ] --START--
INFO: Run Behavior\ShowPageTraceBehavior [ RunTime:0.000000s ]
INFO: [ app_end ] --END-- [ RunTime:0.000000s ]

[ 2017-04-01T09:20:01+08:00 ] ::1 /wxmall/home/goodslist/goodslist?cate_id=17
INFO: [ app_init ] --START--
INFO: Run Behavior\BuildLiteBehavior [ RunTime:0.000000s ]
INFO: [ app_init ] --END-- [ RunTime:0.000000s ]
INFO: [ app_begin ] --START--
INFO: Run Behavior\ReadHtmlCacheBehavior [ RunTime:0.000000s ]
INFO: [ app_begin ] --END-- [ RunTime:0.000000s ]
NOTIC: [8] Undefined index: callback E:\xampp\htdocs\wxmall\Application\Home\Controller\GoodslistController.class.php 第 37 行.
SQL: SHOW COLUMNS FROM `lp_category` [ RunTime:0.0156s ]
SQL: SHOW COLUMNS FROM `lp_goods` [ RunTime:0.0020s ]
NOTIC: [8] Use of undefined constant asc - assumed 'asc' E:\xampp\htdocs\wxmall\Application\Home\Controller\GoodslistController.class.php 第 41 行.
SQL: SELECT `cate_id`,`cate_name` FROM `lp_category` WHERE ( parent_id=17 ) ORDER BY sort_order  [ RunTime:0.0156s ]
SQL: SELECT * FROM `lp_goods` WHERE `cate_id` LIKE '%18%' AND `if_show` = 1 ORDER BY goods_id desc  [ RunTime:0.0156s ]
SQL: SELECT * FROM `lp_goods` WHERE `cate_id` LIKE '%19%' AND `if_show` = 1 ORDER BY goods_id desc  [ RunTime:0.0186s ]
SQL: SELECT * FROM `lp_goods` WHERE `cate_id` LIKE '%26%' AND `if_show` = 1 ORDER BY goods_id desc  [ RunTime:0.0120s ]
SQL: SELECT * FROM `lp_goods` WHERE ( tag=2 ) ORDER BY goods_id desc  [ RunTime:0.0130s ]
INFO: [ app_end ] --START--
INFO: Run Behavior\ShowPageTraceBehavior [ RunTime:0.000000s ]
INFO: [ app_end ] --END-- [ RunTime:0.000000s ]

[ 2017-04-01T09:22:45+08:00 ] ::1 /wxmall/home/goodslist/goodslist?cate_id=17
INFO: [ app_init ] --START--
INFO: Run Behavior\BuildLiteBehavior [ RunTime:0.000000s ]
INFO: [ app_init ] --END-- [ RunTime:0.000000s ]
INFO: [ app_begin ] --START--
INFO: Run Behavior\ReadHtmlCacheBehavior [ RunTime:0.000000s ]
INFO: [ app_begin ] --END-- [ RunTime:0.000000s ]
NOTIC: [8] Undefined index: callback E:\xampp\htdocs\wxmall\Application\Home\Controller\GoodslistController.class.php 第 41 行.
SQL: SHOW COLUMNS FROM `lp_category` [ RunTime:0.0166s ]
SQL: SHOW COLUMNS FROM `lp_goods` [ RunTime:0.0156s ]
NOTIC: [8] Use of undefined constant asc - assumed 'asc' E:\xampp\htdocs\wxmall\Application\Home\Controller\GoodslistController.class.php 第 45 行.
SQL: SELECT `cate_id`,`cate_name` FROM `lp_category` WHERE ( parent_id=17 ) ORDER BY sort_order  [ RunTime:0.0156s ]
SQL: SELECT * FROM `lp_goods` WHERE `cate_id` LIKE '%18%' AND `if_show` = 1 ORDER BY goods_id desc  [ RunTime:0.0246s ]
SQL: SELECT * FROM `lp_goods` WHERE `cate_id` LIKE '%19%' AND `if_show` = 1 ORDER BY goods_id desc  [ RunTime:0.0130s ]
SQL: SELECT * FROM `lp_goods` WHERE `cate_id` LIKE '%26%' AND `if_show` = 1 ORDER BY goods_id desc  [ RunTime:0.0150s ]
SQL: SELECT * FROM `lp_goods` WHERE `cate_id` LIKE '%17%' AND `tag` = 2 AND `if_show` = 1  [ RunTime:0.0140s ]
SQL: SELECT * FROM `lp_goods` WHERE ( tag=2 ) ORDER BY goods_id desc  [ RunTime:0.0140s ]
INFO: [ app_end ] --START--
INFO: Run Behavior\ShowPageTraceBehavior [ RunTime:0.002000s ]
INFO: [ app_end ] --END-- [ RunTime:0.002000s ]

[ 2017-04-01T09:23:12+08:00 ] ::1 /wxmall/home/goodslist/goodslist?cate_id=17
INFO: [ app_init ] --START--
INFO: Run Behavior\BuildLiteBehavior [ RunTime:0.000000s ]
INFO: [ app_init ] --END-- [ RunTime:0.000000s ]
INFO: [ app_begin ] --START--
INFO: Run Behavior\ReadHtmlCacheBehavior [ RunTime:0.000000s ]
INFO: [ app_begin ] --END-- [ RunTime:0.000000s ]
NOTIC: [8] Undefined index: callback E:\xampp\htdocs\wxmall\Application\Home\Controller\GoodslistController.class.php 第 41 行.
SQL: SHOW COLUMNS FROM `lp_category` [ RunTime:0.0150s ]
SQL: SHOW COLUMNS FROM `lp_goods` [ RunTime:0.0030s ]
NOTIC: [8] Use of undefined constant asc - assumed 'asc' E:\xampp\htdocs\wxmall\Application\Home\Controller\GoodslistController.class.php 第 45 行.
SQL: SELECT `cate_id`,`cate_name` FROM `lp_category` WHERE ( parent_id=17 ) ORDER BY sort_order  [ RunTime:0.0156s ]
SQL: SELECT * FROM `lp_goods` WHERE `cate_id` LIKE '%18%' AND `if_show` = 1 ORDER BY goods_id desc  [ RunTime:0.0286s ]
SQL: SELECT * FROM `lp_goods` WHERE `cate_id` LIKE '%19%' AND `if_show` = 1 ORDER BY goods_id desc  [ RunTime:0.0050s ]
SQL: SELECT * FROM `lp_goods` WHERE `cate_id` LIKE '%26%' AND `if_show` = 1 ORDER BY goods_id desc  [ RunTime:0.0156s ]
SQL: SELECT * FROM `lp_goods` WHERE `cate_id` LIKE '%17%' AND `tag` = 2 AND `if_show` = 1  [ RunTime:0.0156s ]
SQL: SELECT * FROM `lp_goods` WHERE ( tag=2 ) ORDER BY goods_id desc  [ RunTime:0.0156s ]
INFO: [ app_end ] --START--
INFO: Run Behavior\ShowPageTraceBehavior [ RunTime:0.000000s ]
INFO: [ app_end ] --END-- [ RunTime:0.000000s ]

[ 2017-04-01T16:35:04+08:00 ] ::1 /wxmall/home/cart/add?openid=123456&goods_id=4
INFO: [ app_init ] --START--
INFO: Run Behavior\BuildLiteBehavior [ RunTime:0.000000s ]
INFO: [ app_init ] --END-- [ RunTime:0.000000s ]
INFO: [ app_begin ] --START--
INFO: Run Behavior\ReadHtmlCacheBehavior [ RunTime:0.000000s ]
INFO: [ app_begin ] --END-- [ RunTime:0.000000s ]
NOTIC: [8] Undefined index: callback E:\xampp\htdocs\wxmall\Application\Home\Controller\CartController.class.php 第 17 行.
NOTIC: [8] Undefined index: openid E:\xampp\htdocs\wxmall\Application\Home\Controller\CartController.class.php 第 18 行.
NOTIC: [8] Undefined index: goods_id E:\xampp\htdocs\wxmall\Application\Home\Controller\CartController.class.php 第 19 行.
SQL: SHOW COLUMNS FROM `lp_cart` [ RunTime:0.0156s ]
SQL: SELECT * FROM `lp_cart` WHERE `user_openid` = null AND `goods_id` = null LIMIT 1   [ RunTime:0.0156s ]
ERR: 1048:Column 'user_openid' cannot be null
 [ SQL语句 ] : INSERT INTO `lp_cart` (`user_openid`,`goods_id`) VALUES (NULL,NULL)
ERR: 1048:Column 'user_openid' cannot be null
 [ SQL语句 ] : INSERT INTO `lp_cart` (`user_openid`,`goods_id`) VALUES (NULL,NULL)

[ 2017-04-01T16:35:21+08:00 ] ::1 /wxmall/home/cart/add?openid=123456&goods_id=4
INFO: [ app_init ] --START--
INFO: Run Behavior\BuildLiteBehavior [ RunTime:0.000000s ]
INFO: [ app_init ] --END-- [ RunTime:0.000000s ]
INFO: [ app_begin ] --START--
INFO: Run Behavior\ReadHtmlCacheBehavior [ RunTime:0.001000s ]
INFO: [ app_begin ] --END-- [ RunTime:0.001000s ]
NOTIC: [8] Undefined index: callback E:\xampp\htdocs\wxmall\Application\Home\Controller\CartController.class.php 第 17 行.
NOTIC: [8] Undefined index: openid E:\xampp\htdocs\wxmall\Application\Home\Controller\CartController.class.php 第 18 行.
NOTIC: [8] Undefined index: goods_id E:\xampp\htdocs\wxmall\Application\Home\Controller\CartController.class.php 第 19 行.
SQL: SHOW COLUMNS FROM `lp_cart` [ RunTime:0.0156s ]
SQL: SELECT * FROM `lp_cart` WHERE `user_openid` = null AND `goods_id` = null LIMIT 1   [ RunTime:0.0156s ]
ERR: 1048:Column 'user_openid' cannot be null
 [ SQL语句 ] : INSERT INTO `lp_cart` (`user_openid`,`goods_id`) VALUES (NULL,NULL)
ERR: 1048:Column 'user_openid' cannot be null
 [ SQL语句 ] : INSERT INTO `lp_cart` (`user_openid`,`goods_id`) VALUES (NULL,NULL)

[ 2017-04-01T16:35:27+08:00 ] ::1 /wxmall/home/cart/add?openid=123456&goods_id=4
INFO: [ app_init ] --START--
INFO: Run Behavior\BuildLiteBehavior [ RunTime:0.000000s ]
INFO: [ app_init ] --END-- [ RunTime:0.000000s ]
INFO: [ app_begin ] --START--
INFO: Run Behavior\ReadHtmlCacheBehavior [ RunTime:0.001000s ]
INFO: [ app_begin ] --END-- [ RunTime:0.001000s ]
NOTIC: [8] Undefined index: callback E:\xampp\htdocs\wxmall\Application\Home\Controller\CartController.class.php 第 17 行.
NOTIC: [8] Undefined index: openid E:\xampp\htdocs\wxmall\Application\Home\Controller\CartController.class.php 第 18 行.
NOTIC: [8] Undefined index: goods_id E:\xampp\htdocs\wxmall\Application\Home\Controller\CartController.class.php 第 19 行.
SQL: SHOW COLUMNS FROM `lp_cart` [ RunTime:0.0156s ]
SQL: SELECT * FROM `lp_cart` WHERE `user_openid` = null AND `goods_id` = null LIMIT 1   [ RunTime:0.0156s ]
ERR: 1048:Column 'user_openid' cannot be null
 [ SQL语句 ] : INSERT INTO `lp_cart` (`user_openid`,`goods_id`) VALUES (NULL,NULL)
ERR: 1048:Column 'user_openid' cannot be null
 [ SQL语句 ] : INSERT INTO `lp_cart` (`user_openid`,`goods_id`) VALUES (NULL,NULL)

[ 2017-04-01T16:37:23+08:00 ] ::1 /wxmall/home/cart/add?openid=123456&goods_id=4
INFO: [ app_init ] --START--
INFO: Run Behavior\BuildLiteBehavior [ RunTime:0.000000s ]
INFO: [ app_init ] --END-- [ RunTime:0.000000s ]
INFO: [ app_begin ] --START--
INFO: Run Behavior\ReadHtmlCacheBehavior [ RunTime:0.015600s ]
INFO: [ app_begin ] --END-- [ RunTime:0.015600s ]
NOTIC: [8] Undefined index: callback E:\xampp\htdocs\wxmall\Application\Home\Controller\CartController.class.php 第 17 行.
NOTIC: [8] Undefined index: openid E:\xampp\htdocs\wxmall\Application\Home\Controller\CartController.class.php 第 18 行.
NOTIC: [8] Undefined index: goods_id E:\xampp\htdocs\wxmall\Application\Home\Controller\CartController.class.php 第 19 行.
SQL: SHOW COLUMNS FROM `lp_cart` [ RunTime:0.0156s ]
SQL: SELECT * FROM `lp_cart` WHERE `user_openid` = null AND `goods_id` = null LIMIT 1   [ RunTime:0.0156s ]
ERR: 1048:Column 'user_openid' cannot be null
 [ SQL语句 ] : INSERT INTO `lp_cart` (`user_openid`,`goods_id`) VALUES (NULL,NULL)
ERR: 1048:Column 'user_openid' cannot be null
 [ SQL语句 ] : INSERT INTO `lp_cart` (`user_openid`,`goods_id`) VALUES (NULL,NULL)

[ 2017-04-01T16:37:27+08:00 ] ::1 /wxmall/home/cart/add?openid=123456&goods_id=4
INFO: [ app_init ] --START--
INFO: Run Behavior\BuildLiteBehavior [ RunTime:0.000000s ]
INFO: [ app_init ] --END-- [ RunTime:0.000000s ]
INFO: [ app_begin ] --START--
INFO: Run Behavior\ReadHtmlCacheBehavior [ RunTime:0.000000s ]
INFO: [ app_begin ] --END-- [ RunTime:0.000000s ]
NOTIC: [8] Undefined index: callback E:\xampp\htdocs\wxmall\Application\Home\Controller\CartController.class.php 第 17 行.
NOTIC: [8] Undefined index: openid E:\xampp\htdocs\wxmall\Application\Home\Controller\CartController.class.php 第 18 行.
NOTIC: [8] Undefined index: goods_id E:\xampp\htdocs\wxmall\Application\Home\Controller\CartController.class.php 第 19 行.
SQL: SHOW COLUMNS FROM `lp_cart` [ RunTime:0.0156s ]
SQL: SELECT * FROM `lp_cart` WHERE `user_openid` = null AND `goods_id` = null LIMIT 1   [ RunTime:0.0156s ]
ERR: 1048:Column 'user_openid' cannot be null
 [ SQL语句 ] : INSERT INTO `lp_cart` (`user_openid`,`goods_id`) VALUES (NULL,NULL)
ERR: 1048:Column 'user_openid' cannot be null
 [ SQL语句 ] : INSERT INTO `lp_cart` (`user_openid`,`goods_id`) VALUES (NULL,NULL)

[ 2017-04-01T16:37:45+08:00 ] ::1 /wxmall/home/cart/add?openid=123456&goods_id=4&callback=aaa
INFO: [ app_init ] --START--
INFO: Run Behavior\BuildLiteBehavior [ RunTime:0.000000s ]
INFO: [ app_init ] --END-- [ RunTime:0.000000s ]
INFO: [ app_begin ] --START--
INFO: Run Behavior\ReadHtmlCacheBehavior [ RunTime:0.000000s ]
INFO: [ app_begin ] --END-- [ RunTime:0.000000s ]
NOTIC: [8] Undefined index: callback E:\xampp\htdocs\wxmall\Application\Home\Controller\CartController.class.php 第 17 行.
NOTIC: [8] Undefined index: openid E:\xampp\htdocs\wxmall\Application\Home\Controller\CartController.class.php 第 18 行.
NOTIC: [8] Undefined index: goods_id E:\xampp\htdocs\wxmall\Application\Home\Controller\CartController.class.php 第 19 行.
SQL: SHOW COLUMNS FROM `lp_cart` [ RunTime:0.0156s ]
SQL: SELECT * FROM `lp_cart` WHERE `user_openid` = null AND `goods_id` = null LIMIT 1   [ RunTime:0.0156s ]
ERR: 1048:Column 'user_openid' cannot be null
 [ SQL语句 ] : INSERT INTO `lp_cart` (`user_openid`,`goods_id`) VALUES (NULL,NULL)
ERR: 1048:Column 'user_openid' cannot be null
 [ SQL语句 ] : INSERT INTO `lp_cart` (`user_openid`,`goods_id`) VALUES (NULL,NULL)

[ 2017-04-01T16:37:46+08:00 ] ::1 /wxmall/home/cart/add?openid=123456&goods_id=4&callback=aaa
INFO: [ app_init ] --START--
INFO: Run Behavior\BuildLiteBehavior [ RunTime:0.000000s ]
INFO: [ app_init ] --END-- [ RunTime:0.000000s ]
INFO: [ app_begin ] --START--
INFO: Run Behavior\ReadHtmlCacheBehavior [ RunTime:0.000000s ]
INFO: [ app_begin ] --END-- [ RunTime:0.000000s ]
NOTIC: [8] Undefined index: callback E:\xampp\htdocs\wxmall\Application\Home\Controller\CartController.class.php 第 17 行.
NOTIC: [8] Undefined index: openid E:\xampp\htdocs\wxmall\Application\Home\Controller\CartController.class.php 第 18 行.
NOTIC: [8] Undefined index: goods_id E:\xampp\htdocs\wxmall\Application\Home\Controller\CartController.class.php 第 19 行.
SQL: SHOW COLUMNS FROM `lp_cart` [ RunTime:0.0266s ]
SQL: SELECT * FROM `lp_cart` WHERE `user_openid` = null AND `goods_id` = null LIMIT 1   [ RunTime:0.0090s ]
ERR: 1048:Column 'user_openid' cannot be null
 [ SQL语句 ] : INSERT INTO `lp_cart` (`user_openid`,`goods_id`) VALUES (NULL,NULL)
ERR: 1048:Column 'user_openid' cannot be null
 [ SQL语句 ] : INSERT INTO `lp_cart` (`user_openid`,`goods_id`) VALUES (NULL,NULL)

[ 2017-04-01T16:38:52+08:00 ] ::1 /wxmall/home/cart/add?openid=123456&goods_id=4&callback=aaa
INFO: [ app_init ] --START--
INFO: Run Behavior\BuildLiteBehavior [ RunTime:0.000000s ]
INFO: [ app_init ] --END-- [ RunTime:0.000000s ]
INFO: [ app_begin ] --START--
INFO: Run Behavior\ReadHtmlCacheBehavior [ RunTime:0.000000s ]
INFO: [ app_begin ] --END-- [ RunTime:0.000000s ]
NOTIC: [8] Undefined index: callback E:\xampp\htdocs\wxmall\Application\Home\Controller\CartController.class.php 第 17 行.
NOTIC: [8] Undefined index: openid E:\xampp\htdocs\wxmall\Application\Home\Controller\CartController.class.php 第 18 行.
NOTIC: [8] Undefined index: goods_id E:\xampp\htdocs\wxmall\Application\Home\Controller\CartController.class.php 第 19 行.
SQL: SHOW COLUMNS FROM `lp_cart` [ RunTime:0.0156s ]
SQL: SELECT * FROM `lp_cart` WHERE `user_openid` = null AND `goods_id` = null LIMIT 1   [ RunTime:0.0156s ]
ERR: 1048:Column 'user_openid' cannot be null
 [ SQL语句 ] : INSERT INTO `lp_cart` (`user_openid`,`goods_id`) VALUES (NULL,NULL)
ERR: 1048:Column 'user_openid' cannot be null
 [ SQL语句 ] : INSERT INTO `lp_cart` (`user_openid`,`goods_id`) VALUES (NULL,NULL)

[ 2017-04-01T16:38:56+08:00 ] ::1 /wxmall/home/cart/add?openid=123456&goods_id=4&callback=aaa
INFO: [ app_init ] --START--
INFO: Run Behavior\BuildLiteBehavior [ RunTime:0.000000s ]
INFO: [ app_init ] --END-- [ RunTime:0.000000s ]
INFO: [ app_begin ] --START--
INFO: Run Behavior\ReadHtmlCacheBehavior [ RunTime:0.001000s ]
INFO: [ app_begin ] --END-- [ RunTime:0.001000s ]
NOTIC: [8] Undefined index: callback E:\xampp\htdocs\wxmall\Application\Home\Controller\CartController.class.php 第 17 行.
NOTIC: [8] Undefined index: openid E:\xampp\htdocs\wxmall\Application\Home\Controller\CartController.class.php 第 18 行.
NOTIC: [8] Undefined index: goods_id E:\xampp\htdocs\wxmall\Application\Home\Controller\CartController.class.php 第 19 行.
SQL: SHOW COLUMNS FROM `lp_cart` [ RunTime:0.0156s ]
SQL: SELECT * FROM `lp_cart` WHERE `user_openid` = null AND `goods_id` = null LIMIT 1   [ RunTime:0.0156s ]
ERR: 1048:Column 'user_openid' cannot be null
 [ SQL语句 ] : INSERT INTO `lp_cart` (`user_openid`,`goods_id`) VALUES (NULL,NULL)
ERR: 1048:Column 'user_openid' cannot be null
 [ SQL语句 ] : INSERT INTO `lp_cart` (`user_openid`,`goods_id`) VALUES (NULL,NULL)

[ 2017-04-01T16:39:05+08:00 ] ::1 /wxmall/home/cart/add?openid=123456&goods_id=4&callback=aaa
INFO: [ app_init ] --START--
INFO: Run Behavior\BuildLiteBehavior [ RunTime:0.000000s ]
INFO: [ app_init ] --END-- [ RunTime:0.001000s ]
INFO: [ app_begin ] --START--
INFO: Run Behavior\ReadHtmlCacheBehavior [ RunTime:0.000000s ]
INFO: [ app_begin ] --END-- [ RunTime:0.000000s ]
NOTIC: [8] Undefined index: callback E:\xampp\htdocs\wxmall\Application\Home\Controller\CartController.class.php 第 17 行.
NOTIC: [8] Undefined index: openid E:\xampp\htdocs\wxmall\Application\Home\Controller\CartController.class.php 第 18 行.
NOTIC: [8] Undefined index: goods_id E:\xampp\htdocs\wxmall\Application\Home\Controller\CartController.class.php 第 19 行.

[ 2017-04-01T16:39:07+08:00 ] ::1 /wxmall/home/cart/add?openid=123456&goods_id=4&callback=aaa
INFO: [ app_init ] --START--
INFO: Run Behavior\BuildLiteBehavior [ RunTime:0.000000s ]
INFO: [ app_init ] --END-- [ RunTime:0.000000s ]
INFO: [ app_begin ] --START--
INFO: Run Behavior\ReadHtmlCacheBehavior [ RunTime:0.000000s ]
INFO: [ app_begin ] --END-- [ RunTime:0.000000s ]
NOTIC: [8] Undefined index: callback E:\xampp\htdocs\wxmall\Application\Home\Controller\CartController.class.php 第 17 行.
NOTIC: [8] Undefined index: openid E:\xampp\htdocs\wxmall\Application\Home\Controller\CartController.class.php 第 18 行.
NOTIC: [8] Undefined index: goods_id E:\xampp\htdocs\wxmall\Application\Home\Controller\CartController.class.php 第 19 行.

[ 2017-04-01T16:40:31+08:00 ] ::1 /wxmall/home/cart/add?openid=123456&goods_id=4&callback=aaa
INFO: [ app_init ] --START--
INFO: Run Behavior\BuildLiteBehavior [ RunTime:0.000000s ]
INFO: [ app_init ] --END-- [ RunTime:0.000000s ]
INFO: [ app_begin ] --START--
INFO: Run Behavior\ReadHtmlCacheBehavior [ RunTime:0.000000s ]
INFO: [ app_begin ] --END-- [ RunTime:0.000000s ]
NOTIC: [8] Undefined index: callback E:\xampp\htdocs\wxmall\Application\Home\Controller\CartController.class.php 第 17 行.
NOTIC: [8] Undefined index: openid E:\xampp\htdocs\wxmall\Application\Home\Controller\CartController.class.php 第 18 行.
NOTIC: [8] Undefined index: goods_id E:\xampp\htdocs\wxmall\Application\Home\Controller\CartController.class.php 第 19 行.
NOTIC: [8] Undefined index: openid E:\xampp\htdocs\wxmall\Application\Home\Controller\CartController.class.php 第 20 行.

[ 2017-04-01T16:40:32+08:00 ] ::1 /wxmall/home/cart/add?openid=123456&goods_id=4&callback=aaa
INFO: [ app_init ] --START--
INFO: Run Behavior\BuildLiteBehavior [ RunTime:0.000000s ]
INFO: [ app_init ] --END-- [ RunTime:0.000000s ]
INFO: [ app_begin ] --START--
INFO: Run Behavior\ReadHtmlCacheBehavior [ RunTime:0.001000s ]
INFO: [ app_begin ] --END-- [ RunTime:0.001000s ]
NOTIC: [8] Undefined index: callback E:\xampp\htdocs\wxmall\Application\Home\Controller\CartController.class.php 第 17 行.
NOTIC: [8] Undefined index: openid E:\xampp\htdocs\wxmall\Application\Home\Controller\CartController.class.php 第 18 行.
NOTIC: [8] Undefined index: goods_id E:\xampp\htdocs\wxmall\Application\Home\Controller\CartController.class.php 第 19 行.
NOTIC: [8] Undefined index: openid E:\xampp\htdocs\wxmall\Application\Home\Controller\CartController.class.php 第 20 行.

[ 2017-04-01T16:40:33+08:00 ] ::1 /wxmall/home/cart/add?openid=123456&goods_id=4&callback=aaa
INFO: [ app_init ] --START--
INFO: Run Behavior\BuildLiteBehavior [ RunTime:0.000000s ]
INFO: [ app_init ] --END-- [ RunTime:0.000000s ]
INFO: [ app_begin ] --START--
INFO: Run Behavior\ReadHtmlCacheBehavior [ RunTime:0.000000s ]
INFO: [ app_begin ] --END-- [ RunTime:0.000000s ]
NOTIC: [8] Undefined index: callback E:\xampp\htdocs\wxmall\Application\Home\Controller\CartController.class.php 第 17 行.
NOTIC: [8] Undefined index: openid E:\xampp\htdocs\wxmall\Application\Home\Controller\CartController.class.php 第 18 行.
NOTIC: [8] Undefined index: goods_id E:\xampp\htdocs\wxmall\Application\Home\Controller\CartController.class.php 第 19 行.
NOTIC: [8] Undefined index: openid E:\xampp\htdocs\wxmall\Application\Home\Controller\CartController.class.php 第 20 行.

[ 2017-04-01T16:40:33+08:00 ] ::1 /wxmall/home/cart/add?openid=123456&goods_id=4&callback=aaa
INFO: [ app_init ] --START--
INFO: Run Behavior\BuildLiteBehavior [ RunTime:0.000000s ]
INFO: [ app_init ] --END-- [ RunTime:0.000000s ]
INFO: [ app_begin ] --START--
INFO: Run Behavior\ReadHtmlCacheBehavior [ RunTime:0.001000s ]
INFO: [ app_begin ] --END-- [ RunTime:0.001000s ]
NOTIC: [8] Undefined index: callback E:\xampp\htdocs\wxmall\Application\Home\Controller\CartController.class.php 第 17 行.
NOTIC: [8] Undefined index: openid E:\xampp\htdocs\wxmall\Application\Home\Controller\CartController.class.php 第 18 行.
NOTIC: [8] Undefined index: goods_id E:\xampp\htdocs\wxmall\Application\Home\Controller\CartController.class.php 第 19 行.
NOTIC: [8] Undefined index: openid E:\xampp\htdocs\wxmall\Application\Home\Controller\CartController.class.php 第 20 行.

[ 2017-04-01T16:40:33+08:00 ] ::1 /wxmall/home/cart/add?openid=123456&goods_id=4&callback=aaa
INFO: [ app_init ] --START--
INFO: Run Behavior\BuildLiteBehavior [ RunTime:0.000000s ]
INFO: [ app_init ] --END-- [ RunTime:0.000000s ]
INFO: [ app_begin ] --START--
INFO: Run Behavior\ReadHtmlCacheBehavior [ RunTime:0.000000s ]
INFO: [ app_begin ] --END-- [ RunTime:0.000000s ]
NOTIC: [8] Undefined index: callback E:\xampp\htdocs\wxmall\Application\Home\Controller\CartController.class.php 第 17 行.
NOTIC: [8] Undefined index: openid E:\xampp\htdocs\wxmall\Application\Home\Controller\CartController.class.php 第 18 行.
NOTIC: [8] Undefined index: goods_id E:\xampp\htdocs\wxmall\Application\Home\Controller\CartController.class.php 第 19 行.
NOTIC: [8] Undefined index: openid E:\xampp\htdocs\wxmall\Application\Home\Controller\CartController.class.php 第 20 行.

[ 2017-04-01T16:41:05+08:00 ] ::1 /wxmall/home/cart/add?openid=123456&goods_id=4&callback=aaa
INFO: [ app_init ] --START--
INFO: Run Behavior\BuildLiteBehavior [ RunTime:0.000000s ]
INFO: [ app_init ] --END-- [ RunTime:0.001000s ]
INFO: [ app_begin ] --START--
INFO: Run Behavior\ReadHtmlCacheBehavior [ RunTime:0.000000s ]
INFO: [ app_begin ] --END-- [ RunTime:0.000000s ]
NOTIC: [8] Undefined index: callback E:\xampp\htdocs\wxmall\Application\Home\Controller\CartController.class.php 第 17 行.
NOTIC: [8] Undefined index: openid E:\xampp\htdocs\wxmall\Application\Home\Controller\CartController.class.php 第 18 行.
NOTIC: [8] Undefined index: goods_id E:\xampp\htdocs\wxmall\Application\Home\Controller\CartController.class.php 第 19 行.

[ 2017-04-01T16:41:06+08:00 ] ::1 /wxmall/home/cart/add?openid=123456&goods_id=4&callback=aaa
INFO: [ app_init ] --START--
INFO: Run Behavior\BuildLiteBehavior [ RunTime:0.000000s ]
INFO: [ app_init ] --END-- [ RunTime:0.000000s ]
INFO: [ app_begin ] --START--
INFO: Run Behavior\ReadHtmlCacheBehavior [ RunTime:0.000000s ]
INFO: [ app_begin ] --END-- [ RunTime:0.000000s ]
NOTIC: [8] Undefined index: callback E:\xampp\htdocs\wxmall\Application\Home\Controller\CartController.class.php 第 17 行.
NOTIC: [8] Undefined index: openid E:\xampp\htdocs\wxmall\Application\Home\Controller\CartController.class.php 第 18 行.
NOTIC: [8] Undefined index: goods_id E:\xampp\htdocs\wxmall\Application\Home\Controller\CartController.class.php 第 19 行.

[ 2017-04-01T16:41:11+08:00 ] ::1 /wxmall/home/cart/add?openid=123456&goods_id=4&callback=aaa
INFO: [ app_init ] --START--
INFO: Run Behavior\BuildLiteBehavior [ RunTime:0.000000s ]
INFO: [ app_init ] --END-- [ RunTime:0.000000s ]
INFO: [ app_begin ] --START--
INFO: Run Behavior\ReadHtmlCacheBehavior [ RunTime:0.000000s ]
INFO: [ app_begin ] --END-- [ RunTime:0.000000s ]
NOTIC: [8] Undefined index: callback E:\xampp\htdocs\wxmall\Application\Home\Controller\CartController.class.php 第 17 行.
NOTIC: [8] Undefined index: openid E:\xampp\htdocs\wxmall\Application\Home\Controller\CartController.class.php 第 18 行.
NOTIC: [8] Undefined index: goods_id E:\xampp\htdocs\wxmall\Application\Home\Controller\CartController.class.php 第 19 行.

[ 2017-04-01T16:41:12+08:00 ] ::1 /wxmall/home/cart/add?openid=123456&goods_id=4&callback=aaa
INFO: [ app_init ] --START--
INFO: Run Behavior\BuildLiteBehavior [ RunTime:0.000000s ]
INFO: [ app_init ] --END-- [ RunTime:0.000000s ]
INFO: [ app_begin ] --START--
INFO: Run Behavior\ReadHtmlCacheBehavior [ RunTime:0.000000s ]
INFO: [ app_begin ] --END-- [ RunTime:0.000000s ]
NOTIC: [8] Undefined index: callback E:\xampp\htdocs\wxmall\Application\Home\Controller\CartController.class.php 第 17 行.
NOTIC: [8] Undefined index: openid E:\xampp\htdocs\wxmall\Application\Home\Controller\CartController.class.php 第 18 行.
NOTIC: [8] Undefined index: goods_id E:\xampp\htdocs\wxmall\Application\Home\Controller\CartController.class.php 第 19 行.

[ 2017-04-01T16:41:32+08:00 ] ::1 /wxmall/home/cart/add?openid=123456&goods_id=4&callback=aaa
INFO: [ app_init ] --START--
INFO: Run Behavior\BuildLiteBehavior [ RunTime:0.000000s ]
INFO: [ app_init ] --END-- [ RunTime:0.001000s ]
INFO: [ app_begin ] --START--
INFO: Run Behavior\ReadHtmlCacheBehavior [ RunTime:0.000000s ]
INFO: [ app_begin ] --END-- [ RunTime:0.000000s ]
NOTIC: [8] Undefined index: callback E:\xampp\htdocs\wxmall\Application\Home\Controller\CartController.class.php 第 17 行.
NOTIC: [8] Undefined index: openid E:\xampp\htdocs\wxmall\Application\Home\Controller\CartController.class.php 第 18 行.
NOTIC: [8] Undefined index: goods_id E:\xampp\htdocs\wxmall\Application\Home\Controller\CartController.class.php 第 19 行.

[ 2017-04-01T16:41:50+08:00 ] ::1 /wxmall/home/cart/add?openid=123456&goods_id=4&callback=aaa
INFO: [ app_init ] --START--
INFO: Run Behavior\BuildLiteBehavior [ RunTime:0.000000s ]
INFO: [ app_init ] --END-- [ RunTime:0.000000s ]
INFO: [ app_begin ] --START--
INFO: Run Behavior\ReadHtmlCacheBehavior [ RunTime:0.000000s ]
INFO: [ app_begin ] --END-- [ RunTime:0.000000s ]
NOTIC: [8] Undefined index: callback E:\xampp\htdocs\wxmall\Application\Home\Controller\CartController.class.php 第 17 行.
NOTIC: [8] Undefined index: openid E:\xampp\htdocs\wxmall\Application\Home\Controller\CartController.class.php 第 18 行.
NOTIC: [8] Undefined index: goods_id E:\xampp\htdocs\wxmall\Application\Home\Controller\CartController.class.php 第 19 行.
NOTIC: [8] Undefined index: openid E:\xampp\htdocs\wxmall\Application\Home\Controller\CartController.class.php 第 20 行.

[ 2017-04-01T16:41:50+08:00 ] ::1 /wxmall/home/cart/add?openid=123456&goods_id=4&callback=aaa
INFO: [ app_init ] --START--
INFO: Run Behavior\BuildLiteBehavior [ RunTime:0.000000s ]
INFO: [ app_init ] --END-- [ RunTime:0.000000s ]
INFO: [ app_begin ] --START--
INFO: Run Behavior\ReadHtmlCacheBehavior [ RunTime:0.001000s ]
INFO: [ app_begin ] --END-- [ RunTime:0.001000s ]
NOTIC: [8] Undefined index: callback E:\xampp\htdocs\wxmall\Application\Home\Controller\CartController.class.php 第 17 行.
NOTIC: [8] Undefined index: openid E:\xampp\htdocs\wxmall\Application\Home\Controller\CartController.class.php 第 18 行.
NOTIC: [8] Undefined index: goods_id E:\xampp\htdocs\wxmall\Application\Home\Controller\CartController.class.php 第 19 行.
NOTIC: [8] Undefined index: openid E:\xampp\htdocs\wxmall\Application\Home\Controller\CartController.class.php 第 20 行.

[ 2017-04-01T16:43:26+08:00 ] ::1 /wxmall/home/cart/add?openid=123456&goods_id=4&callback=aaa
INFO: [ app_init ] --START--
INFO: Run Behavior\BuildLiteBehavior [ RunTime:0.000000s ]
INFO: [ app_init ] --END-- [ RunTime:0.000000s ]
INFO: [ app_begin ] --START--
INFO: Run Behavior\ReadHtmlCacheBehavior [ RunTime:0.000000s ]
INFO: [ app_begin ] --END-- [ RunTime:0.000000s ]
NOTIC: [8] Undefined index: callback E:\xampp\htdocs\wxmall\Application\Home\Controller\CartController.class.php 第 17 行.
NOTIC: [8] Undefined index: openid E:\xampp\htdocs\wxmall\Application\Home\Controller\CartController.class.php 第 18 行.
NOTIC: [8] Undefined index: goods_id E:\xampp\htdocs\wxmall\Application\Home\Controller\CartController.class.php 第 19 行.

[ 2017-04-01T16:43:27+08:00 ] ::1 /wxmall/home/cart/add?openid=123456&goods_id=4&callback=aaa
INFO: [ app_init ] --START--
INFO: Run Behavior\BuildLiteBehavior [ RunTime:0.000000s ]
INFO: [ app_init ] --END-- [ RunTime:0.000000s ]
INFO: [ app_begin ] --START--
INFO: Run Behavior\ReadHtmlCacheBehavior [ RunTime:0.001000s ]
INFO: [ app_begin ] --END-- [ RunTime:0.001000s ]
NOTIC: [8] Undefined index: callback E:\xampp\htdocs\wxmall\Application\Home\Controller\CartController.class.php 第 17 行.
NOTIC: [8] Undefined index: openid E:\xampp\htdocs\wxmall\Application\Home\Controller\CartController.class.php 第 18 行.
NOTIC: [8] Undefined index: goods_id E:\xampp\htdocs\wxmall\Application\Home\Controller\CartController.class.php 第 19 行.

[ 2017-04-01T16:47:09+08:00 ] ::1 /wxmall/home/cart/add?openid=123456&goods_id=4&callback=aaa
INFO: [ app_init ] --START--
INFO: Run Behavior\BuildLiteBehavior [ RunTime:0.000000s ]
INFO: [ app_init ] --END-- [ RunTime:0.000000s ]
INFO: [ app_begin ] --START--
INFO: Run Behavior\ReadHtmlCacheBehavior [ RunTime:0.000000s ]
INFO: [ app_begin ] --END-- [ RunTime:0.000000s ]
SQL: SHOW COLUMNS FROM `lp_cart` [ RunTime:0.0156s ]
SQL: SELECT * FROM `lp_cart` WHERE `user_openid` = '123456' AND `goods_id` = 4 LIMIT 1   [ RunTime:0.0156s ]
SQL: UPDATE `lp_cart` SET `goods_num`=goods_num+1 WHERE `user_openid` = '123456' AND `goods_id` = 4 [ RunTime:0.0312s ]
SQL: SELECT SUM(goods_num) AS tp_sum FROM `lp_cart` WHERE ( user_openid=123456 ) LIMIT 1   [ RunTime:0.0156s ]
ERR: 1146:Table 'hdm174585329_db.cart' doesn't exist
 [ SQL语句 ] : SHOW COLUMNS FROM `cart`
ERR: 1146:Table 'hdm174585329_db.cart' doesn't exist
 [ SQL语句 ] : SHOW COLUMNS FROM `cart`

[ 2017-04-01T16:47:11+08:00 ] ::1 /wxmall/home/cart/add?openid=123456&goods_id=4&callback=aaa
INFO: [ app_init ] --START--
INFO: Run Behavior\BuildLiteBehavior [ RunTime:0.000000s ]
INFO: [ app_init ] --END-- [ RunTime:0.000000s ]
INFO: [ app_begin ] --START--
INFO: Run Behavior\ReadHtmlCacheBehavior [ RunTime:0.000000s ]
INFO: [ app_begin ] --END-- [ RunTime:0.000000s ]
SQL: SHOW COLUMNS FROM `lp_cart` [ RunTime:0.0156s ]
SQL: SELECT * FROM `lp_cart` WHERE `user_openid` = '123456' AND `goods_id` = 4 LIMIT 1   [ RunTime:0.0156s ]
SQL: UPDATE `lp_cart` SET `goods_num`=goods_num+1 WHERE `user_openid` = '123456' AND `goods_id` = 4 [ RunTime:0.1736s ]
SQL: SELECT SUM(goods_num) AS tp_sum FROM `lp_cart` WHERE ( user_openid=123456 ) LIMIT 1   [ RunTime:0.0156s ]
ERR: 1146:Table 'hdm174585329_db.cart' doesn't exist
 [ SQL语句 ] : SHOW COLUMNS FROM `cart`
ERR: 1146:Table 'hdm174585329_db.cart' doesn't exist
 [ SQL语句 ] : SHOW COLUMNS FROM `cart`

[ 2017-04-01T16:48:38+08:00 ] ::1 /wxmall/home/cart/add?openid=123456&goods_id=4&callback=aaa
INFO: [ app_init ] --START--
INFO: Run Behavior\BuildLiteBehavior [ RunTime:0.000000s ]
INFO: [ app_init ] --END-- [ RunTime:0.001000s ]
INFO: [ app_begin ] --START--
INFO: Run Behavior\ReadHtmlCacheBehavior [ RunTime:0.000000s ]
INFO: [ app_begin ] --END-- [ RunTime:0.000000s ]
SQL: SHOW COLUMNS FROM `lp_cart` [ RunTime:0.0166s ]
SQL: SELECT * FROM `lp_cart` WHERE `user_openid` = '123456' AND `goods_id` = 4 LIMIT 1   [ RunTime:0.0156s ]
SQL: UPDATE `lp_cart` SET `goods_num`=goods_num+1 WHERE `user_openid` = '123456' AND `goods_id` = 4 [ RunTime:0.0468s ]
SQL: SELECT SUM(goods_num) AS tp_sum FROM `lp_cart` WHERE ( user_openid=123456 ) LIMIT 1   [ RunTime:0.0156s ]
SQL: SHOW COLUMNS FROM `lp_cart` [ RunTime:0.0156s ]
SQL: SELECT c.id,c.user_openid,c.goods_id,c.goods_num,g.goods_name,g.price,g.discount_price,g.unit FROM `lp_cart` `c`,`lp_goods` `g` WHERE ( c.goods_id=g.goods_id )  [ RunTime:0.0156s ]

[ 2017-04-01T16:49:04+08:00 ] ::1 /wxmall/home/cart/add
INFO: [ app_init ] --START--
INFO: Run Behavior\BuildLiteBehavior [ RunTime:0.000000s ]
INFO: [ app_init ] --END-- [ RunTime:0.000000s ]
INFO: [ app_begin ] --START--
INFO: Run Behavior\ReadHtmlCacheBehavior [ RunTime:0.001000s ]
INFO: [ app_begin ] --END-- [ RunTime:0.001000s ]
NOTIC: [8] Undefined index: callback E:\xampp\htdocs\wxmall\Application\Home\Controller\CartController.class.php 第 17 行.
NOTIC: [8] Undefined index: openid E:\xampp\htdocs\wxmall\Application\Home\Controller\CartController.class.php 第 18 行.
NOTIC: [8] Undefined index: goods_id E:\xampp\htdocs\wxmall\Application\Home\Controller\CartController.class.php 第 19 行.
SQL: SHOW COLUMNS FROM `lp_cart` [ RunTime:0.0160s ]
SQL: SELECT * FROM `lp_cart` WHERE `user_openid` = null AND `goods_id` = null LIMIT 1   [ RunTime:0.0140s ]
ERR: 1048:Column 'user_openid' cannot be null
 [ SQL语句 ] : INSERT INTO `lp_cart` (`user_openid`,`goods_id`) VALUES (NULL,NULL)
ERR: 1048:Column 'user_openid' cannot be null
 [ SQL语句 ] : INSERT INTO `lp_cart` (`user_openid`,`goods_id`) VALUES (NULL,NULL)

[ 2017-04-01T16:49:25+08:00 ] ::1 /wxmall/home/cart/add?openid=123456&goods_id=4
INFO: [ app_init ] --START--
INFO: Run Behavior\BuildLiteBehavior [ RunTime:0.000000s ]
INFO: [ app_init ] --END-- [ RunTime:0.000000s ]
INFO: [ app_begin ] --START--
INFO: Run Behavior\ReadHtmlCacheBehavior [ RunTime:0.000000s ]
INFO: [ app_begin ] --END-- [ RunTime:0.000000s ]
NOTIC: [8] Undefined index: callback E:\xampp\htdocs\wxmall\Application\Home\Controller\CartController.class.php 第 17 行.
SQL: SHOW COLUMNS FROM `lp_cart` [ RunTime:0.0150s ]
SQL: SELECT * FROM `lp_cart` WHERE `user_openid` = '123456' AND `goods_id` = 4 LIMIT 1   [ RunTime:0.0130s ]
SQL: UPDATE `lp_cart` SET `goods_num`=goods_num+1 WHERE `user_openid` = '123456' AND `goods_id` = 4 [ RunTime:0.0290s ]
SQL: SELECT SUM(goods_num) AS tp_sum FROM `lp_cart` WHERE ( user_openid=123456 ) LIMIT 1   [ RunTime:0.0140s ]
SQL: SHOW COLUMNS FROM `lp_cart` [ RunTime:0.0150s ]
SQL: SELECT c.id,c.user_openid,c.goods_id,c.goods_num,g.goods_name,g.price,g.discount_price,g.unit FROM `lp_cart` `c`,`lp_goods` `g` WHERE ( c.goods_id=g.goods_id )  [ RunTime:0.0030s ]

[ 2017-04-01T16:49:52+08:00 ] ::1 /wxmall/home/cart/add?openid=123456&goods_id=4
INFO: [ app_init ] --START--
INFO: Run Behavior\BuildLiteBehavior [ RunTime:0.000000s ]
INFO: [ app_init ] --END-- [ RunTime:0.001000s ]
INFO: [ app_begin ] --START--
INFO: Run Behavior\ReadHtmlCacheBehavior [ RunTime:0.000000s ]
INFO: [ app_begin ] --END-- [ RunTime:0.000000s ]
NOTIC: [8] Undefined index: callback E:\xampp\htdocs\wxmall\Application\Home\Controller\CartController.class.php 第 17 行.
SQL: SHOW COLUMNS FROM `lp_cart` [ RunTime:0.0140s ]
SQL: SELECT * FROM `lp_cart` WHERE `user_openid` = '123456' AND `goods_id` = 4 LIMIT 1   [ RunTime:0.0130s ]
SQL: UPDATE `lp_cart` SET `goods_num`=goods_num+1 WHERE `user_openid` = '123456' AND `goods_id` = 4 [ RunTime:0.0280s ]
SQL: SELECT SUM(goods_num) AS tp_sum FROM `lp_cart` WHERE ( user_openid=123456 ) LIMIT 1   [ RunTime:0.0140s ]
SQL: SHOW COLUMNS FROM `lp_cart` [ RunTime:0.0140s ]
SQL: SELECT c.id,c.user_openid,c.goods_id,c.goods_num,g.goods_name,g.price,g.discount_price,g.unit FROM `lp_cart` `c`,`lp_goods` `g` WHERE ( c.goods_id=g.goods_id )  [ RunTime:0.0140s ]
INFO: [ app_end ] --START--
INFO: Run Behavior\ShowPageTraceBehavior [ RunTime:0.000000s ]
INFO: [ app_end ] --END-- [ RunTime:0.000000s ]

[ 2017-04-01T16:50:21+08:00 ] ::1 /wxmall/home/cart/add?openid=123456&goods_id=4
INFO: [ app_init ] --START--
INFO: Run Behavior\BuildLiteBehavior [ RunTime:0.000000s ]
INFO: [ app_init ] --END-- [ RunTime:0.000000s ]
INFO: [ app_begin ] --START--
INFO: Run Behavior\ReadHtmlCacheBehavior [ RunTime:0.000000s ]
INFO: [ app_begin ] --END-- [ RunTime:0.000000s ]
NOTIC: [8] Undefined index: callback E:\xampp\htdocs\wxmall\Application\Home\Controller\CartController.class.php 第 17 行.
SQL: SHOW COLUMNS FROM `lp_cart` [ RunTime:0.0196s ]
SQL: SELECT * FROM `lp_cart` WHERE `user_openid` = '123456' AND `goods_id` = 4 LIMIT 1   [ RunTime:0.0156s ]
SQL: UPDATE `lp_cart` SET `goods_num`=goods_num+1 WHERE `user_openid` = '123456' AND `goods_id` = 4 [ RunTime:0.0156s ]
SQL: SELECT SUM(goods_num) AS tp_sum FROM `lp_cart` WHERE ( user_openid=123456 ) LIMIT 1   [ RunTime:0.0156s ]
SQL: SHOW COLUMNS FROM `lp_cart` [ RunTime:0.0156s ]
SQL: SELECT c.id,c.user_openid,c.goods_id,c.goods_num,g.goods_name,g.price,g.discount_price,g.unit FROM `lp_cart` `c`,`lp_goods` `g` WHERE ( c.goods_id=g.goods_id )  [ RunTime:0.0156s ]
INFO: [ app_end ] --START--
INFO: Run Behavior\ShowPageTraceBehavior [ RunTime:0.000000s ]
INFO: [ app_end ] --END-- [ RunTime:0.000000s ]

[ 2017-04-01T16:50:48+08:00 ] ::1 /wxmall/home/cart/add?openid=123456&goods_id=4
INFO: [ app_init ] --START--
INFO: Run Behavior\BuildLiteBehavior [ RunTime:0.000000s ]
INFO: [ app_init ] --END-- [ RunTime:0.000000s ]
INFO: [ app_begin ] --START--
INFO: Run Behavior\ReadHtmlCacheBehavior [ RunTime:0.000000s ]
INFO: [ app_begin ] --END-- [ RunTime:0.000000s ]
NOTIC: [8] Undefined index: callback E:\xampp\htdocs\wxmall\Application\Home\Controller\CartController.class.php 第 17 行.
SQL: SHOW COLUMNS FROM `lp_cart` [ RunTime:0.0140s ]
SQL: SELECT * FROM `lp_cart` WHERE `user_openid` = '123456' AND `goods_id` = 4 LIMIT 1   [ RunTime:0.0130s ]
SQL: UPDATE `lp_cart` SET `goods_num`=goods_num+1 WHERE `user_openid` = '123456' AND `goods_id` = 4 [ RunTime:0.0200s ]
SQL: SELECT SUM(goods_num) AS tp_sum FROM `lp_cart` WHERE ( user_openid=123456 ) LIMIT 1   [ RunTime:0.0120s ]
SQL: SHOW COLUMNS FROM `lp_cart` [ RunTime:0.0130s ]
SQL: SELECT c.user_openid,c.goods_id,c.goods_num,g.goods_name,g.price,g.discount_price,g.unit FROM `lp_cart` `c`,`lp_goods` `g` WHERE ( c.goods_id=g.goods_id )  [ RunTime:0.0120s ]
INFO: [ app_end ] --START--
INFO: Run Behavior\ShowPageTraceBehavior [ RunTime:0.000000s ]
INFO: [ app_end ] --END-- [ RunTime:0.000000s ]

[ 2017-04-01T16:58:45+08:00 ] ::1 /wxmall/home/cart/add?openid=123456&goods_id=4
INFO: [ app_init ] --START--
INFO: Run Behavior\BuildLiteBehavior [ RunTime:0.000000s ]
INFO: [ app_init ] --END-- [ RunTime:0.000000s ]
INFO: [ app_begin ] --START--
INFO: Run Behavior\ReadHtmlCacheBehavior [ RunTime:0.000000s ]
INFO: [ app_begin ] --END-- [ RunTime:0.000000s ]
NOTIC: [8] Undefined index: callback E:\xampp\htdocs\wxmall\Application\Home\Controller\CartController.class.php 第 17 行.
SQL: SHOW COLUMNS FROM `lp_cart` [ RunTime:0.0140s ]
SQL: SELECT * FROM `lp_cart` WHERE `user_openid` = '123456' AND `goods_id` = 4 LIMIT 1   [ RunTime:0.0150s ]
SQL: UPDATE `lp_cart` SET `goods_num`=goods_num+1 WHERE `user_openid` = '123456' AND `goods_id` = 4 [ RunTime:0.0220s ]
SQL: SELECT SUM(goods_num) AS tp_sum FROM `lp_cart` WHERE ( user_openid=123456 ) LIMIT 1   [ RunTime:0.0140s ]
SQL: SHOW COLUMNS FROM `lp_cart` [ RunTime:0.0150s ]
SQL: SELECT c.user_openid,c.goods_id,c.goods_num,g.goods_name,g.price,g.discount_price,g.unit FROM `lp_cart` `c`,`lp_goods` `g` WHERE ( c.goods_id=g.goods_id )  [ RunTime:0.0150s ]
INFO: [ app_end ] --START--
INFO: Run Behavior\ShowPageTraceBehavior [ RunTime:0.001000s ]
INFO: [ app_end ] --END-- [ RunTime:0.001000s ]

[ 2017-04-01T16:59:59+08:00 ] ::1 /wxmall/home/cart/add?openid=123456&goods_id=4
INFO: [ app_init ] --START--
INFO: Run Behavior\BuildLiteBehavior [ RunTime:0.000000s ]
INFO: [ app_init ] --END-- [ RunTime:0.001000s ]
INFO: [ app_begin ] --START--
INFO: Run Behavior\ReadHtmlCacheBehavior [ RunTime:0.000000s ]
INFO: [ app_begin ] --END-- [ RunTime:0.000000s ]
NOTIC: [8] Undefined index: callback E:\xampp\htdocs\wxmall\Application\Home\Controller\CartController.class.php 第 17 行.
SQL: SHOW COLUMNS FROM `lp_cart` [ RunTime:0.0150s ]
SQL: SELECT * FROM `lp_cart` WHERE `user_openid` = '123456' AND `goods_id` = 4 LIMIT 1   [ RunTime:0.0150s ]
SQL: UPDATE `lp_cart` SET `goods_num`=goods_num+1 WHERE `user_openid` = '123456' AND `goods_id` = 4 [ RunTime:0.0320s ]
SQL: SELECT SUM(goods_num) AS tp_sum FROM `lp_cart` WHERE ( user_openid=123456 ) LIMIT 1   [ RunTime:0.0130s ]
SQL: SHOW COLUMNS FROM `lp_cart` [ RunTime:0.0140s ]
SQL: SELECT c.user_openid,c.goods_id,c.goods_num,g.goods_name,g.price,g.discount_price,g.unit FROM `lp_cart` `c`,`lp_goods` `g` WHERE ( c.goods_id=g.goods_id )  [ RunTime:0.0010s ]
INFO: [ app_end ] --START--
INFO: Run Behavior\ShowPageTraceBehavior [ RunTime:0.000000s ]
INFO: [ app_end ] --END-- [ RunTime:0.000000s ]

[ 2017-04-01T17:01:31+08:00 ] ::1 /wxmall/home/cart/add?openid=123456&goods_id=4
INFO: [ app_init ] --START--
INFO: Run Behavior\BuildLiteBehavior [ RunTime:0.000000s ]
INFO: [ app_init ] --END-- [ RunTime:0.001000s ]
INFO: [ app_begin ] --START--
INFO: Run Behavior\ReadHtmlCacheBehavior [ RunTime:0.001000s ]
INFO: [ app_begin ] --END-- [ RunTime:0.001000s ]
NOTIC: [8] Undefined index: callback E:\xampp\htdocs\wxmall\Application\Home\Controller\CartController.class.php 第 17 行.
SQL: SHOW COLUMNS FROM `lp_cart` [ RunTime:0.0000s ]
SQL: SELECT * FROM `lp_cart` WHERE `user_openid` = '123456' AND `goods_id` = 4 LIMIT 1   [ RunTime:0.0276s ]
SQL: UPDATE `lp_cart` SET `goods_num`=goods_num+1 WHERE `user_openid` = '123456' AND `goods_id` = 4 [ RunTime:0.0500s ]
SQL: SELECT SUM(goods_num) AS tp_sum FROM `lp_cart` WHERE ( user_openid=123456 ) LIMIT 1   [ RunTime:0.0140s ]
SQL: SHOW COLUMNS FROM `lp_cart` [ RunTime:0.0130s ]
SQL: SELECT c.user_openid,c.goods_id,c.goods_num,g.goods_name,g.price,g.discount_price,g.unit FROM `lp_cart` `c`,`lp_goods` `g` WHERE ( c.goods_id=g.goods_id )  [ RunTime:0.0130s ]
INFO: [ app_end ] --START--
INFO: Run Behavior\ShowPageTraceBehavior [ RunTime:0.001000s ]
INFO: [ app_end ] --END-- [ RunTime:0.001000s ]

[ 2017-04-01T17:02:21+08:00 ] ::1 /wxmall/home/cart/add?openid=123456&goods_id=10
INFO: [ app_init ] --START--
INFO: Run Behavior\BuildLiteBehavior [ RunTime:0.000000s ]
INFO: [ app_init ] --END-- [ RunTime:0.001000s ]
INFO: [ app_begin ] --START--
INFO: Run Behavior\ReadHtmlCacheBehavior [ RunTime:0.000000s ]
INFO: [ app_begin ] --END-- [ RunTime:0.000000s ]
NOTIC: [8] Undefined index: callback E:\xampp\htdocs\wxmall\Application\Home\Controller\CartController.class.php 第 17 行.
SQL: SHOW COLUMNS FROM `lp_cart` [ RunTime:0.0156s ]
SQL: SELECT * FROM `lp_cart` WHERE `user_openid` = '123456' AND `goods_id` = 10 LIMIT 1   [ RunTime:0.0156s ]
SQL: INSERT INTO `lp_cart` (`user_openid`,`goods_id`) VALUES ('123456','10') [ RunTime:0.0156s ]
NOTIC: [8] Undefined variable: cartupdate E:\xampp\htdocs\wxmall\Application\Home\Controller\CartController.class.php 第 29 行.
SQL: SELECT SUM(goods_num) AS tp_sum FROM `lp_cart` WHERE ( user_openid=123456 ) LIMIT 1   [ RunTime:0.0156s ]
SQL: SHOW COLUMNS FROM `lp_cart` [ RunTime:0.0000s ]
SQL: SELECT c.user_openid,c.goods_id,c.goods_num,g.goods_name,g.price,g.discount_price,g.unit FROM `lp_cart` `c`,`lp_goods` `g` WHERE ( c.goods_id=g.goods_id )  [ RunTime:0.0156s ]
INFO: [ app_end ] --START--
INFO: Run Behavior\ShowPageTraceBehavior [ RunTime:0.000000s ]
INFO: [ app_end ] --END-- [ RunTime:0.000000s ]

