[ 2017-03-31T09:32:59+08:00 ] ::1 /wxmall/
INFO: [ app_init ] --START--
INFO: Run Behavior\BuildLiteBehavior [ RunTime:0.000000s ]
INFO: [ app_init ] --END-- [ RunTime:0.012001s ]
INFO: [ app_begin ] --START--
INFO: Run Behavior\ReadHtmlCacheBehavior [ RunTime:0.002000s ]
INFO: [ app_begin ] --END-- [ RunTime:0.002000s ]
NOTIC: [8] Undefined index: nonce E:\xampp\htdocs\wxmall\Application\Home\Controller\IndexController.class.php 第 7 行.
NOTIC: [8] Undefined index: timestamp E:\xampp\htdocs\wxmall\Application\Home\Controller\IndexController.class.php 第 9 行.
NOTIC: [8] Undefined index: echostr E:\xampp\htdocs\wxmall\Application\Home\Controller\IndexController.class.php 第 10 行.
NOTIC: [8] Undefined index: signature E:\xampp\htdocs\wxmall\Application\Home\Controller\IndexController.class.php 第 11 行.
NOTIC: [8] Undefined index: access_token E:\xampp\htdocs\wxmall\Application\Home\Controller\IndexController.class.php 第 42 行.
INFO: [ app_end ] --START--
INFO: Run Behavior\ShowPageTraceBehavior [ RunTime:0.002000s ]
INFO: [ app_end ] --END-- [ RunTime:0.002000s ]

[ 2017-03-31T09:33:16+08:00 ] ::1 /wxmall/
INFO: [ app_init ] --START--
INFO: Run Behavior\BuildLiteBehavior [ RunTime:0.000000s ]
INFO: [ app_init ] --END-- [ RunTime:0.001000s ]
INFO: [ app_begin ] --START--
INFO: Run Behavior\ReadHtmlCacheBehavior [ RunTime:0.002000s ]
INFO: [ app_begin ] --END-- [ RunTime:0.002000s ]
NOTIC: [8] Undefined index: nonce E:\xampp\htdocs\wxmall\Application\Home\Controller\IndexController.class.php 第 7 行.
NOTIC: [8] Undefined index: timestamp E:\xampp\htdocs\wxmall\Application\Home\Controller\IndexController.class.php 第 9 行.
NOTIC: [8] Undefined index: echostr E:\xampp\htdocs\wxmall\Application\Home\Controller\IndexController.class.php 第 10 行.
NOTIC: [8] Undefined index: signature E:\xampp\htdocs\wxmall\Application\Home\Controller\IndexController.class.php 第 11 行.
NOTIC: [8] Undefined index: access_token E:\xampp\htdocs\wxmall\Application\Home\Controller\IndexController.class.php 第 42 行.
INFO: [ app_end ] --START--
INFO: Run Behavior\ShowPageTraceBehavior [ RunTime:0.001000s ]
INFO: [ app_end ] --END-- [ RunTime:0.001000s ]

[ 2017-03-31T10:13:49+08:00 ] ::1 /wxmall/home/goodslist/todayrecommend
INFO: [ app_init ] --START--
INFO: Run Behavior\BuildLiteBehavior [ RunTime:0.000000s ]
INFO: [ app_init ] --END-- [ RunTime:0.000000s ]
INFO: [ app_begin ] --START--
INFO: Run Behavior\ReadHtmlCacheBehavior [ RunTime:0.001000s ]
INFO: [ app_begin ] --END-- [ RunTime:0.001000s ]
NOTIC: [8] Undefined index: callback E:\xampp\htdocs\wxmall\Application\Home\Controller\GoodslistController.class.php 第 15 行.
NOTIC: [8] Undefined index: page E:\xampp\htdocs\wxmall\Application\Home\Controller\GoodslistController.class.php 第 16 行.
NOTIC: [8] Undefined index: limit E:\xampp\htdocs\wxmall\Application\Home\Controller\GoodslistController.class.php 第 17 行.
SQL: SHOW COLUMNS FROM `lp_goods` [ RunTime:0.0140s ]
SQL: SELECT COUNT(*) AS tp_count FROM `lp_goods` WHERE `if_show` = 1 AND `tag` = 1 LIMIT 1   [ RunTime:0.0150s ]
SQL: SELECT * FROM `lp_goods` WHERE `if_show` = 1 AND `tag` = 1 ORDER BY goods_id desc LIMIT 0,20   [ RunTime:0.0140s ]
INFO: [ app_end ] --START--
INFO: Run Behavior\ShowPageTraceBehavior [ RunTime:0.001000s ]
INFO: [ app_end ] --END-- [ RunTime:0.002000s ]

[ 2017-03-31T10:23:46+08:00 ] ::1 /wxmall/home/category/catelist
INFO: [ app_init ] --START--
INFO: Run Behavior\BuildLiteBehavior [ RunTime:0.000000s ]
INFO: [ app_init ] --END-- [ RunTime:0.000000s ]
INFO: [ app_begin ] --START--
INFO: Run Behavior\ReadHtmlCacheBehavior [ RunTime:0.000000s ]
INFO: [ app_begin ] --END-- [ RunTime:0.000000s ]
SQL: SHOW COLUMNS FROM `lp_category` [ RunTime:0.0130s ]
SQL: SELECT * FROM `lp_category` WHERE ( parent_id=0 )  [ RunTime:0.0120s ]
INFO: [ app_end ] --START--
INFO: Run Behavior\ShowPageTraceBehavior [ RunTime:0.002000s ]
INFO: [ app_end ] --END-- [ RunTime:0.002000s ]

[ 2017-03-31T10:25:09+08:00 ] ::1 /wxmall/home/category/catelist
INFO: [ app_init ] --START--
INFO: Run Behavior\BuildLiteBehavior [ RunTime:0.000000s ]
INFO: [ app_init ] --END-- [ RunTime:0.000000s ]
INFO: [ app_begin ] --START--
INFO: Run Behavior\ReadHtmlCacheBehavior [ RunTime:0.000000s ]
INFO: [ app_begin ] --END-- [ RunTime:0.000000s ]
SQL: SHOW COLUMNS FROM `lp_category` [ RunTime:0.0180s ]
NOTIC: [8] Use of undefined constant asc - assumed 'asc' E:\xampp\htdocs\wxmall\Application\Home\Controller\CategoryController.class.php 第 18 行.
SQL: SELECT * FROM `lp_category` WHERE ( parent_id=0 ) ORDER BY sort_order  [ RunTime:0.0170s ]
INFO: [ app_end ] --START--
INFO: Run Behavior\ShowPageTraceBehavior [ RunTime:0.002000s ]
INFO: [ app_end ] --END-- [ RunTime:0.002000s ]

[ 2017-03-31T10:25:11+08:00 ] ::1 /wxmall/home/category/catelist
INFO: [ app_init ] --START--
INFO: Run Behavior\BuildLiteBehavior [ RunTime:0.000000s ]
INFO: [ app_init ] --END-- [ RunTime:0.000000s ]
INFO: [ app_begin ] --START--
INFO: Run Behavior\ReadHtmlCacheBehavior [ RunTime:0.000000s ]
INFO: [ app_begin ] --END-- [ RunTime:0.000000s ]
SQL: SHOW COLUMNS FROM `lp_category` [ RunTime:0.0130s ]
NOTIC: [8] Use of undefined constant asc - assumed 'asc' E:\xampp\htdocs\wxmall\Application\Home\Controller\CategoryController.class.php 第 18 行.
SQL: SELECT * FROM `lp_category` WHERE ( parent_id=0 ) ORDER BY sort_order  [ RunTime:0.0130s ]
INFO: [ app_end ] --START--
INFO: Run Behavior\ShowPageTraceBehavior [ RunTime:0.002000s ]
INFO: [ app_end ] --END-- [ RunTime:0.002000s ]

[ 2017-03-31T10:25:12+08:00 ] ::1 /wxmall/home/category/catelist
INFO: [ app_init ] --START--
INFO: Run Behavior\BuildLiteBehavior [ RunTime:0.000000s ]
INFO: [ app_init ] --END-- [ RunTime:0.000000s ]
INFO: [ app_begin ] --START--
INFO: Run Behavior\ReadHtmlCacheBehavior [ RunTime:0.001000s ]
INFO: [ app_begin ] --END-- [ RunTime:0.001000s ]
SQL: SHOW COLUMNS FROM `lp_category` [ RunTime:0.0160s ]
NOTIC: [8] Use of undefined constant asc - assumed 'asc' E:\xampp\htdocs\wxmall\Application\Home\Controller\CategoryController.class.php 第 18 行.
SQL: SELECT * FROM `lp_category` WHERE ( parent_id=0 ) ORDER BY sort_order  [ RunTime:0.0150s ]
INFO: [ app_end ] --START--
INFO: Run Behavior\ShowPageTraceBehavior [ RunTime:0.001000s ]
INFO: [ app_end ] --END-- [ RunTime:0.001000s ]

[ 2017-03-31T10:25:12+08:00 ] ::1 /wxmall/home/category/catelist
INFO: [ app_init ] --START--
INFO: Run Behavior\BuildLiteBehavior [ RunTime:0.000000s ]
INFO: [ app_init ] --END-- [ RunTime:0.015600s ]
INFO: [ app_begin ] --START--
INFO: Run Behavior\ReadHtmlCacheBehavior [ RunTime:0.001000s ]
INFO: [ app_begin ] --END-- [ RunTime:0.001000s ]
SQL: SHOW COLUMNS FROM `lp_category` [ RunTime:0.0150s ]
NOTIC: [8] Use of undefined constant asc - assumed 'asc' E:\xampp\htdocs\wxmall\Application\Home\Controller\CategoryController.class.php 第 18 行.
SQL: SELECT * FROM `lp_category` WHERE ( parent_id=0 ) ORDER BY sort_order  [ RunTime:0.0150s ]
INFO: [ app_end ] --START--
INFO: Run Behavior\ShowPageTraceBehavior [ RunTime:0.002000s ]
INFO: [ app_end ] --END-- [ RunTime:0.002000s ]

[ 2017-03-31T10:25:36+08:00 ] ::1 /wxmall/home/category/catelist
INFO: [ app_init ] --START--
INFO: Run Behavior\BuildLiteBehavior [ RunTime:0.000000s ]
INFO: [ app_init ] --END-- [ RunTime:0.000000s ]
INFO: [ app_begin ] --START--
INFO: Run Behavior\ReadHtmlCacheBehavior [ RunTime:0.000000s ]
INFO: [ app_begin ] --END-- [ RunTime:0.001000s ]
SQL: SHOW COLUMNS FROM `lp_category` [ RunTime:0.0140s ]
NOTIC: [8] Use of undefined constant asc - assumed 'asc' E:\xampp\htdocs\wxmall\Application\Home\Controller\CategoryController.class.php 第 18 行.
SQL: SELECT * FROM `lp_category` WHERE ( parent_id=0 ) ORDER BY sort_order  [ RunTime:0.0120s ]
INFO: [ app_end ] --START--
INFO: Run Behavior\ShowPageTraceBehavior [ RunTime:0.001000s ]
INFO: [ app_end ] --END-- [ RunTime:0.001000s ]

[ 2017-03-31T10:25:38+08:00 ] ::1 /wxmall/home/category/catelist
INFO: [ app_init ] --START--
INFO: Run Behavior\BuildLiteBehavior [ RunTime:0.000000s ]
INFO: [ app_init ] --END-- [ RunTime:0.000000s ]
INFO: [ app_begin ] --START--
INFO: Run Behavior\ReadHtmlCacheBehavior [ RunTime:0.000000s ]
INFO: [ app_begin ] --END-- [ RunTime:0.000000s ]
SQL: SHOW COLUMNS FROM `lp_category` [ RunTime:0.0210s ]
NOTIC: [8] Use of undefined constant asc - assumed 'asc' E:\xampp\htdocs\wxmall\Application\Home\Controller\CategoryController.class.php 第 18 行.
SQL: SELECT * FROM `lp_category` WHERE ( parent_id=0 ) ORDER BY sort_order  [ RunTime:0.0120s ]
INFO: [ app_end ] --START--
INFO: Run Behavior\ShowPageTraceBehavior [ RunTime:0.001000s ]
INFO: [ app_end ] --END-- [ RunTime:0.001000s ]

[ 2017-03-31T10:28:21+08:00 ] ::1 /wxmall/home/category/catelist
INFO: [ app_init ] --START--
INFO: Run Behavior\BuildLiteBehavior [ RunTime:0.000000s ]
INFO: [ app_init ] --END-- [ RunTime:0.001000s ]
INFO: [ app_begin ] --START--
INFO: Run Behavior\ReadHtmlCacheBehavior [ RunTime:0.001000s ]
INFO: [ app_begin ] --END-- [ RunTime:0.001000s ]
SQL: SHOW COLUMNS FROM `lp_category` [ RunTime:0.0150s ]
NOTIC: [8] Use of undefined constant asc - assumed 'asc' E:\xampp\htdocs\wxmall\Application\Home\Controller\CategoryController.class.php 第 18 行.
SQL: SELECT `cate_id`,`cate_name` FROM `lp_category` WHERE ( parent_id=0 ) ORDER BY sort_order  [ RunTime:0.0150s ]
INFO: [ app_end ] --START--
INFO: Run Behavior\ShowPageTraceBehavior [ RunTime:0.002000s ]
INFO: [ app_end ] --END-- [ RunTime:0.002000s ]

[ 2017-03-31T10:31:58+08:00 ] ::1 /wxmall/home/category/catelist
INFO: [ app_init ] --START--
INFO: Run Behavior\BuildLiteBehavior [ RunTime:0.000000s ]
INFO: [ app_init ] --END-- [ RunTime:0.000000s ]
INFO: [ app_begin ] --START--
INFO: Run Behavior\ReadHtmlCacheBehavior [ RunTime:0.000000s ]
INFO: [ app_begin ] --END-- [ RunTime:0.000000s ]
SQL: SHOW COLUMNS FROM `lp_category` [ RunTime:0.0150s ]
NOTIC: [8] Use of undefined constant asc - assumed 'asc' E:\xampp\htdocs\wxmall\Application\Home\Controller\CategoryController.class.php 第 18 行.
SQL: SELECT `cate_id`,`cate_name` FROM `lp_category` WHERE ( parent_id=0 ) ORDER BY sort_order  [ RunTime:0.0140s ]
NOTIC: [2] array_unshift() expects parameter 1 to be array, null given E:\xampp\htdocs\wxmall\Application\Home\Controller\CategoryController.class.php 第 20 行.
INFO: [ app_end ] --START--
INFO: Run Behavior\ShowPageTraceBehavior [ RunTime:0.002000s ]
INFO: [ app_end ] --END-- [ RunTime:0.002000s ]

[ 2017-03-31T10:31:59+08:00 ] ::1 /wxmall/home/category/catelist
INFO: [ app_init ] --START--
INFO: Run Behavior\BuildLiteBehavior [ RunTime:0.000000s ]
INFO: [ app_init ] --END-- [ RunTime:0.000000s ]
INFO: [ app_begin ] --START--
INFO: Run Behavior\ReadHtmlCacheBehavior [ RunTime:0.000000s ]
INFO: [ app_begin ] --END-- [ RunTime:0.000000s ]
SQL: SHOW COLUMNS FROM `lp_category` [ RunTime:0.0130s ]
NOTIC: [8] Use of undefined constant asc - assumed 'asc' E:\xampp\htdocs\wxmall\Application\Home\Controller\CategoryController.class.php 第 18 行.
SQL: SELECT `cate_id`,`cate_name` FROM `lp_category` WHERE ( parent_id=0 ) ORDER BY sort_order  [ RunTime:0.0130s ]
NOTIC: [2] array_unshift() expects parameter 1 to be array, null given E:\xampp\htdocs\wxmall\Application\Home\Controller\CategoryController.class.php 第 20 行.
INFO: [ app_end ] --START--
INFO: Run Behavior\ShowPageTraceBehavior [ RunTime:0.001000s ]
INFO: [ app_end ] --END-- [ RunTime:0.002000s ]

[ 2017-03-31T10:32:00+08:00 ] ::1 /wxmall/home/category/catelist
INFO: [ app_init ] --START--
INFO: Run Behavior\BuildLiteBehavior [ RunTime:0.000000s ]
INFO: [ app_init ] --END-- [ RunTime:0.000000s ]
INFO: [ app_begin ] --START--
INFO: Run Behavior\ReadHtmlCacheBehavior [ RunTime:0.001001s ]
INFO: [ app_begin ] --END-- [ RunTime:0.001001s ]
SQL: SHOW COLUMNS FROM `lp_category` [ RunTime:0.0220s ]
NOTIC: [8] Use of undefined constant asc - assumed 'asc' E:\xampp\htdocs\wxmall\Application\Home\Controller\CategoryController.class.php 第 18 行.
SQL: SELECT `cate_id`,`cate_name` FROM `lp_category` WHERE ( parent_id=0 ) ORDER BY sort_order  [ RunTime:0.0210s ]
NOTIC: [2] array_unshift() expects parameter 1 to be array, null given E:\xampp\htdocs\wxmall\Application\Home\Controller\CategoryController.class.php 第 20 行.
INFO: [ app_end ] --START--
INFO: Run Behavior\ShowPageTraceBehavior [ RunTime:0.001000s ]
INFO: [ app_end ] --END-- [ RunTime:0.001000s ]

[ 2017-03-31T10:32:01+08:00 ] ::1 /wxmall/home/category/catelist
INFO: [ app_init ] --START--
INFO: Run Behavior\BuildLiteBehavior [ RunTime:0.000000s ]
INFO: [ app_init ] --END-- [ RunTime:0.000000s ]
INFO: [ app_begin ] --START--
INFO: Run Behavior\ReadHtmlCacheBehavior [ RunTime:0.000000s ]
INFO: [ app_begin ] --END-- [ RunTime:0.001000s ]
SQL: SHOW COLUMNS FROM `lp_category` [ RunTime:0.0150s ]
NOTIC: [8] Use of undefined constant asc - assumed 'asc' E:\xampp\htdocs\wxmall\Application\Home\Controller\CategoryController.class.php 第 18 行.
SQL: SELECT `cate_id`,`cate_name` FROM `lp_category` WHERE ( parent_id=0 ) ORDER BY sort_order  [ RunTime:0.0140s ]
NOTIC: [2] array_unshift() expects parameter 1 to be array, null given E:\xampp\htdocs\wxmall\Application\Home\Controller\CategoryController.class.php 第 20 行.
INFO: [ app_end ] --START--
INFO: Run Behavior\ShowPageTraceBehavior [ RunTime:0.002000s ]
INFO: [ app_end ] --END-- [ RunTime:0.002000s ]

[ 2017-03-31T10:32:10+08:00 ] ::1 /wxmall/home/category/catelist
INFO: [ app_init ] --START--
INFO: Run Behavior\BuildLiteBehavior [ RunTime:0.000000s ]
INFO: [ app_init ] --END-- [ RunTime:0.001000s ]
INFO: [ app_begin ] --START--
INFO: Run Behavior\ReadHtmlCacheBehavior [ RunTime:0.001000s ]
INFO: [ app_begin ] --END-- [ RunTime:0.001000s ]
SQL: SHOW COLUMNS FROM `lp_category` [ RunTime:0.0140s ]
NOTIC: [8] Use of undefined constant asc - assumed 'asc' E:\xampp\htdocs\wxmall\Application\Home\Controller\CategoryController.class.php 第 18 行.
SQL: SELECT `cate_id`,`cate_name` FROM `lp_category` WHERE ( parent_id=0 ) ORDER BY sort_order  [ RunTime:0.0150s ]
INFO: [ app_end ] --START--
INFO: Run Behavior\ShowPageTraceBehavior [ RunTime:0.001000s ]
INFO: [ app_end ] --END-- [ RunTime:0.002000s ]

[ 2017-03-31T10:32:11+08:00 ] ::1 /wxmall/home/category/catelist
INFO: [ app_init ] --START--
INFO: Run Behavior\BuildLiteBehavior [ RunTime:0.000000s ]
INFO: [ app_init ] --END-- [ RunTime:0.000000s ]
INFO: [ app_begin ] --START--
INFO: Run Behavior\ReadHtmlCacheBehavior [ RunTime:0.000000s ]
INFO: [ app_begin ] --END-- [ RunTime:0.000000s ]
SQL: SHOW COLUMNS FROM `lp_category` [ RunTime:0.0160s ]
NOTIC: [8] Use of undefined constant asc - assumed 'asc' E:\xampp\htdocs\wxmall\Application\Home\Controller\CategoryController.class.php 第 18 行.
SQL: SELECT `cate_id`,`cate_name` FROM `lp_category` WHERE ( parent_id=0 ) ORDER BY sort_order  [ RunTime:0.0160s ]
INFO: [ app_end ] --START--
INFO: Run Behavior\ShowPageTraceBehavior [ RunTime:0.001000s ]
INFO: [ app_end ] --END-- [ RunTime:0.001000s ]

[ 2017-03-31T10:32:36+08:00 ] ::1 /wxmall/home/category/catelist
INFO: [ app_init ] --START--
INFO: Run Behavior\BuildLiteBehavior [ RunTime:0.000000s ]
INFO: [ app_init ] --END-- [ RunTime:0.000000s ]
INFO: [ app_begin ] --START--
INFO: Run Behavior\ReadHtmlCacheBehavior [ RunTime:0.000000s ]
INFO: [ app_begin ] --END-- [ RunTime:0.000000s ]
SQL: SHOW COLUMNS FROM `lp_category` [ RunTime:0.0160s ]
NOTIC: [8] Use of undefined constant asc - assumed 'asc' E:\xampp\htdocs\wxmall\Application\Home\Controller\CategoryController.class.php 第 18 行.
SQL: SELECT `cate_id`,`cate_name` FROM `lp_category` WHERE ( parent_id=0 ) ORDER BY sort_order  [ RunTime:0.0140s ]
INFO: [ app_end ] --START--
INFO: Run Behavior\ShowPageTraceBehavior [ RunTime:0.001000s ]
INFO: [ app_end ] --END-- [ RunTime:0.002000s ]

[ 2017-03-31T10:34:46+08:00 ] ::1 /wxmall/home/category/catelist
INFO: [ app_init ] --START--
INFO: Run Behavior\BuildLiteBehavior [ RunTime:0.000000s ]
INFO: [ app_init ] --END-- [ RunTime:0.000000s ]
INFO: [ app_begin ] --START--
INFO: Run Behavior\ReadHtmlCacheBehavior [ RunTime:0.000000s ]
INFO: [ app_begin ] --END-- [ RunTime:0.000000s ]
SQL: SHOW COLUMNS FROM `lp_category` [ RunTime:0.0180s ]
NOTIC: [8] Use of undefined constant asc - assumed 'asc' E:\xampp\htdocs\wxmall\Application\Home\Controller\CategoryController.class.php 第 18 行.
SQL: SELECT `cate_id`,`cate_name` FROM `lp_category` WHERE ( parent_id=0 ) ORDER BY sort_order  [ RunTime:0.0170s ]
INFO: [ app_end ] --START--
INFO: Run Behavior\ShowPageTraceBehavior [ RunTime:0.002000s ]
INFO: [ app_end ] --END-- [ RunTime:0.002000s ]

[ 2017-03-31T10:37:21+08:00 ] ::1 /wxmall/home/category/catelist
INFO: [ app_init ] --START--
INFO: Run Behavior\BuildLiteBehavior [ RunTime:0.000000s ]
INFO: [ app_init ] --END-- [ RunTime:0.000000s ]
INFO: [ app_begin ] --START--
INFO: Run Behavior\ReadHtmlCacheBehavior [ RunTime:0.000000s ]
INFO: [ app_begin ] --END-- [ RunTime:0.000000s ]
NOTIC: [8] Undefined index: callback E:\xampp\htdocs\wxmall\Application\Home\Controller\CategoryController.class.php 第 15 行.
SQL: SHOW COLUMNS FROM `lp_category` [ RunTime:0.0170s ]
NOTIC: [8] Use of undefined constant asc - assumed 'asc' E:\xampp\htdocs\wxmall\Application\Home\Controller\CategoryController.class.php 第 19 行.
SQL: SELECT `cate_id`,`cate_name` FROM `lp_category` WHERE ( parent_id=0 ) ORDER BY sort_order  [ RunTime:0.0180s ]
INFO: [ app_end ] --START--
INFO: Run Behavior\ShowPageTraceBehavior [ RunTime:0.001000s ]
INFO: [ app_end ] --END-- [ RunTime:0.001000s ]

[ 2017-03-31T10:38:10+08:00 ] ::1 /wxmall/home/category/catelist
INFO: [ app_init ] --START--
INFO: Run Behavior\BuildLiteBehavior [ RunTime:0.000000s ]
INFO: [ app_init ] --END-- [ RunTime:0.000000s ]
INFO: [ app_begin ] --START--
INFO: Run Behavior\ReadHtmlCacheBehavior [ RunTime:0.000000s ]
INFO: [ app_begin ] --END-- [ RunTime:0.000000s ]
NOTIC: [8] Undefined index: callback E:\xampp\htdocs\wxmall\Application\Home\Controller\CategoryController.class.php 第 15 行.
SQL: SHOW COLUMNS FROM `lp_category` [ RunTime:0.0150s ]
NOTIC: [8] Use of undefined constant asc - assumed 'asc' E:\xampp\htdocs\wxmall\Application\Home\Controller\CategoryController.class.php 第 19 行.
SQL: SELECT `cate_id`,`cate_name` FROM `lp_category` WHERE ( parent_id=0 ) ORDER BY sort_order  [ RunTime:0.0130s ]
INFO: [ app_end ] --START--
INFO: Run Behavior\ShowPageTraceBehavior [ RunTime:0.002000s ]
INFO: [ app_end ] --END-- [ RunTime:0.003000s ]

[ 2017-03-31T10:38:38+08:00 ] ::1 /wxmall/home/category/catelist
INFO: [ app_init ] --START--
INFO: Run Behavior\BuildLiteBehavior [ RunTime:0.000000s ]
INFO: [ app_init ] --END-- [ RunTime:0.000000s ]
INFO: [ app_begin ] --START--
INFO: Run Behavior\ReadHtmlCacheBehavior [ RunTime:0.001000s ]
INFO: [ app_begin ] --END-- [ RunTime:0.001000s ]
NOTIC: [8] Undefined index: callback E:\xampp\htdocs\wxmall\Application\Home\Controller\CategoryController.class.php 第 15 行.
SQL: SHOW COLUMNS FROM `lp_category` [ RunTime:0.0130s ]
NOTIC: [8] Use of undefined constant asc - assumed 'asc' E:\xampp\htdocs\wxmall\Application\Home\Controller\CategoryController.class.php 第 19 行.
SQL: SELECT `cate_id`,`cate_name` FROM `lp_category` WHERE ( parent_id=0 ) ORDER BY sort_order  [ RunTime:0.0140s ]
INFO: [ app_end ] --START--
INFO: Run Behavior\ShowPageTraceBehavior [ RunTime:0.002000s ]
INFO: [ app_end ] --END-- [ RunTime:0.002000s ]

[ 2017-03-31T10:45:01+08:00 ] ::1 /wxmall/home/goodslist/goodslit
INFO: [ app_init ] --START--
INFO: Run Behavior\BuildLiteBehavior [ RunTime:0.000000s ]
INFO: [ app_init ] --END-- [ RunTime:0.000000s ]
INFO: [ app_begin ] --START--
INFO: Run Behavior\ReadHtmlCacheBehavior [ RunTime:0.000000s ]
INFO: [ app_begin ] --END-- [ RunTime:0.000000s ]
ERR: 非法操作:goodslit

[ 2017-03-31T10:45:06+08:00 ] ::1 /wxmall/home/goodslist/goodslist
INFO: [ app_init ] --START--
INFO: Run Behavior\BuildLiteBehavior [ RunTime:0.000000s ]
INFO: [ app_init ] --END-- [ RunTime:0.015600s ]
INFO: [ app_begin ] --START--
INFO: Run Behavior\ReadHtmlCacheBehavior [ RunTime:0.000000s ]
INFO: [ app_begin ] --END-- [ RunTime:0.001000s ]
NOTIC: [8] Undefined index: callback E:\xampp\htdocs\wxmall\Application\Home\Controller\GoodslistController.class.php 第 41 行.
NOTIC: [8] Undefined index: page E:\xampp\htdocs\wxmall\Application\Home\Controller\GoodslistController.class.php 第 42 行.
NOTIC: [8] Undefined index: limit E:\xampp\htdocs\wxmall\Application\Home\Controller\GoodslistController.class.php 第 43 行.
NOTIC: [8] Undefined index: cate_id E:\xampp\htdocs\wxmall\Application\Home\Controller\GoodslistController.class.php 第 44 行.
SQL: SHOW COLUMNS FROM `lp_category` [ RunTime:0.0160s ]
SQL: SHOW COLUMNS FROM `lp_goods` [ RunTime:0.0130s ]
NOTIC: [8] Use of undefined constant asc - assumed 'asc' E:\xampp\htdocs\wxmall\Application\Home\Controller\GoodslistController.class.php 第 47 行.
ERR: 1064:You have an error in your SQL syntax; check the manual that corresponds to your MySQL server version for the right syntax to use near ') ORDER BY sort_order' at line 1
 [ SQL语句 ] : SELECT `cate_id`,`cate_name` FROM `lp_category` WHERE ( parent_id= ) ORDER BY sort_order 
ERR: 1064:You have an error in your SQL syntax; check the manual that corresponds to your MySQL server version for the right syntax to use near ') ORDER BY sort_order' at line 1
 [ SQL语句 ] : SELECT `cate_id`,`cate_name` FROM `lp_category` WHERE ( parent_id= ) ORDER BY sort_order 

[ 2017-03-31T10:46:05+08:00 ] ::1 /wxmall/home/goodslist/goodslist?cate_id=17
INFO: [ app_init ] --START--
INFO: Run Behavior\BuildLiteBehavior [ RunTime:0.000000s ]
INFO: [ app_init ] --END-- [ RunTime:0.000000s ]
INFO: [ app_begin ] --START--
INFO: Run Behavior\ReadHtmlCacheBehavior [ RunTime:0.000000s ]
INFO: [ app_begin ] --END-- [ RunTime:0.000000s ]
NOTIC: [8] Undefined index: callback E:\xampp\htdocs\wxmall\Application\Home\Controller\GoodslistController.class.php 第 41 行.
NOTIC: [8] Undefined index: page E:\xampp\htdocs\wxmall\Application\Home\Controller\GoodslistController.class.php 第 42 行.
NOTIC: [8] Undefined index: limit E:\xampp\htdocs\wxmall\Application\Home\Controller\GoodslistController.class.php 第 43 行.
SQL: SHOW COLUMNS FROM `lp_category` [ RunTime:0.0156s ]
SQL: SHOW COLUMNS FROM `lp_goods` [ RunTime:0.0156s ]
NOTIC: [8] Use of undefined constant asc - assumed 'asc' E:\xampp\htdocs\wxmall\Application\Home\Controller\GoodslistController.class.php 第 47 行.
SQL: SELECT `cate_id`,`cate_name` FROM `lp_category` WHERE ( parent_id=17 ) ORDER BY sort_order  [ RunTime:0.0156s ]
INFO: [ app_end ] --START--
INFO: Run Behavior\ShowPageTraceBehavior [ RunTime:0.000000s ]
INFO: [ app_end ] --END-- [ RunTime:0.000000s ]

[ 2017-03-31T10:47:30+08:00 ] ::1 /wxmall/home/goodslist/goodslist?cate_id=17
INFO: [ app_init ] --START--
INFO: Run Behavior\BuildLiteBehavior [ RunTime:0.000000s ]
INFO: [ app_init ] --END-- [ RunTime:0.000000s ]
INFO: [ app_begin ] --START--
INFO: Run Behavior\ReadHtmlCacheBehavior [ RunTime:0.000000s ]
INFO: [ app_begin ] --END-- [ RunTime:0.000000s ]
NOTIC: [8] Undefined index: callback E:\xampp\htdocs\wxmall\Application\Home\Controller\GoodslistController.class.php 第 41 行.
NOTIC: [8] Undefined index: page E:\xampp\htdocs\wxmall\Application\Home\Controller\GoodslistController.class.php 第 42 行.
NOTIC: [8] Undefined index: limit E:\xampp\htdocs\wxmall\Application\Home\Controller\GoodslistController.class.php 第 43 行.
SQL: SHOW COLUMNS FROM `lp_category` [ RunTime:0.0110s ]
SQL: SHOW COLUMNS FROM `lp_goods` [ RunTime:0.0156s ]
NOTIC: [8] Use of undefined constant asc - assumed 'asc' E:\xampp\htdocs\wxmall\Application\Home\Controller\GoodslistController.class.php 第 47 行.
SQL: SELECT `cate_id`,`cate_name` FROM `lp_category` WHERE ( parent_id=17 ) ORDER BY sort_order  [ RunTime:0.0000s ]
INFO: [ app_end ] --START--
INFO: Run Behavior\ShowPageTraceBehavior [ RunTime:0.000000s ]
INFO: [ app_end ] --END-- [ RunTime:0.000000s ]

[ 2017-03-31T11:02:15+08:00 ] ::1 /wxmall/home/goodslist/goodslist?cate_id=17
INFO: [ app_init ] --START--
INFO: Run Behavior\BuildLiteBehavior [ RunTime:0.000000s ]
INFO: [ app_init ] --END-- [ RunTime:0.000000s ]
INFO: [ app_begin ] --START--
INFO: Run Behavior\ReadHtmlCacheBehavior [ RunTime:0.000000s ]
INFO: [ app_begin ] --END-- [ RunTime:0.000000s ]
NOTIC: [8] Undefined index: callback E:\xampp\htdocs\wxmall\Application\Home\Controller\GoodslistController.class.php 第 41 行.
NOTIC: [8] Undefined index: page E:\xampp\htdocs\wxmall\Application\Home\Controller\GoodslistController.class.php 第 42 行.
NOTIC: [8] Undefined index: limit E:\xampp\htdocs\wxmall\Application\Home\Controller\GoodslistController.class.php 第 43 行.
SQL: SHOW COLUMNS FROM `lp_category` [ RunTime:0.0150s ]
SQL: SHOW COLUMNS FROM `lp_goods` [ RunTime:0.0170s ]
NOTIC: [8] Use of undefined constant asc - assumed 'asc' E:\xampp\htdocs\wxmall\Application\Home\Controller\GoodslistController.class.php 第 47 行.
SQL: SELECT `cate_id`,`cate_name` FROM `lp_category` WHERE ( parent_id=17 ) ORDER BY sort_order  [ RunTime:0.0140s ]
NOTIC: [8] Undefined variable: today E:\xampp\htdocs\wxmall\Application\Home\Controller\GoodslistController.class.php 第 49 行.
NOTIC: [2] array_unshift() expects parameter 1 to be array, null given E:\xampp\htdocs\wxmall\Application\Home\Controller\GoodslistController.class.php 第 49 行.
NOTIC: [8] Trying to get property of non-object E:\xampp\htdocs\wxmall\Application\Home\Controller\GoodslistController.class.php 第 50 行.
NOTIC: [8] Trying to get property of non-object E:\xampp\htdocs\wxmall\Application\Home\Controller\GoodslistController.class.php 第 50 行.
SQL: SELECT * FROM `lp_goods` ORDER BY goods_id desc  [ RunTime:0.0150s ]
INFO: [ app_end ] --START--
INFO: Run Behavior\ShowPageTraceBehavior [ RunTime:0.002000s ]
INFO: [ app_end ] --END-- [ RunTime:0.002000s ]

[ 2017-03-31T11:14:08+08:00 ] ::1 /wxmall/home/goodslist/goodslist?cate_id=17
INFO: [ app_init ] --START--
INFO: Run Behavior\BuildLiteBehavior [ RunTime:0.000000s ]
INFO: [ app_init ] --END-- [ RunTime:0.001000s ]
INFO: [ app_begin ] --START--
INFO: Run Behavior\ReadHtmlCacheBehavior [ RunTime:0.001000s ]
INFO: [ app_begin ] --END-- [ RunTime:0.001000s ]
NOTIC: [8] Undefined index: callback E:\xampp\htdocs\wxmall\Application\Home\Controller\GoodslistController.class.php 第 41 行.
NOTIC: [8] Undefined index: page E:\xampp\htdocs\wxmall\Application\Home\Controller\GoodslistController.class.php 第 42 行.
NOTIC: [8] Undefined index: limit E:\xampp\htdocs\wxmall\Application\Home\Controller\GoodslistController.class.php 第 43 行.
SQL: SHOW COLUMNS FROM `lp_category` [ RunTime:0.0170s ]
SQL: SHOW COLUMNS FROM `lp_goods` [ RunTime:0.0170s ]
NOTIC: [8] Use of undefined constant asc - assumed 'asc' E:\xampp\htdocs\wxmall\Application\Home\Controller\GoodslistController.class.php 第 47 行.
SQL: SELECT `cate_id`,`cate_name` FROM `lp_category` WHERE ( parent_id=17 ) ORDER BY sort_order  [ RunTime:0.0160s ]
NOTIC: [8] Undefined variable: today E:\xampp\htdocs\wxmall\Application\Home\Controller\GoodslistController.class.php 第 49 行.
NOTIC: [2] array_unshift() expects parameter 1 to be array, null given E:\xampp\htdocs\wxmall\Application\Home\Controller\GoodslistController.class.php 第 49 行.
NOTIC: [8] Trying to get property of non-object E:\xampp\htdocs\wxmall\Application\Home\Controller\GoodslistController.class.php 第 51 行.
NOTIC: [8] Trying to get property of non-object E:\xampp\htdocs\wxmall\Application\Home\Controller\GoodslistController.class.php 第 51 行.
SQL: SELECT * FROM `lp_goods` WHERE `cate_id` LIKE '17%' ORDER BY goods_id desc  [ RunTime:0.0180s ]
INFO: [ app_end ] --START--
INFO: Run Behavior\ShowPageTraceBehavior [ RunTime:0.001000s ]
INFO: [ app_end ] --END-- [ RunTime:0.001000s ]

[ 2017-03-31T11:16:03+08:00 ] ::1 /wxmall/home/goodslist/goodslist?cate_id=17
INFO: [ app_init ] --START--
INFO: Run Behavior\BuildLiteBehavior [ RunTime:0.000000s ]
INFO: [ app_init ] --END-- [ RunTime:0.000000s ]
INFO: [ app_begin ] --START--
INFO: Run Behavior\ReadHtmlCacheBehavior [ RunTime:0.000000s ]
INFO: [ app_begin ] --END-- [ RunTime:0.000000s ]
NOTIC: [8] Undefined index: callback E:\xampp\htdocs\wxmall\Application\Home\Controller\GoodslistController.class.php 第 41 行.
NOTIC: [8] Undefined index: page E:\xampp\htdocs\wxmall\Application\Home\Controller\GoodslistController.class.php 第 42 行.
NOTIC: [8] Undefined index: limit E:\xampp\htdocs\wxmall\Application\Home\Controller\GoodslistController.class.php 第 43 行.
SQL: SHOW COLUMNS FROM `lp_category` [ RunTime:0.0150s ]
SQL: SHOW COLUMNS FROM `lp_goods` [ RunTime:0.0150s ]
NOTIC: [8] Use of undefined constant asc - assumed 'asc' E:\xampp\htdocs\wxmall\Application\Home\Controller\GoodslistController.class.php 第 47 行.
SQL: SELECT `cate_id`,`cate_name` FROM `lp_category` WHERE ( parent_id=17 ) ORDER BY sort_order  [ RunTime:0.0150s ]
NOTIC: [8] Undefined variable: today E:\xampp\htdocs\wxmall\Application\Home\Controller\GoodslistController.class.php 第 49 行.
NOTIC: [2] array_unshift() expects parameter 1 to be array, null given E:\xampp\htdocs\wxmall\Application\Home\Controller\GoodslistController.class.php 第 49 行.
NOTIC: [8] Trying to get property of non-object E:\xampp\htdocs\wxmall\Application\Home\Controller\GoodslistController.class.php 第 51 行.
NOTIC: [8] Trying to get property of non-object E:\xampp\htdocs\wxmall\Application\Home\Controller\GoodslistController.class.php 第 51 行.
SQL: SELECT * FROM `lp_goods` WHERE `cate_id` LIKE '17%' ORDER BY goods_id desc  [ RunTime:0.0140s ]
INFO: [ app_end ] --START--
INFO: Run Behavior\ShowPageTraceBehavior [ RunTime:0.001000s ]
INFO: [ app_end ] --END-- [ RunTime:0.001000s ]

[ 2017-03-31T11:36:13+08:00 ] ::1 /wxmall/home/goodslist/goodslist?cate_id=17
INFO: [ app_init ] --START--
INFO: Run Behavior\BuildLiteBehavior [ RunTime:0.000000s ]
INFO: [ app_init ] --END-- [ RunTime:0.000000s ]
INFO: [ app_begin ] --START--
INFO: Run Behavior\ReadHtmlCacheBehavior [ RunTime:0.000000s ]
INFO: [ app_begin ] --END-- [ RunTime:0.000000s ]
NOTIC: [8] Undefined index: callback E:\xampp\htdocs\wxmall\Application\Home\Controller\GoodslistController.class.php 第 37 行.
NOTIC: [8] Undefined index: page E:\xampp\htdocs\wxmall\Application\Home\Controller\GoodslistController.class.php 第 38 行.
NOTIC: [8] Undefined index: limit E:\xampp\htdocs\wxmall\Application\Home\Controller\GoodslistController.class.php 第 39 行.
SQL: SHOW COLUMNS FROM `lp_category` [ RunTime:0.0190s ]
SQL: SHOW COLUMNS FROM `lp_goods` [ RunTime:0.0180s ]
NOTIC: [8] Use of undefined constant asc - assumed 'asc' E:\xampp\htdocs\wxmall\Application\Home\Controller\GoodslistController.class.php 第 43 行.
SQL: SELECT `cate_id`,`cate_name` FROM `lp_category` WHERE ( parent_id=17 ) ORDER BY sort_order  [ RunTime:0.0160s ]
NOTIC: [8] Undefined variable: today E:\xampp\htdocs\wxmall\Application\Home\Controller\GoodslistController.class.php 第 45 行.
NOTIC: [2] array_unshift() expects parameter 1 to be array, null given E:\xampp\htdocs\wxmall\Application\Home\Controller\GoodslistController.class.php 第 45 行.
SQL: SELECT * FROM `lp_goods` WHERE `cate_id` LIKE '17%' AND `if_show` = 1 ORDER BY goods_id desc  [ RunTime:0.0180s ]
INFO: [ app_end ] --START--
INFO: Run Behavior\ShowPageTraceBehavior [ RunTime:0.001001s ]
INFO: [ app_end ] --END-- [ RunTime:0.001001s ]

[ 2017-03-31T11:37:12+08:00 ] ::1 /wxmall/home/goodslist/todayrecommend
INFO: [ app_init ] --START--
INFO: Run Behavior\BuildLiteBehavior [ RunTime:0.000000s ]
INFO: [ app_init ] --END-- [ RunTime:0.000000s ]
INFO: [ app_begin ] --START--
INFO: Run Behavior\ReadHtmlCacheBehavior [ RunTime:0.001000s ]
INFO: [ app_begin ] --END-- [ RunTime:0.001000s ]
NOTIC: [8] Undefined index: callback E:\xampp\htdocs\wxmall\Application\Home\Controller\GoodslistController.class.php 第 15 行.
SQL: SHOW COLUMNS FROM `lp_goods` [ RunTime:0.0130s ]
SQL: SELECT * FROM `lp_goods` WHERE `if_show` = 1 AND `tag` = 1 ORDER BY goods_id desc  [ RunTime:0.0120s ]
INFO: [ app_end ] --START--
INFO: Run Behavior\ShowPageTraceBehavior [ RunTime:0.001000s ]
INFO: [ app_end ] --END-- [ RunTime:0.001000s ]

[ 2017-03-31T13:02:45+08:00 ] ::1 /wxmall/home/address/index
INFO: [ app_init ] --START--
INFO: Run Behavior\BuildLiteBehavior [ RunTime:0.001000s ]
INFO: [ app_init ] --END-- [ RunTime:0.001000s ]
INFO: [ app_begin ] --START--
INFO: Run Behavior\ReadHtmlCacheBehavior [ RunTime:0.000000s ]
INFO: [ app_begin ] --END-- [ RunTime:0.001000s ]
NOTIC: [8] Undefined index: callback E:\xampp\htdocs\wxmall\Application\Home\Controller\AddressController.class.php 第 15 行.
NOTIC: [8] Undefined index: openid E:\xampp\htdocs\wxmall\Application\Home\Controller\AddressController.class.php 第 16 行.
SQL: SHOW COLUMNS FROM `lp_address` [ RunTime:0.0160s ]
SQL: SELECT * FROM `lp_address` WHERE `user_openid` = null AND `is_del` = 0  [ RunTime:0.0150s ]
INFO: [ app_end ] --START--
INFO: Run Behavior\ShowPageTraceBehavior [ RunTime:0.002000s ]
INFO: [ app_end ] --END-- [ RunTime:0.002000s ]

[ 2017-03-31T18:18:28+08:00 ] ::1 /wxmall/home/goodslist/goodslist?cate_id=17
INFO: [ app_init ] --START--
INFO: Run Behavior\BuildLiteBehavior [ RunTime:0.000000s ]
INFO: [ app_init ] --END-- [ RunTime:0.000000s ]
INFO: [ app_begin ] --START--
INFO: Run Behavior\ReadHtmlCacheBehavior [ RunTime:0.000000s ]
INFO: [ app_begin ] --END-- [ RunTime:0.000000s ]

