[ 2017-03-29T09:11:54+08:00 ] ::1 /wxmall/
INFO: [ app_init ] --START--
INFO: Run Behavior\BuildLiteBehavior [ RunTime:0.001000s ]
INFO: [ app_init ] --END-- [ RunTime:0.011000s ]
INFO: [ app_begin ] --START--
INFO: Run Behavior\ReadHtmlCacheBehavior [ RunTime:0.002000s ]
INFO: [ app_begin ] --END-- [ RunTime:0.002000s ]
NOTIC: [8] Undefined index: nonce E:\xampp\htdocs\wxmall\Application\Home\Controller\IndexController.class.php 第 7 行.
NOTIC: [8] Undefined index: timestamp E:\xampp\htdocs\wxmall\Application\Home\Controller\IndexController.class.php 第 9 行.
NOTIC: [8] Undefined index: echostr E:\xampp\htdocs\wxmall\Application\Home\Controller\IndexController.class.php 第 10 行.
NOTIC: [8] Undefined index: signature E:\xampp\htdocs\wxmall\Application\Home\Controller\IndexController.class.php 第 11 行.
NOTIC: [8] Undefined index: access_token E:\xampp\htdocs\wxmall\Application\Home\Controller\IndexController.class.php 第 42 行.
INFO: [ app_end ] --START--
INFO: Run Behavior\ShowPageTraceBehavior [ RunTime:0.003000s ]
INFO: [ app_end ] --END-- [ RunTime:0.003000s ]

[ 2017-03-29T18:21:53+08:00 ] ::1 /wxmall/
INFO: [ app_init ] --START--
INFO: Run Behavior\BuildLiteBehavior [ RunTime:0.000000s ]
INFO: [ app_init ] --END-- [ RunTime:0.000000s ]
INFO: [ app_begin ] --START--
INFO: Run Behavior\ReadHtmlCacheBehavior [ RunTime:0.001000s ]
INFO: [ app_begin ] --END-- [ RunTime:0.001000s ]
NOTIC: [8] Undefined index: nonce E:\xampp\htdocs\wxmall\Application\Home\Controller\IndexController.class.php 第 7 行.
NOTIC: [8] Undefined index: timestamp E:\xampp\htdocs\wxmall\Application\Home\Controller\IndexController.class.php 第 9 行.
NOTIC: [8] Undefined index: echostr E:\xampp\htdocs\wxmall\Application\Home\Controller\IndexController.class.php 第 10 行.
NOTIC: [8] Undefined index: signature E:\xampp\htdocs\wxmall\Application\Home\Controller\IndexController.class.php 第 11 行.
INFO: [ app_end ] --START--
INFO: Run Behavior\ShowPageTraceBehavior [ RunTime:0.001000s ]
INFO: [ app_end ] --END-- [ RunTime:0.001000s ]

