[ 2017-04-05T09:51:16+08:00 ] ::1 /wxmall/home/cart/add?openid=123456&goods_id=4
INFO: [ app_init ] --START--
INFO: Run Behavior\BuildLiteBehavior [ RunTime:0.000000s ]
INFO: [ app_init ] --END-- [ RunTime:0.001000s ]
INFO: [ app_begin ] --START--
INFO: Run Behavior\ReadHtmlCacheBehavior [ RunTime:0.015600s ]
INFO: [ app_begin ] --END-- [ RunTime:0.015600s ]
NOTIC: [8] Undefined index: callback E:\xampp\htdocs\wxmall\Application\Home\Controller\CartController.class.php 第 17 行.
SQL: SHOW COLUMNS FROM `lp_cart` [ RunTime:0.0166s ]
SQL: SELECT * FROM `lp_cart` WHERE `user_openid` = '123456' AND `goods_id` = 4 LIMIT 1   [ RunTime:0.0156s ]
SQL: UPDATE `lp_cart` SET `goods_num`=goods_num+1 WHERE `user_openid` = '123456' AND `goods_id` = 4 [ RunTime:0.0156s ]
SQL: SELECT SUM(goods_num) AS tp_sum FROM `lp_cart` WHERE ( user_openid=123456 ) LIMIT 1   [ RunTime:0.0156s ]
SQL: SHOW COLUMNS FROM `lp_cart` [ RunTime:0.0156s ]
SQL: SELECT c.user_openid,c.goods_id,c.goods_num,g.goods_name,g.price,g.discount_price,g.unit FROM `lp_cart` `c`,`lp_goods` `g` WHERE ( c.goods_id=g.goods_id )  [ RunTime:0.0156s ]
INFO: [ app_end ] --START--
INFO: Run Behavior\ShowPageTraceBehavior [ RunTime:0.000000s ]
INFO: [ app_end ] --END-- [ RunTime:0.000000s ]

[ 2017-04-05T09:51:57+08:00 ] ::1 /wxmall/home/cart/add?openid=123456&goods_id=10
INFO: [ app_init ] --START--
INFO: Run Behavior\BuildLiteBehavior [ RunTime:0.000000s ]
INFO: [ app_init ] --END-- [ RunTime:0.000000s ]
INFO: [ app_begin ] --START--
INFO: Run Behavior\ReadHtmlCacheBehavior [ RunTime:0.000000s ]
INFO: [ app_begin ] --END-- [ RunTime:0.000000s ]
NOTIC: [8] Undefined index: callback E:\xampp\htdocs\wxmall\Application\Home\Controller\CartController.class.php 第 17 行.
SQL: SHOW COLUMNS FROM `lp_cart` [ RunTime:0.0156s ]
SQL: SELECT * FROM `lp_cart` WHERE `user_openid` = '123456' AND `goods_id` = 10 LIMIT 1   [ RunTime:0.0156s ]
SQL: UPDATE `lp_cart` SET `goods_num`=goods_num+1 WHERE `user_openid` = '123456' AND `goods_id` = 10 [ RunTime:0.0156s ]
SQL: SELECT SUM(goods_num) AS tp_sum FROM `lp_cart` WHERE ( user_openid=123456 ) LIMIT 1   [ RunTime:0.0156s ]
SQL: SHOW COLUMNS FROM `lp_cart` [ RunTime:0.0156s ]
SQL: SELECT c.user_openid,c.goods_id,c.goods_num,g.goods_name,g.price,g.discount_price,g.unit FROM `lp_cart` `c`,`lp_goods` `g` WHERE ( c.goods_id=g.goods_id )  [ RunTime:0.0156s ]
INFO: [ app_end ] --START--
INFO: Run Behavior\ShowPageTraceBehavior [ RunTime:0.000000s ]
INFO: [ app_end ] --END-- [ RunTime:0.000000s ]

[ 2017-04-05T09:52:13+08:00 ] ::1 /wxmall/home/cart/add?openid=123123&goods_id=10
INFO: [ app_init ] --START--
INFO: Run Behavior\BuildLiteBehavior [ RunTime:0.000000s ]
INFO: [ app_init ] --END-- [ RunTime:0.000000s ]
INFO: [ app_begin ] --START--
INFO: Run Behavior\ReadHtmlCacheBehavior [ RunTime:0.001000s ]
INFO: [ app_begin ] --END-- [ RunTime:0.001000s ]
NOTIC: [8] Undefined index: callback E:\xampp\htdocs\wxmall\Application\Home\Controller\CartController.class.php 第 17 行.
SQL: SHOW COLUMNS FROM `lp_cart` [ RunTime:0.0156s ]
SQL: SELECT * FROM `lp_cart` WHERE `user_openid` = '123123' AND `goods_id` = 10 LIMIT 1   [ RunTime:0.0156s ]
SQL: INSERT INTO `lp_cart` (`user_openid`,`goods_id`) VALUES ('123123','10') [ RunTime:0.0312s ]
NOTIC: [8] Undefined variable: cartupdate E:\xampp\htdocs\wxmall\Application\Home\Controller\CartController.class.php 第 29 行.
SQL: SELECT SUM(goods_num) AS tp_sum FROM `lp_cart` WHERE ( user_openid=123123 ) LIMIT 1   [ RunTime:0.0156s ]
SQL: SHOW COLUMNS FROM `lp_cart` [ RunTime:0.0156s ]
SQL: SELECT c.user_openid,c.goods_id,c.goods_num,g.goods_name,g.price,g.discount_price,g.unit FROM `lp_cart` `c`,`lp_goods` `g` WHERE ( c.goods_id=g.goods_id )  [ RunTime:0.0206s ]
INFO: [ app_end ] --START--
INFO: Run Behavior\ShowPageTraceBehavior [ RunTime:0.002000s ]
INFO: [ app_end ] --END-- [ RunTime:0.002000s ]

[ 2017-04-05T09:54:00+08:00 ] ::1 /wxmall/home/cart/add?openid=123123&goods_id=10
INFO: [ app_init ] --START--
INFO: Run Behavior\BuildLiteBehavior [ RunTime:0.000000s ]
INFO: [ app_init ] --END-- [ RunTime:0.000000s ]
INFO: [ app_begin ] --START--
INFO: Run Behavior\ReadHtmlCacheBehavior [ RunTime:0.000000s ]
INFO: [ app_begin ] --END-- [ RunTime:0.000000s ]
NOTIC: [8] Undefined index: callback E:\xampp\htdocs\wxmall\Application\Home\Controller\CartController.class.php 第 17 行.
SQL: SHOW COLUMNS FROM `lp_cart` [ RunTime:0.0156s ]
SQL: SELECT * FROM `lp_cart` WHERE `user_openid` = '123123' AND `goods_id` = 10 LIMIT 1   [ RunTime:0.0156s ]
SQL: UPDATE `lp_cart` SET `goods_num`=goods_num+1 WHERE `user_openid` = '123123' AND `goods_id` = 10 [ RunTime:0.0312s ]
SQL: SELECT SUM(goods_num) AS tp_sum FROM `lp_cart` WHERE ( user_openid=123123 ) LIMIT 1   [ RunTime:0.0156s ]
SQL: SHOW COLUMNS FROM `lp_cart` [ RunTime:0.0156s ]
SQL: SELECT c.user_openid,c.goods_id,c.goods_num,g.goods_name,g.price,g.discount_price,g.unit FROM `lp_cart` `c`,`lp_goods` `g` WHERE ( c.goods_id=g.goods_id and c.user_openid=123123 )  [ RunTime:0.0156s ]
INFO: [ app_end ] --START--
INFO: Run Behavior\ShowPageTraceBehavior [ RunTime:0.000000s ]
INFO: [ app_end ] --END-- [ RunTime:0.000000s ]

[ 2017-04-05T09:54:33+08:00 ] ::1 /wxmall/home/cart/del?openid=123123&goods_id=10
INFO: [ app_init ] --START--
INFO: Run Behavior\BuildLiteBehavior [ RunTime:0.000000s ]
INFO: [ app_init ] --END-- [ RunTime:0.000000s ]
INFO: [ app_begin ] --START--
INFO: Run Behavior\ReadHtmlCacheBehavior [ RunTime:0.000000s ]
INFO: [ app_begin ] --END-- [ RunTime:0.000000s ]
NOTIC: [8] Undefined index: callback E:\xampp\htdocs\wxmall\Application\Home\Controller\CartController.class.php 第 57 行.
SQL: SHOW COLUMNS FROM `lp_cart` [ RunTime:0.0156s ]
SQL: SELECT * FROM `lp_cart` WHERE `user_openid` = '123123' AND `goods_id` = 10 LIMIT 1   [ RunTime:0.0186s ]
SQL: UPDATE `lp_cart` SET `goods_num`=goods_num-1 WHERE `user_openid` = '123123' AND `goods_id` = 10 [ RunTime:0.0312s ]
NOTIC: [8] Undefined variable: cartdel E:\xampp\htdocs\wxmall\Application\Home\Controller\CartController.class.php 第 70 行.
SQL: SELECT SUM(goods_num) AS tp_sum FROM `lp_cart` WHERE ( user_openid=123123 ) LIMIT 1   [ RunTime:0.0156s ]
SQL: SHOW COLUMNS FROM `lp_cart` [ RunTime:0.0156s ]
SQL: SELECT c.user_openid,c.goods_id,c.goods_num,g.goods_name,g.price,g.discount_price,g.unit FROM `lp_cart` `c`,`lp_goods` `g` WHERE ( c.goods_id=g.goods_id )  [ RunTime:0.0156s ]
INFO: [ app_end ] --START--
INFO: Run Behavior\ShowPageTraceBehavior [ RunTime:0.000000s ]
INFO: [ app_end ] --END-- [ RunTime:0.000000s ]

[ 2017-04-05T09:55:16+08:00 ] ::1 /wxmall/home/cart/del?openid=123123&goods_id=10
INFO: [ app_init ] --START--
INFO: Run Behavior\BuildLiteBehavior [ RunTime:0.000000s ]
INFO: [ app_init ] --END-- [ RunTime:0.000000s ]
INFO: [ app_begin ] --START--
INFO: Run Behavior\ReadHtmlCacheBehavior [ RunTime:0.001000s ]
INFO: [ app_begin ] --END-- [ RunTime:0.001000s ]
NOTIC: [8] Undefined index: callback E:\xampp\htdocs\wxmall\Application\Home\Controller\CartController.class.php 第 57 行.
SQL: SHOW COLUMNS FROM `lp_cart` [ RunTime:0.0156s ]
SQL: SELECT * FROM `lp_cart` WHERE `user_openid` = '123123' AND `goods_id` = 10 LIMIT 1   [ RunTime:0.0156s ]
SQL: DELETE FROM `lp_cart` WHERE `user_openid` = '123123' AND `goods_id` = 10 [ RunTime:0.0166s ]
SQL: SELECT SUM(goods_num) AS tp_sum FROM `lp_cart` WHERE ( user_openid=123123 ) LIMIT 1   [ RunTime:0.0156s ]
SQL: SHOW COLUMNS FROM `lp_cart` [ RunTime:0.0156s ]
SQL: SELECT c.user_openid,c.goods_id,c.goods_num,g.goods_name,g.price,g.discount_price,g.unit FROM `lp_cart` `c`,`lp_goods` `g` WHERE ( c.goods_id=g.goods_id and c.user_openid=123123 )  [ RunTime:0.0156s ]
INFO: [ app_end ] --START--
INFO: Run Behavior\ShowPageTraceBehavior [ RunTime:0.000000s ]
INFO: [ app_end ] --END-- [ RunTime:0.000000s ]

[ 2017-04-05T09:57:00+08:00 ] ::1 /wxmall/home/cart/add?openid=123123&goods_id=10
INFO: [ app_init ] --START--
INFO: Run Behavior\BuildLiteBehavior [ RunTime:0.000000s ]
INFO: [ app_init ] --END-- [ RunTime:0.000000s ]
INFO: [ app_begin ] --START--
INFO: Run Behavior\ReadHtmlCacheBehavior [ RunTime:0.000000s ]
INFO: [ app_begin ] --END-- [ RunTime:0.000000s ]
NOTIC: [8] Undefined index: callback E:\xampp\htdocs\wxmall\Application\Home\Controller\CartController.class.php 第 17 行.
SQL: SHOW COLUMNS FROM `lp_cart` [ RunTime:0.0156s ]
SQL: SELECT * FROM `lp_cart` WHERE `user_openid` = '123123' AND `goods_id` = 10 LIMIT 1   [ RunTime:0.0256s ]
SQL: INSERT INTO `lp_cart` (`user_openid`,`goods_id`) VALUES ('123123','10') [ RunTime:0.0190s ]
NOTIC: [8] Undefined variable: cartupdate E:\xampp\htdocs\wxmall\Application\Home\Controller\CartController.class.php 第 29 行.
SQL: SELECT SUM(goods_num) AS tp_sum FROM `lp_cart` WHERE ( user_openid=123123 ) LIMIT 1   [ RunTime:0.0130s ]
SQL: SHOW COLUMNS FROM `lp_cart` [ RunTime:0.0130s ]
SQL: SELECT c.user_openid,c.goods_id,c.goods_num,g.goods_name,g.price,g.discount_price,g.unit FROM `lp_cart` `c`,`lp_goods` `g` WHERE ( c.goods_id=g.goods_id and c.user_openid=123123 )  [ RunTime:0.0140s ]
INFO: [ app_end ] --START--
INFO: Run Behavior\ShowPageTraceBehavior [ RunTime:0.001000s ]
INFO: [ app_end ] --END-- [ RunTime:0.001000s ]

[ 2017-04-05T09:57:04+08:00 ] ::1 /wxmall/home/cart/add?openid=123123&goods_id=10
INFO: [ app_init ] --START--
INFO: Run Behavior\BuildLiteBehavior [ RunTime:0.000000s ]
INFO: [ app_init ] --END-- [ RunTime:0.000000s ]
INFO: [ app_begin ] --START--
INFO: Run Behavior\ReadHtmlCacheBehavior [ RunTime:0.001000s ]
INFO: [ app_begin ] --END-- [ RunTime:0.001000s ]
NOTIC: [8] Undefined index: callback E:\xampp\htdocs\wxmall\Application\Home\Controller\CartController.class.php 第 17 行.
SQL: SHOW COLUMNS FROM `lp_cart` [ RunTime:0.0246s ]
SQL: SELECT * FROM `lp_cart` WHERE `user_openid` = '123123' AND `goods_id` = 10 LIMIT 1   [ RunTime:0.0170s ]
SQL: UPDATE `lp_cart` SET `goods_num`=goods_num+1 WHERE `user_openid` = '123123' AND `goods_id` = 10 [ RunTime:0.3058s ]
SQL: SELECT SUM(goods_num) AS tp_sum FROM `lp_cart` WHERE ( user_openid=123123 ) LIMIT 1   [ RunTime:0.0156s ]
SQL: SHOW COLUMNS FROM `lp_cart` [ RunTime:0.0156s ]
SQL: SELECT c.user_openid,c.goods_id,c.goods_num,g.goods_name,g.price,g.discount_price,g.unit FROM `lp_cart` `c`,`lp_goods` `g` WHERE ( c.goods_id=g.goods_id and c.user_openid=123123 )  [ RunTime:0.0156s ]
INFO: [ app_end ] --START--
INFO: Run Behavior\ShowPageTraceBehavior [ RunTime:0.000000s ]
INFO: [ app_end ] --END-- [ RunTime:0.000000s ]

[ 2017-04-05T09:57:15+08:00 ] ::1 /wxmall/home/cart/del?openid=123123&goods_id=10
INFO: [ app_init ] --START--
INFO: Run Behavior\BuildLiteBehavior [ RunTime:0.000000s ]
INFO: [ app_init ] --END-- [ RunTime:0.000000s ]
INFO: [ app_begin ] --START--
INFO: Run Behavior\ReadHtmlCacheBehavior [ RunTime:0.001000s ]
INFO: [ app_begin ] --END-- [ RunTime:0.001000s ]
NOTIC: [8] Undefined index: callback E:\xampp\htdocs\wxmall\Application\Home\Controller\CartController.class.php 第 57 行.
SQL: SHOW COLUMNS FROM `lp_cart` [ RunTime:0.0120s ]
SQL: SELECT * FROM `lp_cart` WHERE `user_openid` = '123123' AND `goods_id` = 10 LIMIT 1   [ RunTime:0.0156s ]
SQL: UPDATE `lp_cart` SET `goods_num`=goods_num-1 WHERE `user_openid` = '123123' AND `goods_id` = 10 [ RunTime:0.0156s ]
NOTIC: [8] Undefined variable: cartdel E:\xampp\htdocs\wxmall\Application\Home\Controller\CartController.class.php 第 70 行.
SQL: SELECT SUM(goods_num) AS tp_sum FROM `lp_cart` WHERE ( user_openid=123123 ) LIMIT 1   [ RunTime:0.0156s ]
SQL: SHOW COLUMNS FROM `lp_cart` [ RunTime:0.0156s ]
SQL: SELECT c.user_openid,c.goods_id,c.goods_num,g.goods_name,g.price,g.discount_price,g.unit FROM `lp_cart` `c`,`lp_goods` `g` WHERE ( c.goods_id=g.goods_id and c.user_openid=123123 )  [ RunTime:0.0156s ]
INFO: [ app_end ] --START--
INFO: Run Behavior\ShowPageTraceBehavior [ RunTime:0.000000s ]
INFO: [ app_end ] --END-- [ RunTime:0.000000s ]

[ 2017-04-05T09:57:21+08:00 ] ::1 /wxmall/home/cart/del?openid=123123&goods_id=10
INFO: [ app_init ] --START--
INFO: Run Behavior\BuildLiteBehavior [ RunTime:0.000000s ]
INFO: [ app_init ] --END-- [ RunTime:0.000000s ]
INFO: [ app_begin ] --START--
INFO: Run Behavior\ReadHtmlCacheBehavior [ RunTime:0.000000s ]
INFO: [ app_begin ] --END-- [ RunTime:0.000000s ]
NOTIC: [8] Undefined index: callback E:\xampp\htdocs\wxmall\Application\Home\Controller\CartController.class.php 第 57 行.
SQL: SHOW COLUMNS FROM `lp_cart` [ RunTime:0.0312s ]
SQL: SELECT * FROM `lp_cart` WHERE `user_openid` = '123123' AND `goods_id` = 10 LIMIT 1   [ RunTime:0.0156s ]
SQL: DELETE FROM `lp_cart` WHERE `user_openid` = '123123' AND `goods_id` = 10 [ RunTime:0.0372s ]
SQL: SELECT SUM(goods_num) AS tp_sum FROM `lp_cart` WHERE ( user_openid=123123 ) LIMIT 1   [ RunTime:0.0150s ]
SQL: SHOW COLUMNS FROM `lp_cart` [ RunTime:0.0180s ]
SQL: SELECT c.user_openid,c.goods_id,c.goods_num,g.goods_name,g.price,g.discount_price,g.unit FROM `lp_cart` `c`,`lp_goods` `g` WHERE ( c.goods_id=g.goods_id and c.user_openid=123123 )  [ RunTime:0.0140s ]
INFO: [ app_end ] --START--
INFO: Run Behavior\ShowPageTraceBehavior [ RunTime:0.000000s ]
INFO: [ app_end ] --END-- [ RunTime:0.000000s ]

[ 2017-04-05T09:58:33+08:00 ] ::1 /wxmall/home/cart/emptycart?openid=123456
INFO: [ app_init ] --START--
INFO: Run Behavior\BuildLiteBehavior [ RunTime:0.000000s ]
INFO: [ app_init ] --END-- [ RunTime:0.001000s ]
INFO: [ app_begin ] --START--
INFO: Run Behavior\ReadHtmlCacheBehavior [ RunTime:0.000000s ]
INFO: [ app_begin ] --END-- [ RunTime:0.000000s ]
NOTIC: [8] Undefined index: callback E:\xampp\htdocs\wxmall\Application\Home\Controller\CartController.class.php 第 109 行.
SQL: SHOW COLUMNS FROM `lp_cart` [ RunTime:0.0156s ]
SQL: DELETE FROM `lp_cart` WHERE `user_openid` = '123456' [ RunTime:0.0156s ]
INFO: [ app_end ] --START--
INFO: Run Behavior\ShowPageTraceBehavior [ RunTime:0.000000s ]
INFO: [ app_end ] --END-- [ RunTime:0.000000s ]

[ 2017-04-05T10:02:43+08:00 ] ::1 /wxmall/home/goodslist/goodslist
INFO: [ app_init ] --START--
INFO: Run Behavior\BuildLiteBehavior [ RunTime:0.000000s ]
INFO: [ app_init ] --END-- [ RunTime:0.000000s ]
INFO: [ app_begin ] --START--
INFO: Run Behavior\ReadHtmlCacheBehavior [ RunTime:0.001000s ]
INFO: [ app_begin ] --END-- [ RunTime:0.001000s ]
NOTIC: [8] Undefined index: callback E:\xampp\htdocs\wxmall\Application\Home\Controller\GoodslistController.class.php 第 41 行.
NOTIC: [8] Undefined index: cate_id E:\xampp\htdocs\wxmall\Application\Home\Controller\GoodslistController.class.php 第 42 行.
SQL: SHOW COLUMNS FROM `lp_category` [ RunTime:0.0150s ]
SQL: SHOW COLUMNS FROM `lp_goods` [ RunTime:0.0150s ]
NOTIC: [8] Use of undefined constant asc - assumed 'asc' E:\xampp\htdocs\wxmall\Application\Home\Controller\GoodslistController.class.php 第 45 行.
ERR: 1064:You have an error in your SQL syntax; check the manual that corresponds to your MySQL server version for the right syntax to use near ') ORDER BY sort_order' at line 1
 [ SQL语句 ] : SELECT `cate_id`,`cate_name` FROM `lp_category` WHERE ( parent_id= ) ORDER BY sort_order 
ERR: 1064:You have an error in your SQL syntax; check the manual that corresponds to your MySQL server version for the right syntax to use near ') ORDER BY sort_order' at line 1
 [ SQL语句 ] : SELECT `cate_id`,`cate_name` FROM `lp_category` WHERE ( parent_id= ) ORDER BY sort_order 

[ 2017-04-05T10:03:05+08:00 ] ::1 /wxmall/home/goodslist/goodslist?cate_id=17
INFO: [ app_init ] --START--
INFO: Run Behavior\BuildLiteBehavior [ RunTime:0.000000s ]
INFO: [ app_init ] --END-- [ RunTime:0.000000s ]
INFO: [ app_begin ] --START--
INFO: Run Behavior\ReadHtmlCacheBehavior [ RunTime:0.000000s ]
INFO: [ app_begin ] --END-- [ RunTime:0.000000s ]
NOTIC: [8] Undefined index: callback E:\xampp\htdocs\wxmall\Application\Home\Controller\GoodslistController.class.php 第 41 行.
SQL: SHOW COLUMNS FROM `lp_category` [ RunTime:0.0130s ]
SQL: SHOW COLUMNS FROM `lp_goods` [ RunTime:0.0140s ]
NOTIC: [8] Use of undefined constant asc - assumed 'asc' E:\xampp\htdocs\wxmall\Application\Home\Controller\GoodslistController.class.php 第 45 行.
SQL: SELECT `cate_id`,`cate_name` FROM `lp_category` WHERE ( parent_id=17 ) ORDER BY sort_order  [ RunTime:0.0120s ]
SQL: SELECT * FROM `lp_goods` WHERE `cate_id` LIKE '%18%' AND `if_show` = 1 ORDER BY goods_id desc  [ RunTime:0.0140s ]
SQL: SELECT * FROM `lp_goods` WHERE `cate_id` LIKE '%19%' AND `if_show` = 1 ORDER BY goods_id desc  [ RunTime:0.0140s ]
SQL: SELECT * FROM `lp_goods` WHERE `cate_id` LIKE '%26%' AND `if_show` = 1 ORDER BY goods_id desc  [ RunTime:0.0120s ]
SQL: SELECT * FROM `lp_goods` WHERE `cate_id` LIKE '%17%' AND `tag` = 2 AND `if_show` = 1  [ RunTime:0.0120s ]
SQL: SELECT * FROM `lp_goods` WHERE ( tag=2 ) ORDER BY goods_id desc  [ RunTime:0.0120s ]
INFO: [ app_end ] --START--
INFO: Run Behavior\ShowPageTraceBehavior [ RunTime:0.002000s ]
INFO: [ app_end ] --END-- [ RunTime:0.002000s ]

[ 2017-04-05T10:07:39+08:00 ] ::1 /wxmall/home/goodslist/goodslist?cate_id=17
INFO: [ app_init ] --START--
INFO: Run Behavior\BuildLiteBehavior [ RunTime:0.000000s ]
INFO: [ app_init ] --END-- [ RunTime:0.000000s ]
INFO: [ app_begin ] --START--
INFO: Run Behavior\ReadHtmlCacheBehavior [ RunTime:0.000000s ]
INFO: [ app_begin ] --END-- [ RunTime:0.000000s ]
NOTIC: [8] Undefined index: callback E:\xampp\htdocs\wxmall\Application\Home\Controller\GoodslistController.class.php 第 41 行.
NOTIC: [8] Undefined index: openid E:\xampp\htdocs\wxmall\Application\Home\Controller\GoodslistController.class.php 第 43 行.
SQL: SHOW COLUMNS FROM `lp_category` [ RunTime:0.0150s ]
SQL: SHOW COLUMNS FROM `lp_goods` [ RunTime:0.0150s ]
SQL: SHOW COLUMNS FROM `lp_cart` [ RunTime:0.0150s ]
NOTIC: [8] Use of undefined constant asc - assumed 'asc' E:\xampp\htdocs\wxmall\Application\Home\Controller\GoodslistController.class.php 第 47 行.
SQL: SELECT `cate_id`,`cate_name` FROM `lp_category` WHERE ( parent_id=17 ) ORDER BY sort_order  [ RunTime:0.0150s ]
SQL: SELECT * FROM `lp_goods` WHERE `cate_id` LIKE '%18%' AND `if_show` = 1 ORDER BY goods_id desc  [ RunTime:0.0140s ]
SQL: SELECT `goods_num` FROM `lp_cart` WHERE `user_openid` = null AND `goods_id` = 5 LIMIT 1   [ RunTime:0.0130s ]
SQL: SELECT `goods_num` FROM `lp_cart` WHERE `user_openid` = null AND `goods_id` = 4 LIMIT 1   [ RunTime:0.0150s ]
SQL: SELECT * FROM `lp_goods` WHERE `cate_id` LIKE '%19%' AND `if_show` = 1 ORDER BY goods_id desc  [ RunTime:0.0140s ]
SQL: SELECT `goods_num` FROM `lp_cart` WHERE `user_openid` = null AND `goods_id` = 8 LIMIT 1   [ RunTime:0.0120s ]
SQL: SELECT * FROM `lp_goods` WHERE `cate_id` LIKE '%26%' AND `if_show` = 1 ORDER BY goods_id desc  [ RunTime:0.0130s ]
SQL: SELECT `goods_num` FROM `lp_cart` WHERE `user_openid` = null AND `goods_id` = 7 LIMIT 1   [ RunTime:0.0150s ]
SQL: SELECT `goods_num` FROM `lp_cart` WHERE `user_openid` = null AND `goods_id` = 6 LIMIT 1   [ RunTime:0.0140s ]
SQL: SELECT * FROM `lp_goods` WHERE `goods_id` = 6 AND `cate_id` LIKE '%17%' AND `tag` = 2 AND `if_show` = 1  [ RunTime:0.0150s ]
SQL: SELECT * FROM `lp_goods` WHERE ( tag=2 ) ORDER BY goods_id desc  [ RunTime:0.0150s ]
INFO: [ app_end ] --START--
INFO: Run Behavior\ShowPageTraceBehavior [ RunTime:0.002000s ]
INFO: [ app_end ] --END-- [ RunTime:0.002000s ]

[ 2017-04-05T10:08:03+08:00 ] ::1 /wxmall/home/cart/add?openid=123456&goods_id=4
INFO: [ app_init ] --START--
INFO: Run Behavior\BuildLiteBehavior [ RunTime:0.000000s ]
INFO: [ app_init ] --END-- [ RunTime:0.001000s ]
INFO: [ app_begin ] --START--
INFO: Run Behavior\ReadHtmlCacheBehavior [ RunTime:0.000000s ]
INFO: [ app_begin ] --END-- [ RunTime:0.000000s ]
NOTIC: [8] Undefined index: callback E:\xampp\htdocs\wxmall\Application\Home\Controller\CartController.class.php 第 17 行.
SQL: SHOW COLUMNS FROM `lp_cart` [ RunTime:0.0120s ]
SQL: SELECT * FROM `lp_cart` WHERE `user_openid` = '123456' AND `goods_id` = 4 LIMIT 1   [ RunTime:0.0110s ]
SQL: INSERT INTO `lp_cart` (`user_openid`,`goods_id`) VALUES ('123456','4') [ RunTime:0.0630s ]
NOTIC: [8] Undefined variable: cartupdate E:\xampp\htdocs\wxmall\Application\Home\Controller\CartController.class.php 第 29 行.
SQL: SELECT SUM(goods_num) AS tp_sum FROM `lp_cart` WHERE ( user_openid=123456 ) LIMIT 1   [ RunTime:0.0130s ]
SQL: SHOW COLUMNS FROM `lp_cart` [ RunTime:0.0140s ]
SQL: SELECT c.user_openid,c.goods_id,c.goods_num,g.goods_name,g.price,g.discount_price,g.unit FROM `lp_cart` `c`,`lp_goods` `g` WHERE ( c.goods_id=g.goods_id and c.user_openid=123456 )  [ RunTime:0.0140s ]
INFO: [ app_end ] --START--
INFO: Run Behavior\ShowPageTraceBehavior [ RunTime:0.001000s ]
INFO: [ app_end ] --END-- [ RunTime:0.001000s ]

[ 2017-04-05T10:09:09+08:00 ] ::1 /wxmall/home/goodslist/goodslist?cate_id=17&openid=123456
INFO: [ app_init ] --START--
INFO: Run Behavior\BuildLiteBehavior [ RunTime:0.000000s ]
INFO: [ app_init ] --END-- [ RunTime:0.001000s ]
INFO: [ app_begin ] --START--
INFO: Run Behavior\ReadHtmlCacheBehavior [ RunTime:0.000000s ]
INFO: [ app_begin ] --END-- [ RunTime:0.000000s ]
NOTIC: [8] Undefined index: callback E:\xampp\htdocs\wxmall\Application\Home\Controller\GoodslistController.class.php 第 41 行.
SQL: SHOW COLUMNS FROM `lp_category` [ RunTime:0.0140s ]
SQL: SHOW COLUMNS FROM `lp_goods` [ RunTime:0.0130s ]
SQL: SHOW COLUMNS FROM `lp_cart` [ RunTime:0.0170s ]
NOTIC: [8] Use of undefined constant asc - assumed 'asc' E:\xampp\htdocs\wxmall\Application\Home\Controller\GoodslistController.class.php 第 47 行.
SQL: SELECT `cate_id`,`cate_name` FROM `lp_category` WHERE ( parent_id=17 ) ORDER BY sort_order  [ RunTime:0.0130s ]
SQL: SELECT * FROM `lp_goods` WHERE `cate_id` LIKE '%18%' AND `if_show` = 1 ORDER BY goods_id desc  [ RunTime:0.0140s ]
SQL: SELECT `goods_num` FROM `lp_cart` WHERE `user_openid` = '123456' AND `goods_id` = 5 LIMIT 1   [ RunTime:0.0120s ]
SQL: SELECT `goods_num` FROM `lp_cart` WHERE `user_openid` = '123456' AND `goods_id` = 4 LIMIT 1   [ RunTime:0.0120s ]
SQL: SELECT * FROM `lp_goods` WHERE `cate_id` LIKE '%19%' AND `if_show` = 1 ORDER BY goods_id desc  [ RunTime:0.0130s ]
SQL: SELECT `goods_num` FROM `lp_cart` WHERE `user_openid` = '123456' AND `goods_id` = 8 LIMIT 1   [ RunTime:0.0130s ]
SQL: SELECT * FROM `lp_goods` WHERE `cate_id` LIKE '%26%' AND `if_show` = 1 ORDER BY goods_id desc  [ RunTime:0.0140s ]
SQL: SELECT `goods_num` FROM `lp_cart` WHERE `user_openid` = '123456' AND `goods_id` = 7 LIMIT 1   [ RunTime:0.0120s ]
SQL: SELECT `goods_num` FROM `lp_cart` WHERE `user_openid` = '123456' AND `goods_id` = 6 LIMIT 1   [ RunTime:0.0130s ]
SQL: SELECT * FROM `lp_goods` WHERE `goods_id` = 6 AND `cate_id` LIKE '%17%' AND `tag` = 2 AND `if_show` = 1  [ RunTime:0.0130s ]
SQL: SELECT * FROM `lp_goods` WHERE ( tag=2 ) ORDER BY goods_id desc  [ RunTime:0.0140s ]
INFO: [ app_end ] --START--
INFO: Run Behavior\ShowPageTraceBehavior [ RunTime:0.001000s ]
INFO: [ app_end ] --END-- [ RunTime:0.001000s ]

[ 2017-04-05T10:50:16+08:00 ] ::1 /wxmall/home/cart/add?openid=123456&goods_id=4
INFO: [ app_init ] --START--
INFO: Run Behavior\BuildLiteBehavior [ RunTime:0.000000s ]
INFO: [ app_init ] --END-- [ RunTime:0.001000s ]
INFO: [ app_begin ] --START--
INFO: Run Behavior\ReadHtmlCacheBehavior [ RunTime:0.001000s ]
INFO: [ app_begin ] --END-- [ RunTime:0.001000s ]
NOTIC: [8] Undefined index: callback E:\xampp\htdocs\wxmall\Application\Home\Controller\CartController.class.php 第 17 行.
SQL: SHOW COLUMNS FROM `lp_cart` [ RunTime:0.0156s ]
SQL: SELECT * FROM `lp_cart` WHERE `user_openid` = '123456' AND `goods_id` = 4 LIMIT 1   [ RunTime:0.0286s ]
SQL: UPDATE `lp_cart` SET `goods_num`=goods_num+1 WHERE `user_openid` = '123456' AND `goods_id` = 4 [ RunTime:0.0462s ]
SQL: SELECT SUM(goods_num) AS tp_sum FROM `lp_cart` WHERE ( user_openid=123456 ) LIMIT 1   [ RunTime:0.0000s ]
SQL: SHOW COLUMNS FROM `lp_cart` [ RunTime:0.0156s ]
SQL: SELECT c.user_openid,c.goods_id,c.goods_num,g.goods_name,g.price,g.discount_price,g.unit FROM `lp_cart` `c`,`lp_goods` `g` WHERE ( c.goods_id=g.goods_id and c.user_openid=123456 )  [ RunTime:0.0156s ]
INFO: [ app_end ] --START--
INFO: Run Behavior\ShowPageTraceBehavior [ RunTime:0.015600s ]
INFO: [ app_end ] --END-- [ RunTime:0.015600s ]

[ 2017-04-05T10:50:45+08:00 ] ::1 /wxmall/home/cart/add?openid=weww1&goods_id=12
INFO: [ app_init ] --START--
INFO: Run Behavior\BuildLiteBehavior [ RunTime:0.000000s ]
INFO: [ app_init ] --END-- [ RunTime:0.000000s ]
INFO: [ app_begin ] --START--
INFO: Run Behavior\ReadHtmlCacheBehavior [ RunTime:0.001001s ]
INFO: [ app_begin ] --END-- [ RunTime:0.001001s ]
NOTIC: [8] Undefined index: callback E:\xampp\htdocs\wxmall\Application\Home\Controller\CartController.class.php 第 17 行.
SQL: SHOW COLUMNS FROM `lp_cart` [ RunTime:0.0156s ]
SQL: SELECT * FROM `lp_cart` WHERE `user_openid` = 'weww1' AND `goods_id` = 12 LIMIT 1   [ RunTime:0.0156s ]
SQL: UPDATE `lp_cart` SET `goods_num`=goods_num+1 WHERE `user_openid` = 'weww1' AND `goods_id` = 12 [ RunTime:0.0312s ]
ERR: 1054:Unknown column 'weww1' in 'where clause'
 [ SQL语句 ] : SELECT SUM(goods_num) AS tp_sum FROM `lp_cart` WHERE ( user_openid=weww1 ) LIMIT 1  
ERR: 1054:Unknown column 'weww1' in 'where clause'
 [ SQL语句 ] : SELECT SUM(goods_num) AS tp_sum FROM `lp_cart` WHERE ( user_openid=weww1 ) LIMIT 1  

[ 2017-04-05T10:52:04+08:00 ] ::1 /wxmall/home/cart/add?openid=123456&goods_id=4
INFO: [ app_init ] --START--
INFO: Run Behavior\BuildLiteBehavior [ RunTime:0.000000s ]
INFO: [ app_init ] --END-- [ RunTime:0.001000s ]
INFO: [ app_begin ] --START--
INFO: Run Behavior\ReadHtmlCacheBehavior [ RunTime:0.000000s ]
INFO: [ app_begin ] --END-- [ RunTime:0.001000s ]
NOTIC: [8] Undefined index: callback E:\xampp\htdocs\wxmall\Application\Home\Controller\CartController.class.php 第 17 行.
SQL: SHOW COLUMNS FROM `lp_cart` [ RunTime:0.0156s ]
SQL: SELECT * FROM `lp_cart` WHERE `user_openid` = '123456' AND `goods_id` = 4 LIMIT 1   [ RunTime:0.0156s ]
SQL: UPDATE `lp_cart` SET `goods_num`=goods_num+1 WHERE `user_openid` = '123456' AND `goods_id` = 4 [ RunTime:0.0658s ]
SQL: SELECT SUM(goods_num) AS tp_sum FROM `lp_cart` WHERE ( user_openid=123456 ) LIMIT 1   [ RunTime:0.0160s ]
SQL: SHOW COLUMNS FROM `lp_cart` [ RunTime:0.0160s ]
SQL: SELECT c.user_openid,c.goods_id,c.goods_num,g.goods_name,g.price,g.discount_price,g.unit FROM `lp_cart` `c`,`lp_goods` `g` WHERE ( c.goods_id=g.goods_id and c.user_openid=123456 )  [ RunTime:0.0180s ]
INFO: [ app_end ] --START--
INFO: Run Behavior\ShowPageTraceBehavior [ RunTime:0.001000s ]
INFO: [ app_end ] --END-- [ RunTime:0.001000s ]

[ 2017-04-05T10:52:30+08:00 ] ::1 /wxmall/home/cart/add?openid=weww1&goods_id=12
INFO: [ app_init ] --START--
INFO: Run Behavior\BuildLiteBehavior [ RunTime:0.000000s ]
INFO: [ app_init ] --END-- [ RunTime:0.001000s ]
INFO: [ app_begin ] --START--
INFO: Run Behavior\ReadHtmlCacheBehavior [ RunTime:0.001000s ]
INFO: [ app_begin ] --END-- [ RunTime:0.001000s ]
NOTIC: [8] Undefined index: callback E:\xampp\htdocs\wxmall\Application\Home\Controller\CartController.class.php 第 17 行.
SQL: SHOW COLUMNS FROM `lp_cart` [ RunTime:0.0000s ]
SQL: SELECT * FROM `lp_cart` WHERE `user_openid` = 'weww1' AND `goods_id` = 12 LIMIT 1   [ RunTime:0.0312s ]
SQL: UPDATE `lp_cart` SET `goods_num`=goods_num+1 WHERE `user_openid` = 'weww1' AND `goods_id` = 12 [ RunTime:0.0460s ]
ERR: 1054:Unknown column 'weww1' in 'where clause'
 [ SQL语句 ] : SELECT SUM(goods_num) AS tp_sum FROM `lp_cart` WHERE ( user_openid=weww1 ) LIMIT 1  
ERR: 1054:Unknown column 'weww1' in 'where clause'
 [ SQL语句 ] : SELECT SUM(goods_num) AS tp_sum FROM `lp_cart` WHERE ( user_openid=weww1 ) LIMIT 1  

[ 2017-04-05T10:55:20+08:00 ] ::1 /wxmall/home/cart/add?openid=weww1&goods_id=12
INFO: [ app_init ] --START--
INFO: Run Behavior\BuildLiteBehavior [ RunTime:0.000000s ]
INFO: [ app_init ] --END-- [ RunTime:0.000000s ]
INFO: [ app_begin ] --START--
INFO: Run Behavior\ReadHtmlCacheBehavior [ RunTime:0.000000s ]
INFO: [ app_begin ] --END-- [ RunTime:0.000000s ]
NOTIC: [8] Undefined index: callback E:\xampp\htdocs\wxmall\Application\Home\Controller\CartController.class.php 第 17 行.
SQL: SHOW COLUMNS FROM `lp_cart` [ RunTime:0.0156s ]
SQL: SELECT * FROM `lp_cart` WHERE `user_openid` = 'weww1' AND `goods_id` = 12 LIMIT 1   [ RunTime:0.0156s ]
SQL: UPDATE `lp_cart` SET `goods_num`=goods_num+1 WHERE `user_openid` = 'weww1' AND `goods_id` = 12 [ RunTime:0.0624s ]
ERR: 1054:Unknown column 'weww1' in 'where clause'
 [ SQL语句 ] : SELECT SUM(goods_num) AS tp_sum FROM `lp_cart` WHERE ( user_openid=weww1 ) LIMIT 1  
ERR: 1054:Unknown column 'weww1' in 'where clause'
 [ SQL语句 ] : SELECT SUM(goods_num) AS tp_sum FROM `lp_cart` WHERE ( user_openid=weww1 ) LIMIT 1  

[ 2017-04-05T10:56:04+08:00 ] ::1 /wxmall/home/cart/add?openid=weww1&goods_id=12
INFO: [ app_init ] --START--
INFO: Run Behavior\BuildLiteBehavior [ RunTime:0.000000s ]
INFO: [ app_init ] --END-- [ RunTime:0.000000s ]
INFO: [ app_begin ] --START--
INFO: Run Behavior\ReadHtmlCacheBehavior [ RunTime:0.000000s ]
INFO: [ app_begin ] --END-- [ RunTime:0.000000s ]
NOTIC: [8] Undefined index: callback E:\xampp\htdocs\wxmall\Application\Home\Controller\CartController.class.php 第 17 行.
SQL: SHOW COLUMNS FROM `lp_cart` [ RunTime:0.0156s ]
SQL: SELECT * FROM `lp_cart` WHERE `user_openid` = 'weww1' AND `goods_id` = 12 LIMIT 1   [ RunTime:0.0266s ]
SQL: UPDATE `lp_cart` SET `goods_num`=goods_num+1 WHERE `user_openid` = 'weww1' AND `goods_id` = 12 [ RunTime:0.0260s ]
ERR: 1054:Unknown column 'weww1' in 'where clause'
 [ SQL语句 ] : SELECT SUM(goods_num) AS tp_sum FROM `lp_cart` WHERE ( user_openid=weww1 ) LIMIT 1  
ERR: 1054:Unknown column 'weww1' in 'where clause'
 [ SQL语句 ] : SELECT SUM(goods_num) AS tp_sum FROM `lp_cart` WHERE ( user_openid=weww1 ) LIMIT 1  

[ 2017-04-05T10:58:15+08:00 ] ::1 /wxmall/home/cart/add?openid=weww1&goods_id=12
INFO: [ app_init ] --START--
INFO: Run Behavior\BuildLiteBehavior [ RunTime:0.000000s ]
INFO: [ app_init ] --END-- [ RunTime:0.000000s ]
INFO: [ app_begin ] --START--
INFO: Run Behavior\ReadHtmlCacheBehavior [ RunTime:0.000000s ]
INFO: [ app_begin ] --END-- [ RunTime:0.000000s ]
NOTIC: [8] Undefined index: callback E:\xampp\htdocs\wxmall\Application\Home\Controller\CartController.class.php 第 17 行.
SQL: SHOW COLUMNS FROM `lp_cart` [ RunTime:0.0110s ]
SQL: SELECT * FROM `lp_cart` WHERE `user_openid` = 'weww1' AND `goods_id` = 12 LIMIT 1   [ RunTime:0.0156s ]
SQL: UPDATE `lp_cart` SET `goods_num`=goods_num+1 WHERE `user_openid` = 'weww1' AND `goods_id` = 12 [ RunTime:0.0156s ]
SQL: SELECT SUM(goods_num) AS tp_sum FROM `lp_cart` WHERE ( user_openid='weww1' ) LIMIT 1   [ RunTime:0.0156s ]
SQL: SHOW COLUMNS FROM `lp_cart` [ RunTime:0.0156s ]
ERR: 1054:Unknown column 'weww1' in 'where clause'
 [ SQL语句 ] : SELECT c.user_openid,c.goods_id,c.goods_num,g.goods_name,g.price,g.discount_price,g.unit FROM `lp_cart` `c`,`lp_goods` `g` WHERE ( c.goods_id=g.goods_id and c.user_openid=weww1 ) 
ERR: 1054:Unknown column 'weww1' in 'where clause'
 [ SQL语句 ] : SELECT c.user_openid,c.goods_id,c.goods_num,g.goods_name,g.price,g.discount_price,g.unit FROM `lp_cart` `c`,`lp_goods` `g` WHERE ( c.goods_id=g.goods_id and c.user_openid=weww1 ) 

[ 2017-04-05T10:59:16+08:00 ] ::1 /wxmall/home/cart/add?openid=weww1&goods_id=12
INFO: [ app_init ] --START--
INFO: Run Behavior\BuildLiteBehavior [ RunTime:0.000000s ]
INFO: [ app_init ] --END-- [ RunTime:0.000000s ]
INFO: [ app_begin ] --START--
INFO: Run Behavior\ReadHtmlCacheBehavior [ RunTime:0.000000s ]
INFO: [ app_begin ] --END-- [ RunTime:0.000000s ]
NOTIC: [8] Undefined index: callback E:\xampp\htdocs\wxmall\Application\Home\Controller\CartController.class.php 第 17 行.
SQL: SHOW COLUMNS FROM `lp_cart` [ RunTime:0.0156s ]
SQL: SELECT * FROM `lp_cart` WHERE `user_openid` = 'weww1' AND `goods_id` = 12 LIMIT 1   [ RunTime:0.0156s ]
SQL: UPDATE `lp_cart` SET `goods_num`=goods_num+1 WHERE `user_openid` = 'weww1' AND `goods_id` = 12 [ RunTime:0.0156s ]
SQL: SELECT SUM(goods_num) AS tp_sum FROM `lp_cart` WHERE ( user_openid='weww1' ) LIMIT 1   [ RunTime:0.0156s ]
SQL: SHOW COLUMNS FROM `lp_cart` [ RunTime:0.0156s ]
ERR: 1064:You have an error in your SQL syntax; check the manual that corresponds to your MySQL server version for the right syntax to use near ''weww1 )' at line 1
 [ SQL语句 ] : SELECT c.user_openid,c.goods_id,c.goods_num,g.goods_name,g.price,g.discount_price,g.unit FROM `lp_cart` `c`,`lp_goods` `g` WHERE ( c.goods_id=g.goods_id and c.user_openid='weww1 ) 
ERR: 1064:You have an error in your SQL syntax; check the manual that corresponds to your MySQL server version for the right syntax to use near ''weww1 )' at line 1
 [ SQL语句 ] : SELECT c.user_openid,c.goods_id,c.goods_num,g.goods_name,g.price,g.discount_price,g.unit FROM `lp_cart` `c`,`lp_goods` `g` WHERE ( c.goods_id=g.goods_id and c.user_openid='weww1 ) 

[ 2017-04-05T10:59:37+08:00 ] ::1 /wxmall/home/cart/add?openid=weww1&goods_id=12
INFO: [ app_init ] --START--
INFO: Run Behavior\BuildLiteBehavior [ RunTime:0.000000s ]
INFO: [ app_init ] --END-- [ RunTime:0.000000s ]
INFO: [ app_begin ] --START--
INFO: Run Behavior\ReadHtmlCacheBehavior [ RunTime:0.000000s ]
INFO: [ app_begin ] --END-- [ RunTime:0.000000s ]
NOTIC: [8] Undefined index: callback E:\xampp\htdocs\wxmall\Application\Home\Controller\CartController.class.php 第 17 行.
SQL: SHOW COLUMNS FROM `lp_cart` [ RunTime:0.0156s ]
SQL: SELECT * FROM `lp_cart` WHERE `user_openid` = 'weww1' AND `goods_id` = 12 LIMIT 1   [ RunTime:0.0156s ]
SQL: UPDATE `lp_cart` SET `goods_num`=goods_num+1 WHERE `user_openid` = 'weww1' AND `goods_id` = 12 [ RunTime:0.0468s ]
SQL: SELECT SUM(goods_num) AS tp_sum FROM `lp_cart` WHERE ( user_openid='weww1' ) LIMIT 1   [ RunTime:0.0156s ]
SQL: SHOW COLUMNS FROM `lp_cart` [ RunTime:0.0156s ]
SQL: SELECT c.user_openid,c.goods_id,c.goods_num,g.goods_name,g.price,g.discount_price,g.unit FROM `lp_cart` `c`,`lp_goods` `g` WHERE ( c.goods_id=g.goods_id and c.user_openid='weww1' )  [ RunTime:0.0000s ]
INFO: [ app_end ] --START--
INFO: Run Behavior\ShowPageTraceBehavior [ RunTime:0.015600s ]
INFO: [ app_end ] --END-- [ RunTime:0.015600s ]

[ 2017-04-05T11:02:06+08:00 ] ::1 /wxmall/home/cart/add?openid=weww1&goods_id=12
INFO: [ app_init ] --START--
INFO: Run Behavior\BuildLiteBehavior [ RunTime:0.000000s ]
INFO: [ app_init ] --END-- [ RunTime:0.000000s ]
INFO: [ app_begin ] --START--
INFO: Run Behavior\ReadHtmlCacheBehavior [ RunTime:0.000000s ]
INFO: [ app_begin ] --END-- [ RunTime:0.000000s ]
NOTIC: [8] Undefined index: callback E:\xampp\htdocs\wxmall\Application\Home\Controller\CartController.class.php 第 17 行.
SQL: SHOW COLUMNS FROM `lp_cart` [ RunTime:0.0156s ]
SQL: SELECT * FROM `lp_cart` WHERE `user_openid` = 'weww1' AND `goods_id` = 12 LIMIT 1   [ RunTime:0.0156s ]
SQL: UPDATE `lp_cart` SET `goods_num`=goods_num+1 WHERE `user_openid` = 'weww1' AND `goods_id` = 12 [ RunTime:0.0468s ]
ERR: 1054:Unknown column 'weww1' in 'where clause'
 [ SQL语句 ] : SELECT SUM(goods_num) AS tp_sum FROM `lp_cart` WHERE ( user_openid=weww1 ) LIMIT 1  
ERR: 1054:Unknown column 'weww1' in 'where clause'
 [ SQL语句 ] : SELECT SUM(goods_num) AS tp_sum FROM `lp_cart` WHERE ( user_openid=weww1 ) LIMIT 1  

[ 2017-04-05T11:02:23+08:00 ] ::1 /wxmall/home/cart/add?openid=%22weww1%22&goods_id=12
INFO: [ app_init ] --START--
INFO: Run Behavior\BuildLiteBehavior [ RunTime:0.000000s ]
INFO: [ app_init ] --END-- [ RunTime:0.000000s ]
INFO: [ app_begin ] --START--
INFO: Run Behavior\ReadHtmlCacheBehavior [ RunTime:0.001000s ]
INFO: [ app_begin ] --END-- [ RunTime:0.001000s ]
NOTIC: [8] Undefined index: callback E:\xampp\htdocs\wxmall\Application\Home\Controller\CartController.class.php 第 17 行.
SQL: SHOW COLUMNS FROM `lp_cart` [ RunTime:0.0120s ]
SQL: SELECT * FROM `lp_cart` WHERE `user_openid` = '\"weww1\"' AND `goods_id` = 12 LIMIT 1   [ RunTime:0.0120s ]
SQL: INSERT INTO `lp_cart` (`user_openid`,`goods_id`) VALUES ('\"weww1\"','12') [ RunTime:0.0558s ]
NOTIC: [8] Undefined variable: cartupdate E:\xampp\htdocs\wxmall\Application\Home\Controller\CartController.class.php 第 29 行.
SQL: SELECT SUM(goods_num) AS tp_sum FROM `lp_cart` WHERE ( user_openid="weww1" ) LIMIT 1   [ RunTime:0.0156s ]
SQL: SHOW COLUMNS FROM `lp_cart` [ RunTime:0.0156s ]
SQL: SELECT c.user_openid,c.goods_id,c.goods_num,g.goods_name,g.price,g.discount_price,g.unit FROM `lp_cart` `c`,`lp_goods` `g` WHERE ( c.goods_id=g.goods_id and c.user_openid="weww1" )  [ RunTime:0.0000s ]
INFO: [ app_end ] --START--
INFO: Run Behavior\ShowPageTraceBehavior [ RunTime:0.015600s ]
INFO: [ app_end ] --END-- [ RunTime:0.015600s ]

[ 2017-04-05T11:04:38+08:00 ] ::1 /wxmall/home/cart/add?openid=%27weww1%27&goods_id=12
INFO: [ app_init ] --START--
INFO: Run Behavior\BuildLiteBehavior [ RunTime:0.000000s ]
INFO: [ app_init ] --END-- [ RunTime:0.000000s ]
INFO: [ app_begin ] --START--
INFO: Run Behavior\ReadHtmlCacheBehavior [ RunTime:0.000000s ]
INFO: [ app_begin ] --END-- [ RunTime:0.000000s ]
NOTIC: [8] Undefined index: callback E:\xampp\htdocs\wxmall\Application\Home\Controller\CartController.class.php 第 17 行.
SQL: SHOW COLUMNS FROM `lp_cart` [ RunTime:0.0156s ]
SQL: SELECT * FROM `lp_cart` WHERE `user_openid` = '\'weww1\'' AND `goods_id` = 12 LIMIT 1   [ RunTime:0.0156s ]
SQL: INSERT INTO `lp_cart` (`user_openid`,`goods_id`) VALUES ('\'weww1\'','12') [ RunTime:0.0156s ]
NOTIC: [8] Undefined variable: cartupdate E:\xampp\htdocs\wxmall\Application\Home\Controller\CartController.class.php 第 29 行.
SQL: SELECT SUM(goods_num) AS tp_sum FROM `lp_cart` WHERE ( user_openid='weww1' ) LIMIT 1   [ RunTime:0.0286s ]
SQL: SHOW COLUMNS FROM `lp_cart` [ RunTime:0.0050s ]
SQL: SELECT c.user_openid,c.goods_id,c.goods_num,g.goods_name,g.price,g.discount_price,g.unit FROM `lp_cart` `c`,`lp_goods` `g` WHERE ( c.goods_id=g.goods_id and c.user_openid='weww1' )  [ RunTime:0.0156s ]
INFO: [ app_end ] --START--
INFO: Run Behavior\ShowPageTraceBehavior [ RunTime:0.000000s ]
INFO: [ app_end ] --END-- [ RunTime:0.000000s ]

[ 2017-04-05T11:07:57+08:00 ] ::1 /wxmall/home/cart/add?openid=weww1&goods_id=12
INFO: [ app_init ] --START--
INFO: Run Behavior\BuildLiteBehavior [ RunTime:0.000000s ]
INFO: [ app_init ] --END-- [ RunTime:0.000000s ]
INFO: [ app_begin ] --START--
INFO: Run Behavior\ReadHtmlCacheBehavior [ RunTime:0.000000s ]
INFO: [ app_begin ] --END-- [ RunTime:0.000000s ]
NOTIC: [8] Undefined index: callback E:\xampp\htdocs\wxmall\Application\Home\Controller\CartController.class.php 第 17 行.
SQL: SHOW COLUMNS FROM `lp_cart` [ RunTime:0.0156s ]
SQL: SELECT * FROM `lp_cart` WHERE `user_openid` = 'weww1' AND `goods_id` = 12 LIMIT 1   [ RunTime:0.0000s ]
SQL: UPDATE `lp_cart` SET `goods_num`=goods_num+1 WHERE `user_openid` = 'weww1' AND `goods_id` = 12 [ RunTime:0.0312s ]
SQL: SELECT SUM(goods_num) AS tp_sum FROM `lp_cart` WHERE ( user_openid='weww1' ) LIMIT 1   [ RunTime:0.0156s ]
SQL: SHOW COLUMNS FROM `lp_cart` [ RunTime:0.0156s ]
SQL: SELECT c.user_openid,c.goods_id,c.goods_num,g.goods_name,g.price,g.discount_price,g.unit FROM `lp_cart` `c`,`lp_goods` `g` WHERE ( c.goods_id=g.goods_id and c.user_openid='weww1' )  [ RunTime:0.0176s ]
INFO: [ app_end ] --START--
INFO: Run Behavior\ShowPageTraceBehavior [ RunTime:0.000000s ]
INFO: [ app_end ] --END-- [ RunTime:0.000000s ]

[ 2017-04-05T11:32:45+08:00 ] ::1 /wxmall/home/goodslist/goodslist?openid=weww1
INFO: [ app_init ] --START--
INFO: Run Behavior\BuildLiteBehavior [ RunTime:0.000000s ]
INFO: [ app_init ] --END-- [ RunTime:0.001000s ]
INFO: [ app_begin ] --START--
INFO: Run Behavior\ReadHtmlCacheBehavior [ RunTime:0.001000s ]
INFO: [ app_begin ] --END-- [ RunTime:0.001000s ]
NOTIC: [8] Undefined index: callback E:\xampp\htdocs\wxmall\Application\Home\Controller\GoodslistController.class.php 第 52 行.
NOTIC: [8] Undefined index: cate_id E:\xampp\htdocs\wxmall\Application\Home\Controller\GoodslistController.class.php 第 53 行.
SQL: SHOW COLUMNS FROM `lp_category` [ RunTime:0.0312s ]
SQL: SHOW COLUMNS FROM `lp_goods` [ RunTime:0.0156s ]
SQL: SHOW COLUMNS FROM `lp_cart` [ RunTime:0.0156s ]
NOTIC: [8] Use of undefined constant asc - assumed 'asc' E:\xampp\htdocs\wxmall\Application\Home\Controller\GoodslistController.class.php 第 58 行.
ERR: 1064:You have an error in your SQL syntax; check the manual that corresponds to your MySQL server version for the right syntax to use near ') ORDER BY sort_order' at line 1
 [ SQL语句 ] : SELECT `cate_id`,`cate_name` FROM `lp_category` WHERE ( parent_id= ) ORDER BY sort_order 
ERR: 1064:You have an error in your SQL syntax; check the manual that corresponds to your MySQL server version for the right syntax to use near ') ORDER BY sort_order' at line 1
 [ SQL语句 ] : SELECT `cate_id`,`cate_name` FROM `lp_category` WHERE ( parent_id= ) ORDER BY sort_order 

[ 2017-04-05T11:33:10+08:00 ] ::1 /wxmall/home/goodslist/todayrecommend?openid=weww1
INFO: [ app_init ] --START--
INFO: Run Behavior\BuildLiteBehavior [ RunTime:0.000000s ]
INFO: [ app_init ] --END-- [ RunTime:0.000000s ]
INFO: [ app_begin ] --START--
INFO: Run Behavior\ReadHtmlCacheBehavior [ RunTime:0.001001s ]
INFO: [ app_begin ] --END-- [ RunTime:0.001001s ]
NOTIC: [8] Undefined index: callback E:\xampp\htdocs\wxmall\Application\Home\Controller\GoodslistController.class.php 第 17 行.
SQL: SHOW COLUMNS FROM `lp_goods` [ RunTime:0.0156s ]
SQL: SHOW COLUMNS FROM `lp_cart` [ RunTime:0.0156s ]
SQL: SELECT * FROM `lp_goods` WHERE `if_show` = 1 AND `tag` = 1 ORDER BY goods_id desc  [ RunTime:0.0156s ]
SQL: SELECT `goods_num` FROM `lp_cart` WHERE `user_openid` = 'weww1' AND `goods_id` = 12 LIMIT 1   [ RunTime:0.0156s ]
SQL: SELECT `goods_num` FROM `lp_cart` WHERE `user_openid` = 'weww1' AND `goods_id` = 10 LIMIT 1   [ RunTime:0.0156s ]
SQL: SELECT `goods_num` FROM `lp_cart` WHERE `user_openid` = 'weww1' AND `goods_id` = 9 LIMIT 1   [ RunTime:0.0156s ]
SQL: SELECT `goods_num` FROM `lp_cart` WHERE `user_openid` = 'weww1' AND `goods_id` = 7 LIMIT 1   [ RunTime:0.0000s ]
SQL: SELECT `goods_num` FROM `lp_cart` WHERE `user_openid` = 'weww1' AND `goods_id` = 6 LIMIT 1   [ RunTime:0.0000s ]
SQL: SELECT `goods_num` FROM `lp_cart` WHERE `user_openid` = 'weww1' AND `goods_id` = 5 LIMIT 1   [ RunTime:0.0156s ]
SQL: SELECT `goods_num` FROM `lp_cart` WHERE `user_openid` = 'weww1' AND `goods_id` = 4 LIMIT 1   [ RunTime:0.0156s ]
INFO: [ app_end ] --START--
INFO: Run Behavior\ShowPageTraceBehavior [ RunTime:0.000000s ]
INFO: [ app_end ] --END-- [ RunTime:0.000000s ]

